mode: atomic
github.com/tidepool-org/platform/log/context.go:9.79,11.2 1 10
github.com/tidepool-org/platform/log/context.go:13.52,14.16 1 20
github.com/tidepool-org/platform/log/context.go:14.16,15.61 1 15
github.com/tidepool-org/platform/log/context.go:15.61,17.4 1 10
github.com/tidepool-org/platform/log/context.go:19.2,19.12 1 10
github.com/tidepool-org/platform/log/context.go:22.91,25.2 2 3
github.com/tidepool-org/platform/log/context.go:27.110,28.53 1 6
github.com/tidepool-org/platform/log/context.go:28.53,31.3 2 2
github.com/tidepool-org/platform/log/context.go:32.2,32.17 1 4
github.com/tidepool-org/platform/log/context.go:35.76,38.2 2 3
github.com/tidepool-org/platform/log/context.go:40.95,41.53 1 6
github.com/tidepool-org/platform/log/context.go:41.53,44.3 2 2
github.com/tidepool-org/platform/log/context.go:45.2,45.17 1 4
github.com/tidepool-org/platform/log/default.go:10.37,17.2 1 49
github.com/tidepool-org/platform/log/default.go:19.27,21.2 1 33
github.com/tidepool-org/platform/log/logger.go:13.91,14.23 1 49
github.com/tidepool-org/platform/log/logger.go:14.23,16.3 1 1
github.com/tidepool-org/platform/log/logger.go:17.2,17.23 1 48
github.com/tidepool-org/platform/log/logger.go:17.23,19.3 1 1
github.com/tidepool-org/platform/log/logger.go:21.2,24.12 3 47
github.com/tidepool-org/platform/log/logger.go:24.12,26.3 1 1
github.com/tidepool-org/platform/log/logger.go:28.2,34.8 1 46
github.com/tidepool-org/platform/log/logger.go:45.51,47.2 1 7
github.com/tidepool-org/platform/log/logger.go:49.40,51.2 1 5
github.com/tidepool-org/platform/log/logger.go:53.39,55.2 1 1
github.com/tidepool-org/platform/log/logger.go:57.39,59.2 1 11
github.com/tidepool-org/platform/log/logger.go:61.40,63.2 1 1
github.com/tidepool-org/platform/log/logger.go:65.62,67.2 1 1
github.com/tidepool-org/platform/log/logger.go:69.61,71.2 1 1
github.com/tidepool-org/platform/log/logger.go:73.61,75.2 1 1
github.com/tidepool-org/platform/log/logger.go:77.62,79.2 1 1
github.com/tidepool-org/platform/log/logger.go:81.46,83.16 2 4
github.com/tidepool-org/platform/log/logger.go:83.16,85.3 1 2
github.com/tidepool-org/platform/log/logger.go:86.2,86.36 1 4
github.com/tidepool-org/platform/log/logger.go:89.66,91.2 1 14
github.com/tidepool-org/platform/log/logger.go:93.51,101.2 1 22
github.com/tidepool-org/platform/log/logger.go:103.63,105.2 1 2
github.com/tidepool-org/platform/log/logger.go:107.63,115.2 1 3
github.com/tidepool-org/platform/log/logger.go:117.48,119.9 2 27
github.com/tidepool-org/platform/log/logger.go:119.9,122.3 2 1
github.com/tidepool-org/platform/log/logger.go:124.2,130.3 1 27
github.com/tidepool-org/platform/log/logger.go:133.32,135.2 1 4
github.com/tidepool-org/platform/log/logger.go:137.51,139.12 2 29
github.com/tidepool-org/platform/log/logger.go:139.12,141.3 1 1
github.com/tidepool-org/platform/log/logger.go:143.2,143.19 1 28
github.com/tidepool-org/platform/log/logger.go:143.19,145.3 1 4
github.com/tidepool-org/platform/log/logger.go:147.2,153.19 2 24
github.com/tidepool-org/platform/log/logger.go:153.19,155.3 1 23
github.com/tidepool-org/platform/log/logger.go:157.2,157.77 1 24
github.com/tidepool-org/platform/log/logger.go:157.77,159.3 1 1
github.com/tidepool-org/platform/log/logger.go:162.58,164.35 2 49
github.com/tidepool-org/platform/log/logger.go:164.35,165.34 1 52
github.com/tidepool-org/platform/log/logger.go:165.34,167.4 1 200
github.com/tidepool-org/platform/log/logger.go:169.2,169.15 1 49
github.com/tidepool-org/platform/log/logger.go:172.42,174.31 2 46
github.com/tidepool-org/platform/log/logger.go:174.31,175.33 1 92
github.com/tidepool-org/platform/log/logger.go:175.33,176.17 1 127
github.com/tidepool-org/platform/log/logger.go:176.17,177.21 1 125
github.com/tidepool-org/platform/log/logger.go:177.21,179.6 1 119
github.com/tidepool-org/platform/log/logger.go:179.11,181.6 1 6
github.com/tidepool-org/platform/log/logger.go:185.2,185.15 1 46
