mode: atomic
github.com/tidepool-org/platform/user/errors.go:8.55,10.2 1 23
github.com/tidepool-org/platform/user/user.go:18.23,22.2 1 23
github.com/tidepool-org/platform/user/user.go:36.53,44.2 7 12
github.com/tidepool-org/platform/user/user.go:46.56,51.2 4 18
github.com/tidepool-org/platform/user/user.go:53.42,54.20 1 4
github.com/tidepool-org/platform/user/user.go:54.20,55.30 1 3
github.com/tidepool-org/platform/user/user.go:55.30,56.17 1 2
github.com/tidepool-org/platform/user/user.go:56.17,58.5 1 1
github.com/tidepool-org/platform/user/user.go:61.2,61.14 1 3
github.com/tidepool-org/platform/user/user.go:64.33,65.42 1 0
github.com/tidepool-org/platform/user/user.go:65.42,67.3 1 0
github.com/tidepool-org/platform/user/user.go:68.2,68.14 1 0
github.com/tidepool-org/platform/user/user.go:71.56,72.79 1 6
github.com/tidepool-org/platform/user/user.go:72.79,77.3 4 2
github.com/tidepool-org/platform/user/user.go:78.2,78.12 1 6
github.com/tidepool-org/platform/user/user.go:83.60,84.26 1 3
github.com/tidepool-org/platform/user/user.go:84.26,85.49 1 2
github.com/tidepool-org/platform/user/user.go:85.49,87.4 1 0
github.com/tidepool-org/platform/user/user.go:89.2,89.12 1 3
github.com/tidepool-org/platform/user/user.go:92.21,94.2 1 49
github.com/tidepool-org/platform/user/user.go:96.35,98.2 1 7
github.com/tidepool-org/platform/user/user.go:100.71,102.2 1 23
github.com/tidepool-org/platform/user/user.go:104.37,105.17 1 37
github.com/tidepool-org/platform/user/user.go:105.17,107.3 1 4
github.com/tidepool-org/platform/user/user.go:107.8,107.45 1 33
github.com/tidepool-org/platform/user/user.go:107.45,109.3 1 16
github.com/tidepool-org/platform/user/user.go:110.2,110.12 1 17
