mode: atomic
github.com/tidepool-org/platform/auth/client/client.go:22.26,27.2 1 23
github.com/tidepool-org/platform/auth/client/client.go:29.61,30.54 1 0
github.com/tidepool-org/platform/auth/client/client.go:30.54,32.3 1 0
github.com/tidepool-org/platform/auth/client/client.go:33.2,33.69 1 0
github.com/tidepool-org/platform/auth/client/client.go:36.35,37.44 1 20
github.com/tidepool-org/platform/auth/client/client.go:37.44,39.3 1 1
github.com/tidepool-org/platform/auth/client/client.go:40.2,40.36 1 19
github.com/tidepool-org/platform/auth/client/client.go:48.109,49.16 1 23
github.com/tidepool-org/platform/auth/client/client.go:49.16,51.3 1 1
github.com/tidepool-org/platform/auth/client/client.go:52.2,52.16 1 22
github.com/tidepool-org/platform/auth/client/client.go:52.16,54.3 1 1
github.com/tidepool-org/platform/auth/client/client.go:55.2,55.16 1 21
github.com/tidepool-org/platform/auth/client/client.go:55.16,57.3 1 1
github.com/tidepool-org/platform/auth/client/client.go:59.2,59.39 1 20
github.com/tidepool-org/platform/auth/client/client.go:59.39,61.3 1 2
github.com/tidepool-org/platform/auth/client/client.go:63.2,64.16 2 18
github.com/tidepool-org/platform/auth/client/client.go:64.16,66.3 1 0
github.com/tidepool-org/platform/auth/client/client.go:68.2,69.16 2 18
github.com/tidepool-org/platform/auth/client/client.go:69.16,71.3 1 0
github.com/tidepool-org/platform/auth/client/client.go:73.2,76.8 1 18
github.com/tidepool-org/platform/auth/client/client.go:79.175,80.16 1 0
github.com/tidepool-org/platform/auth/client/client.go:80.16,82.3 1 0
github.com/tidepool-org/platform/auth/client/client.go:83.2,83.18 1 0
github.com/tidepool-org/platform/auth/client/client.go:83.18,85.3 1 0
github.com/tidepool-org/platform/auth/client/client.go:86.2,86.19 1 0
github.com/tidepool-org/platform/auth/client/client.go:86.19,88.3 1 0
github.com/tidepool-org/platform/auth/client/client.go:88.8,88.73 1 0
github.com/tidepool-org/platform/auth/client/client.go:88.73,90.3 1 0
github.com/tidepool-org/platform/auth/client/client.go:91.2,91.23 1 0
github.com/tidepool-org/platform/auth/client/client.go:91.23,93.3 1 0
github.com/tidepool-org/platform/auth/client/client.go:93.8,93.77 1 0
github.com/tidepool-org/platform/auth/client/client.go:93.77,95.3 1 0
github.com/tidepool-org/platform/auth/client/client.go:97.2,99.141 3 0
github.com/tidepool-org/platform/auth/client/client.go:99.141,101.3 1 0
github.com/tidepool-org/platform/auth/client/client.go:103.2,103.30 1 0
github.com/tidepool-org/platform/auth/client/client.go:106.147,107.16 1 0
github.com/tidepool-org/platform/auth/client/client.go:107.16,109.3 1 0
github.com/tidepool-org/platform/auth/client/client.go:110.2,110.18 1 0
github.com/tidepool-org/platform/auth/client/client.go:110.18,112.3 1 0
github.com/tidepool-org/platform/auth/client/client.go:113.2,113.19 1 0
github.com/tidepool-org/platform/auth/client/client.go:113.19,115.3 1 0
github.com/tidepool-org/platform/auth/client/client.go:115.8,115.73 1 0
github.com/tidepool-org/platform/auth/client/client.go:115.73,117.3 1 0
github.com/tidepool-org/platform/auth/client/client.go:119.2,121.102 3 0
github.com/tidepool-org/platform/auth/client/client.go:121.102,123.3 1 0
github.com/tidepool-org/platform/auth/client/client.go:125.2,125.29 1 0
github.com/tidepool-org/platform/auth/client/client.go:128.86,129.16 1 0
github.com/tidepool-org/platform/auth/client/client.go:129.16,131.3 1 0
github.com/tidepool-org/platform/auth/client/client.go:132.2,132.18 1 0
github.com/tidepool-org/platform/auth/client/client.go:132.18,134.3 1 0
github.com/tidepool-org/platform/auth/client/client.go:136.2,137.73 2 0
github.com/tidepool-org/platform/auth/client/client.go:140.100,141.16 1 0
github.com/tidepool-org/platform/auth/client/client.go:141.16,143.3 1 0
github.com/tidepool-org/platform/auth/client/client.go:144.2,144.14 1 0
github.com/tidepool-org/platform/auth/client/client.go:144.14,146.3 1 0
github.com/tidepool-org/platform/auth/client/client.go:148.2,150.98 3 0
github.com/tidepool-org/platform/auth/client/client.go:150.98,151.43 1 0
github.com/tidepool-org/platform/auth/client/client.go:151.43,153.4 1 0
github.com/tidepool-org/platform/auth/client/client.go:154.3,154.18 1 0
github.com/tidepool-org/platform/auth/client/client.go:157.2,157.29 1 0
github.com/tidepool-org/platform/auth/client/client.go:160.139,161.16 1 0
github.com/tidepool-org/platform/auth/client/client.go:161.16,163.3 1 0
github.com/tidepool-org/platform/auth/client/client.go:164.2,164.14 1 0
github.com/tidepool-org/platform/auth/client/client.go:164.14,166.3 1 0
github.com/tidepool-org/platform/auth/client/client.go:167.2,167.19 1 0
github.com/tidepool-org/platform/auth/client/client.go:167.19,169.3 1 0
github.com/tidepool-org/platform/auth/client/client.go:169.8,169.73 1 0
github.com/tidepool-org/platform/auth/client/client.go:169.73,171.3 1 0
github.com/tidepool-org/platform/auth/client/client.go:173.2,175.101 3 0
github.com/tidepool-org/platform/auth/client/client.go:175.101,176.43 1 0
github.com/tidepool-org/platform/auth/client/client.go:176.43,178.4 1 0
github.com/tidepool-org/platform/auth/client/client.go:179.3,179.18 1 0
github.com/tidepool-org/platform/auth/client/client.go:182.2,182.29 1 0
github.com/tidepool-org/platform/auth/client/client.go:185.78,186.16 1 0
github.com/tidepool-org/platform/auth/client/client.go:186.16,188.3 1 0
github.com/tidepool-org/platform/auth/client/client.go:189.2,189.14 1 0
github.com/tidepool-org/platform/auth/client/client.go:189.14,191.3 1 0
github.com/tidepool-org/platform/auth/client/client.go:193.2,194.73 2 0
github.com/tidepool-org/platform/auth/client/client.go:197.175,198.16 1 0
github.com/tidepool-org/platform/auth/client/client.go:198.16,200.3 1 0
github.com/tidepool-org/platform/auth/client/client.go:201.2,201.18 1 0
github.com/tidepool-org/platform/auth/client/client.go:201.18,203.3 1 0
github.com/tidepool-org/platform/auth/client/client.go:204.2,204.19 1 0
github.com/tidepool-org/platform/auth/client/client.go:204.19,206.3 1 0
github.com/tidepool-org/platform/auth/client/client.go:206.8,206.73 1 0
github.com/tidepool-org/platform/auth/client/client.go:206.73,208.3 1 0
github.com/tidepool-org/platform/auth/client/client.go:209.2,209.23 1 0
github.com/tidepool-org/platform/auth/client/client.go:209.23,211.3 1 0
github.com/tidepool-org/platform/auth/client/client.go:211.8,211.77 1 0
github.com/tidepool-org/platform/auth/client/client.go:211.77,213.3 1 0
github.com/tidepool-org/platform/auth/client/client.go:215.2,217.141 3 0
github.com/tidepool-org/platform/auth/client/client.go:217.141,219.3 1 0
github.com/tidepool-org/platform/auth/client/client.go:221.2,221.30 1 0
github.com/tidepool-org/platform/auth/client/client.go:224.86,225.16 1 0
github.com/tidepool-org/platform/auth/client/client.go:225.16,227.3 1 0
github.com/tidepool-org/platform/auth/client/client.go:228.2,228.18 1 0
github.com/tidepool-org/platform/auth/client/client.go:228.18,230.3 1 0
github.com/tidepool-org/platform/auth/client/client.go:232.2,233.73 2 0
github.com/tidepool-org/platform/auth/client/client.go:236.147,237.16 1 0
github.com/tidepool-org/platform/auth/client/client.go:237.16,239.3 1 0
github.com/tidepool-org/platform/auth/client/client.go:240.2,240.18 1 0
github.com/tidepool-org/platform/auth/client/client.go:240.18,242.3 1 0
github.com/tidepool-org/platform/auth/client/client.go:243.2,243.19 1 0
github.com/tidepool-org/platform/auth/client/client.go:243.19,245.3 1 0
github.com/tidepool-org/platform/auth/client/client.go:245.8,245.73 1 0
github.com/tidepool-org/platform/auth/client/client.go:245.73,247.3 1 0
github.com/tidepool-org/platform/auth/client/client.go:249.2,251.102 3 0
github.com/tidepool-org/platform/auth/client/client.go:251.102,253.3 1 0
github.com/tidepool-org/platform/auth/client/client.go:255.2,255.29 1 0
github.com/tidepool-org/platform/auth/client/client.go:258.100,259.16 1 0
github.com/tidepool-org/platform/auth/client/client.go:259.16,261.3 1 0
github.com/tidepool-org/platform/auth/client/client.go:262.2,262.14 1 0
github.com/tidepool-org/platform/auth/client/client.go:262.14,264.3 1 0
github.com/tidepool-org/platform/auth/client/client.go:266.2,268.98 3 0
github.com/tidepool-org/platform/auth/client/client.go:268.98,269.43 1 0
github.com/tidepool-org/platform/auth/client/client.go:269.43,271.4 1 0
github.com/tidepool-org/platform/auth/client/client.go:272.3,272.18 1 0
github.com/tidepool-org/platform/auth/client/client.go:275.2,275.29 1 0
github.com/tidepool-org/platform/auth/client/client.go:278.139,279.16 1 0
github.com/tidepool-org/platform/auth/client/client.go:279.16,281.3 1 0
github.com/tidepool-org/platform/auth/client/client.go:282.2,282.14 1 0
github.com/tidepool-org/platform/auth/client/client.go:282.14,284.3 1 0
github.com/tidepool-org/platform/auth/client/client.go:285.2,285.19 1 0
github.com/tidepool-org/platform/auth/client/client.go:285.19,287.3 1 0
github.com/tidepool-org/platform/auth/client/client.go:287.8,287.73 1 0
github.com/tidepool-org/platform/auth/client/client.go:287.73,289.3 1 0
github.com/tidepool-org/platform/auth/client/client.go:291.2,293.101 3 0
github.com/tidepool-org/platform/auth/client/client.go:293.101,294.43 1 0
github.com/tidepool-org/platform/auth/client/client.go:294.43,296.4 1 0
github.com/tidepool-org/platform/auth/client/client.go:297.3,297.18 1 0
github.com/tidepool-org/platform/auth/client/client.go:300.2,300.29 1 0
github.com/tidepool-org/platform/auth/client/client.go:303.78,304.16 1 0
github.com/tidepool-org/platform/auth/client/client.go:304.16,306.3 1 0
github.com/tidepool-org/platform/auth/client/client.go:307.2,307.14 1 0
github.com/tidepool-org/platform/auth/client/client.go:307.14,309.3 1 0
github.com/tidepool-org/platform/auth/client/client.go:311.2,312.73 2 0
github.com/tidepool-org/platform/auth/client/external.go:29.162,32.84 3 0
github.com/tidepool-org/platform/auth/client/external.go:32.84,34.3 1 0
github.com/tidepool-org/platform/auth/client/external.go:35.2,36.16 2 0
github.com/tidepool-org/platform/auth/client/external.go:36.16,38.3 1 0
github.com/tidepool-org/platform/auth/client/external.go:40.2,41.44 1 0
github.com/tidepool-org/platform/auth/client/external.go:41.44,43.4 1 0
github.com/tidepool-org/platform/auth/client/external.go:44.43,47.4 2 0
github.com/tidepool-org/platform/auth/client/external.go:50.2,50.22 1 0
github.com/tidepool-org/platform/auth/client/external.go:53.48,55.2 1 0
github.com/tidepool-org/platform/auth/client/external.go:65.42,70.2 1 53
github.com/tidepool-org/platform/auth/client/external.go:72.69,73.54 1 0
github.com/tidepool-org/platform/auth/client/external.go:73.54,75.3 1 0
github.com/tidepool-org/platform/auth/client/external.go:77.2,78.108 2 0
github.com/tidepool-org/platform/auth/client/external.go:78.108,81.17 3 0
github.com/tidepool-org/platform/auth/client/external.go:81.17,83.4 1 0
github.com/tidepool-org/platform/auth/client/external.go:84.3,84.94 1 0
github.com/tidepool-org/platform/auth/client/external.go:87.2,87.12 1 0
github.com/tidepool-org/platform/auth/client/external.go:90.43,91.44 1 64
github.com/tidepool-org/platform/auth/client/external.go:91.44,93.3 1 0
github.com/tidepool-org/platform/auth/client/external.go:95.2,95.38 1 64
github.com/tidepool-org/platform/auth/client/external.go:95.38,97.3 1 1
github.com/tidepool-org/platform/auth/client/external.go:98.2,98.38 1 63
github.com/tidepool-org/platform/auth/client/external.go:98.38,100.3 1 0
github.com/tidepool-org/platform/auth/client/external.go:102.2,102.12 1 63
github.com/tidepool-org/platform/auth/client/external.go:116.121,117.16 1 48
github.com/tidepool-org/platform/auth/client/external.go:117.16,119.3 1 1
github.com/tidepool-org/platform/auth/client/external.go:120.2,120.16 1 47
github.com/tidepool-org/platform/auth/client/external.go:120.16,122.3 1 1
github.com/tidepool-org/platform/auth/client/external.go:123.2,123.16 1 46
github.com/tidepool-org/platform/auth/client/external.go:123.16,125.3 1 1
github.com/tidepool-org/platform/auth/client/external.go:127.2,127.39 1 45
github.com/tidepool-org/platform/auth/client/external.go:127.39,129.3 1 0
github.com/tidepool-org/platform/auth/client/external.go:131.2,132.16 2 45
github.com/tidepool-org/platform/auth/client/external.go:132.16,134.3 1 1
github.com/tidepool-org/platform/auth/client/external.go:136.2,142.8 1 44
github.com/tidepool-org/platform/auth/client/external.go:145.34,146.29 1 17
github.com/tidepool-org/platform/auth/client/external.go:146.29,152.13 4 17
github.com/tidepool-org/platform/auth/client/external.go:152.13,153.8 1 17
github.com/tidepool-org/platform/auth/client/external.go:153.8,155.12 2 23
github.com/tidepool-org/platform/auth/client/external.go:156.44,159.12 3 17
github.com/tidepool-org/platform/auth/client/external.go:160.18,161.88 1 6
github.com/tidepool-org/platform/auth/client/external.go:167.2,167.12 1 17
github.com/tidepool-org/platform/auth/client/external.go:170.28,171.29 1 19
github.com/tidepool-org/platform/auth/client/external.go:171.29,179.3 6 17
github.com/tidepool-org/platform/auth/client/external.go:182.57,183.29 1 2
github.com/tidepool-org/platform/auth/client/external.go:183.29,185.3 1 1
github.com/tidepool-org/platform/auth/client/external.go:187.2,188.30 2 1
github.com/tidepool-org/platform/auth/client/external.go:188.30,190.3 1 0
github.com/tidepool-org/platform/auth/client/external.go:192.2,192.32 1 1
github.com/tidepool-org/platform/auth/client/external.go:195.101,196.16 1 9
github.com/tidepool-org/platform/auth/client/external.go:196.16,198.3 1 1
github.com/tidepool-org/platform/auth/client/external.go:199.2,199.17 1 8
github.com/tidepool-org/platform/auth/client/external.go:199.17,201.3 1 1
github.com/tidepool-org/platform/auth/client/external.go:203.2,207.123 2 7
github.com/tidepool-org/platform/auth/client/external.go:207.123,209.3 1 4
github.com/tidepool-org/platform/auth/client/external.go:211.2,211.21 1 3
github.com/tidepool-org/platform/auth/client/external.go:211.21,213.3 1 1
github.com/tidepool-org/platform/auth/client/external.go:213.8,213.32 1 2
github.com/tidepool-org/platform/auth/client/external.go:213.32,215.3 1 1
github.com/tidepool-org/platform/auth/client/external.go:217.2,217.82 1 2
github.com/tidepool-org/platform/auth/client/external.go:220.64,221.16 1 4
github.com/tidepool-org/platform/auth/client/external.go:221.16,223.3 1 1
github.com/tidepool-org/platform/auth/client/external.go:225.2,225.64 1 3
github.com/tidepool-org/platform/auth/client/external.go:225.64,227.3 1 2
github.com/tidepool-org/platform/auth/client/external.go:229.2,229.36 1 1
github.com/tidepool-org/platform/auth/client/external.go:232.71,233.16 1 4
github.com/tidepool-org/platform/auth/client/external.go:233.16,235.3 1 1
github.com/tidepool-org/platform/auth/client/external.go:237.2,237.64 1 3
github.com/tidepool-org/platform/auth/client/external.go:237.64,238.26 1 2
github.com/tidepool-org/platform/auth/client/external.go:238.26,240.4 1 1
github.com/tidepool-org/platform/auth/client/external.go:243.2,243.36 1 2
github.com/tidepool-org/platform/auth/client/external.go:246.128,247.16 1 17
github.com/tidepool-org/platform/auth/client/external.go:247.16,249.3 1 1
github.com/tidepool-org/platform/auth/client/external.go:250.2,250.24 1 16
github.com/tidepool-org/platform/auth/client/external.go:250.24,252.3 1 1
github.com/tidepool-org/platform/auth/client/external.go:253.2,253.32 1 15
github.com/tidepool-org/platform/auth/client/external.go:253.32,255.3 1 1
github.com/tidepool-org/platform/auth/client/external.go:257.2,257.64 1 14
github.com/tidepool-org/platform/auth/client/external.go:257.64,258.26 1 13
github.com/tidepool-org/platform/auth/client/external.go:258.26,260.4 1 4
github.com/tidepool-org/platform/auth/client/external.go:262.3,263.42 2 9
github.com/tidepool-org/platform/auth/client/external.go:263.42,264.52 1 4
github.com/tidepool-org/platform/auth/client/external.go:264.52,266.5 1 3
github.com/tidepool-org/platform/auth/client/external.go:267.9,270.88 3 5
github.com/tidepool-org/platform/auth/client/external.go:270.88,271.46 1 2
github.com/tidepool-org/platform/auth/client/external.go:271.46,273.6 1 1
github.com/tidepool-org/platform/auth/client/external.go:274.10,276.55 2 3
github.com/tidepool-org/platform/auth/client/external.go:276.55,278.6 1 1
github.com/tidepool-org/platform/auth/client/external.go:283.2,283.40 1 5
github.com/tidepool-org/platform/auth/client/external.go:286.101,287.54 1 23
github.com/tidepool-org/platform/auth/client/external.go:287.54,288.97 1 5
github.com/tidepool-org/platform/auth/client/external.go:288.97,290.4 1 4
github.com/tidepool-org/platform/auth/client/external.go:290.9,292.74 2 1
github.com/tidepool-org/platform/auth/client/external.go:292.74,294.5 1 0
github.com/tidepool-org/platform/auth/client/external.go:296.3,296.138 1 5
github.com/tidepool-org/platform/auth/client/external.go:297.8,299.3 1 18
github.com/tidepool-org/platform/auth/client/external.go:301.2,301.34 1 23
github.com/tidepool-org/platform/auth/client/external.go:304.54,310.16 5 23
github.com/tidepool-org/platform/auth/client/external.go:310.16,312.3 1 0
github.com/tidepool-org/platform/auth/client/external.go:314.2,318.16 4 23
github.com/tidepool-org/platform/auth/client/external.go:318.16,320.3 1 1
github.com/tidepool-org/platform/auth/client/external.go:321.2,321.26 1 22
github.com/tidepool-org/platform/auth/client/external.go:321.26,323.3 1 22
github.com/tidepool-org/platform/auth/client/external.go:325.2,325.42 1 22
github.com/tidepool-org/platform/auth/client/external.go:325.42,327.3 1 3
github.com/tidepool-org/platform/auth/client/external.go:329.2,330.36 2 19
github.com/tidepool-org/platform/auth/client/external.go:330.36,332.3 1 1
github.com/tidepool-org/platform/auth/client/external.go:334.2,336.12 2 18
github.com/tidepool-org/platform/auth/client/external.go:339.69,344.2 3 18
github.com/tidepool-org/platform/auth/client/external.go:346.48,351.2 3 1
