mode: atomic
github.com/tidepool-org/platform/structure/parser/array_parser.go:18.44,20.2 1 1
github.com/tidepool-org/platform/structure/parser/array_parser.go:22.76,24.18 2 113
github.com/tidepool-org/platform/structure/parser/array_parser.go:24.18,26.3 1 69
github.com/tidepool-org/platform/structure/parser/array_parser.go:28.2,32.3 1 113
github.com/tidepool-org/platform/structure/parser/array_parser.go:35.43,37.2 1 4
github.com/tidepool-org/platform/structure/parser/array_parser.go:39.34,41.2 1 2
github.com/tidepool-org/platform/structure/parser/array_parser.go:43.43,45.2 1 1
github.com/tidepool-org/platform/structure/parser/array_parser.go:47.32,49.2 1 2
github.com/tidepool-org/platform/structure/parser/array_parser.go:51.36,53.2 1 2
github.com/tidepool-org/platform/structure/parser/array_parser.go:55.33,57.2 1 2
github.com/tidepool-org/platform/structure/parser/array_parser.go:59.31,61.2 1 9
github.com/tidepool-org/platform/structure/parser/array_parser.go:63.40,65.2 1 1
github.com/tidepool-org/platform/structure/parser/array_parser.go:67.31,69.2 1 11
github.com/tidepool-org/platform/structure/parser/array_parser.go:71.68,74.2 2 2
github.com/tidepool-org/platform/structure/parser/array_parser.go:76.36,77.20 1 16
github.com/tidepool-org/platform/structure/parser/array_parser.go:77.20,79.3 1 1
github.com/tidepool-org/platform/structure/parser/array_parser.go:81.2,82.34 2 15
github.com/tidepool-org/platform/structure/parser/array_parser.go:82.34,84.3 1 37
github.com/tidepool-org/platform/structure/parser/array_parser.go:86.2,86.19 1 15
github.com/tidepool-org/platform/structure/parser/array_parser.go:89.53,90.20 1 3
github.com/tidepool-org/platform/structure/parser/array_parser.go:90.20,92.3 1 1
github.com/tidepool-org/platform/structure/parser/array_parser.go:94.2,94.52 1 2
github.com/tidepool-org/platform/structure/parser/array_parser.go:97.43,99.9 2 5
github.com/tidepool-org/platform/structure/parser/array_parser.go:99.9,101.3 1 3
github.com/tidepool-org/platform/structure/parser/array_parser.go:103.2,104.9 2 2
github.com/tidepool-org/platform/structure/parser/array_parser.go:104.9,107.3 2 1
github.com/tidepool-org/platform/structure/parser/array_parser.go:109.2,109.19 1 1
github.com/tidepool-org/platform/structure/parser/array_parser.go:112.49,114.9 2 7
github.com/tidepool-org/platform/structure/parser/array_parser.go:114.9,116.3 1 3
github.com/tidepool-org/platform/structure/parser/array_parser.go:118.2,119.21 2 4
github.com/tidepool-org/platform/structure/parser/array_parser.go:119.21,121.18 2 2
github.com/tidepool-org/platform/structure/parser/array_parser.go:121.18,124.4 2 1
github.com/tidepool-org/platform/structure/parser/array_parser.go:125.3,125.35 1 1
github.com/tidepool-org/platform/structure/parser/array_parser.go:128.2,128.22 1 3
github.com/tidepool-org/platform/structure/parser/array_parser.go:131.41,133.9 2 9
github.com/tidepool-org/platform/structure/parser/array_parser.go:133.9,135.3 1 3
github.com/tidepool-org/platform/structure/parser/array_parser.go:137.2,138.17 2 6
github.com/tidepool-org/platform/structure/parser/array_parser.go:138.17,140.22 2 3
github.com/tidepool-org/platform/structure/parser/array_parser.go:140.22,143.4 2 1
github.com/tidepool-org/platform/structure/parser/array_parser.go:144.3,144.47 1 2
github.com/tidepool-org/platform/structure/parser/array_parser.go:144.47,147.4 2 1
github.com/tidepool-org/platform/structure/parser/array_parser.go:148.3,148.31 1 1
github.com/tidepool-org/platform/structure/parser/array_parser.go:151.2,151.18 1 4
github.com/tidepool-org/platform/structure/parser/array_parser.go:154.47,156.9 2 15
github.com/tidepool-org/platform/structure/parser/array_parser.go:156.9,158.3 1 3
github.com/tidepool-org/platform/structure/parser/array_parser.go:160.2,161.9 2 12
github.com/tidepool-org/platform/structure/parser/array_parser.go:161.9,164.3 2 3
github.com/tidepool-org/platform/structure/parser/array_parser.go:166.2,166.21 1 9
github.com/tidepool-org/platform/structure/parser/array_parser.go:169.54,171.9 2 7
github.com/tidepool-org/platform/structure/parser/array_parser.go:171.9,173.3 1 3
github.com/tidepool-org/platform/structure/parser/array_parser.go:175.2,176.25 2 4
github.com/tidepool-org/platform/structure/parser/array_parser.go:176.25,178.20 2 3
github.com/tidepool-org/platform/structure/parser/array_parser.go:178.20,181.4 2 1
github.com/tidepool-org/platform/structure/parser/array_parser.go:183.3,185.38 3 2
github.com/tidepool-org/platform/structure/parser/array_parser.go:185.38,187.70 2 4
github.com/tidepool-org/platform/structure/parser/array_parser.go:187.70,189.5 1 3
github.com/tidepool-org/platform/structure/parser/array_parser.go:190.4,190.62 1 4
github.com/tidepool-org/platform/structure/parser/array_parser.go:194.2,194.26 1 3
github.com/tidepool-org/platform/structure/parser/array_parser.go:197.63,199.9 2 6
github.com/tidepool-org/platform/structure/parser/array_parser.go:199.9,201.3 1 3
github.com/tidepool-org/platform/structure/parser/array_parser.go:203.2,204.9 2 3
github.com/tidepool-org/platform/structure/parser/array_parser.go:204.9,207.3 2 1
github.com/tidepool-org/platform/structure/parser/array_parser.go:209.2,210.16 2 2
github.com/tidepool-org/platform/structure/parser/array_parser.go:210.16,213.3 2 1
github.com/tidepool-org/platform/structure/parser/array_parser.go:215.2,215.19 1 1
github.com/tidepool-org/platform/structure/parser/array_parser.go:218.63,220.9 2 10
github.com/tidepool-org/platform/structure/parser/array_parser.go:220.9,222.3 1 6
github.com/tidepool-org/platform/structure/parser/array_parser.go:224.2,225.9 2 4
github.com/tidepool-org/platform/structure/parser/array_parser.go:225.9,228.3 2 2
github.com/tidepool-org/platform/structure/parser/array_parser.go:230.2,230.21 1 2
github.com/tidepool-org/platform/structure/parser/array_parser.go:233.53,235.9 2 10
github.com/tidepool-org/platform/structure/parser/array_parser.go:235.9,237.3 1 6
github.com/tidepool-org/platform/structure/parser/array_parser.go:239.2,240.9 2 4
github.com/tidepool-org/platform/structure/parser/array_parser.go:240.9,243.3 2 2
github.com/tidepool-org/platform/structure/parser/array_parser.go:245.2,245.20 1 2
github.com/tidepool-org/platform/structure/parser/array_parser.go:248.55,250.9 2 7
github.com/tidepool-org/platform/structure/parser/array_parser.go:250.9,252.3 1 4
github.com/tidepool-org/platform/structure/parser/array_parser.go:254.2,254.18 1 3
github.com/tidepool-org/platform/structure/parser/array_parser.go:257.35,258.20 1 6
github.com/tidepool-org/platform/structure/parser/array_parser.go:258.20,260.3 1 2
github.com/tidepool-org/platform/structure/parser/array_parser.go:262.2,262.34 1 4
github.com/tidepool-org/platform/structure/parser/array_parser.go:262.34,263.27 1 9
github.com/tidepool-org/platform/structure/parser/array_parser.go:263.27,265.4 1 5
github.com/tidepool-org/platform/structure/parser/array_parser.go:268.2,268.18 1 4
github.com/tidepool-org/platform/structure/parser/array_parser.go:271.75,277.2 1 2
github.com/tidepool-org/platform/structure/parser/array_parser.go:279.75,285.2 1 6
github.com/tidepool-org/platform/structure/parser/array_parser.go:287.66,293.2 1 5
github.com/tidepool-org/platform/structure/parser/array_parser.go:295.81,297.2 1 5
github.com/tidepool-org/platform/structure/parser/array_parser.go:299.79,301.2 1 5
github.com/tidepool-org/platform/structure/parser/array_parser.go:303.83,305.2 1 1
github.com/tidepool-org/platform/structure/parser/array_parser.go:307.56,308.20 1 76
github.com/tidepool-org/platform/structure/parser/array_parser.go:308.20,310.3 1 11
github.com/tidepool-org/platform/structure/parser/array_parser.go:312.2,312.49 1 65
github.com/tidepool-org/platform/structure/parser/array_parser.go:312.49,314.3 1 22
github.com/tidepool-org/platform/structure/parser/array_parser.go:316.2,319.21 3 43
github.com/tidepool-org/platform/structure/parser/array_parser.go:319.21,321.3 1 1
github.com/tidepool-org/platform/structure/parser/array_parser.go:323.2,323.23 1 42
github.com/tidepool-org/platform/structure/parser/errors.go:17.48,19.2 1 8
github.com/tidepool-org/platform/structure/parser/errors.go:21.51,23.2 1 8
github.com/tidepool-org/platform/structure/parser/errors.go:25.47,27.2 1 12
github.com/tidepool-org/platform/structure/parser/errors.go:29.50,31.2 1 12
github.com/tidepool-org/platform/structure/parser/errors.go:33.48,35.2 1 10
github.com/tidepool-org/platform/structure/parser/errors.go:37.50,39.2 1 12
github.com/tidepool-org/platform/structure/parser/errors.go:41.49,43.2 1 16
github.com/tidepool-org/platform/structure/parser/errors.go:45.67,47.2 1 7
github.com/tidepool-org/platform/structure/parser/errors.go:49.29,51.2 1 21
github.com/tidepool-org/platform/structure/parser/object_parser.go:18.56,20.2 1 1
github.com/tidepool-org/platform/structure/parser/object_parser.go:22.88,24.19 2 103
github.com/tidepool-org/platform/structure/parser/object_parser.go:24.19,26.3 1 59
github.com/tidepool-org/platform/structure/parser/object_parser.go:28.2,32.3 1 103
github.com/tidepool-org/platform/structure/parser/object_parser.go:35.44,37.2 1 4
github.com/tidepool-org/platform/structure/parser/object_parser.go:39.35,41.2 1 2
github.com/tidepool-org/platform/structure/parser/object_parser.go:43.44,45.2 1 1
github.com/tidepool-org/platform/structure/parser/object_parser.go:47.33,49.2 1 2
github.com/tidepool-org/platform/structure/parser/object_parser.go:51.37,53.2 1 2
github.com/tidepool-org/platform/structure/parser/object_parser.go:55.34,57.2 1 2
github.com/tidepool-org/platform/structure/parser/object_parser.go:59.32,61.2 1 9
github.com/tidepool-org/platform/structure/parser/object_parser.go:63.41,65.2 1 1
github.com/tidepool-org/platform/structure/parser/object_parser.go:67.32,69.2 1 11
github.com/tidepool-org/platform/structure/parser/object_parser.go:71.71,74.2 2 2
github.com/tidepool-org/platform/structure/parser/object_parser.go:76.40,77.21 1 5
github.com/tidepool-org/platform/structure/parser/object_parser.go:77.21,79.3 1 1
github.com/tidepool-org/platform/structure/parser/object_parser.go:81.2,82.35 2 4
github.com/tidepool-org/platform/structure/parser/object_parser.go:82.35,84.3 1 4
github.com/tidepool-org/platform/structure/parser/object_parser.go:86.2,86.19 1 4
github.com/tidepool-org/platform/structure/parser/object_parser.go:89.57,90.21 1 3
github.com/tidepool-org/platform/structure/parser/object_parser.go:90.21,92.3 1 1
github.com/tidepool-org/platform/structure/parser/object_parser.go:94.2,95.11 2 2
github.com/tidepool-org/platform/structure/parser/object_parser.go:98.47,100.9 2 4
github.com/tidepool-org/platform/structure/parser/object_parser.go:100.9,102.3 1 2
github.com/tidepool-org/platform/structure/parser/object_parser.go:104.2,105.9 2 2
github.com/tidepool-org/platform/structure/parser/object_parser.go:105.9,108.3 2 1
github.com/tidepool-org/platform/structure/parser/object_parser.go:110.2,110.19 1 1
github.com/tidepool-org/platform/structure/parser/object_parser.go:113.53,115.9 2 6
github.com/tidepool-org/platform/structure/parser/object_parser.go:115.9,117.3 1 2
github.com/tidepool-org/platform/structure/parser/object_parser.go:119.2,120.21 2 4
github.com/tidepool-org/platform/structure/parser/object_parser.go:120.21,122.18 2 2
github.com/tidepool-org/platform/structure/parser/object_parser.go:122.18,125.4 2 1
github.com/tidepool-org/platform/structure/parser/object_parser.go:126.3,126.35 1 1
github.com/tidepool-org/platform/structure/parser/object_parser.go:129.2,129.22 1 3
github.com/tidepool-org/platform/structure/parser/object_parser.go:132.45,134.9 2 8
github.com/tidepool-org/platform/structure/parser/object_parser.go:134.9,136.3 1 2
github.com/tidepool-org/platform/structure/parser/object_parser.go:138.2,139.17 2 6
github.com/tidepool-org/platform/structure/parser/object_parser.go:139.17,141.22 2 3
github.com/tidepool-org/platform/structure/parser/object_parser.go:141.22,144.4 2 1
github.com/tidepool-org/platform/structure/parser/object_parser.go:145.3,145.47 1 2
github.com/tidepool-org/platform/structure/parser/object_parser.go:145.47,148.4 2 1
github.com/tidepool-org/platform/structure/parser/object_parser.go:149.3,149.31 1 1
github.com/tidepool-org/platform/structure/parser/object_parser.go:152.2,152.18 1 4
github.com/tidepool-org/platform/structure/parser/object_parser.go:155.51,157.9 2 6
github.com/tidepool-org/platform/structure/parser/object_parser.go:157.9,159.3 1 2
github.com/tidepool-org/platform/structure/parser/object_parser.go:161.2,162.9 2 4
github.com/tidepool-org/platform/structure/parser/object_parser.go:162.9,165.3 2 1
github.com/tidepool-org/platform/structure/parser/object_parser.go:167.2,167.21 1 3
github.com/tidepool-org/platform/structure/parser/object_parser.go:170.58,172.9 2 6
github.com/tidepool-org/platform/structure/parser/object_parser.go:172.9,174.3 1 2
github.com/tidepool-org/platform/structure/parser/object_parser.go:176.2,177.25 2 4
github.com/tidepool-org/platform/structure/parser/object_parser.go:177.25,179.20 2 3
github.com/tidepool-org/platform/structure/parser/object_parser.go:179.20,182.4 2 1
github.com/tidepool-org/platform/structure/parser/object_parser.go:184.3,186.38 3 2
github.com/tidepool-org/platform/structure/parser/object_parser.go:186.38,188.70 2 4
github.com/tidepool-org/platform/structure/parser/object_parser.go:188.70,190.5 1 3
github.com/tidepool-org/platform/structure/parser/object_parser.go:191.4,191.62 1 4
github.com/tidepool-org/platform/structure/parser/object_parser.go:195.2,195.26 1 3
github.com/tidepool-org/platform/structure/parser/object_parser.go:198.67,203.9 4 6
github.com/tidepool-org/platform/structure/parser/object_parser.go:203.9,205.3 1 2
github.com/tidepool-org/platform/structure/parser/object_parser.go:207.2,207.25 1 4
github.com/tidepool-org/platform/structure/parser/object_parser.go:208.17,209.35 1 1
github.com/tidepool-org/platform/structure/parser/object_parser.go:210.10,212.10 2 3
github.com/tidepool-org/platform/structure/parser/object_parser.go:212.10,215.4 2 1
github.com/tidepool-org/platform/structure/parser/object_parser.go:217.3,218.17 2 2
github.com/tidepool-org/platform/structure/parser/object_parser.go:218.17,221.4 2 1
github.com/tidepool-org/platform/structure/parser/object_parser.go:224.2,224.19 1 2
github.com/tidepool-org/platform/structure/parser/object_parser.go:229.76,231.9 2 5
github.com/tidepool-org/platform/structure/parser/object_parser.go:231.9,233.3 1 1
github.com/tidepool-org/platform/structure/parser/object_parser.go:235.2,236.9 2 4
github.com/tidepool-org/platform/structure/parser/object_parser.go:236.9,239.3 2 1
github.com/tidepool-org/platform/structure/parser/object_parser.go:241.2,243.16 3 3
github.com/tidepool-org/platform/structure/parser/object_parser.go:243.16,246.3 2 1
github.com/tidepool-org/platform/structure/parser/object_parser.go:248.2,248.19 1 2
github.com/tidepool-org/platform/structure/parser/object_parser.go:251.67,253.9 2 8
github.com/tidepool-org/platform/structure/parser/object_parser.go:253.9,255.3 1 4
github.com/tidepool-org/platform/structure/parser/object_parser.go:257.2,258.9 2 4
github.com/tidepool-org/platform/structure/parser/object_parser.go:258.9,261.3 2 2
github.com/tidepool-org/platform/structure/parser/object_parser.go:263.2,263.21 1 2
github.com/tidepool-org/platform/structure/parser/object_parser.go:266.57,268.9 2 8
github.com/tidepool-org/platform/structure/parser/object_parser.go:268.9,270.3 1 4
github.com/tidepool-org/platform/structure/parser/object_parser.go:272.2,273.9 2 4
github.com/tidepool-org/platform/structure/parser/object_parser.go:273.9,276.3 2 2
github.com/tidepool-org/platform/structure/parser/object_parser.go:278.2,278.20 1 2
github.com/tidepool-org/platform/structure/parser/object_parser.go:281.59,283.9 2 5
github.com/tidepool-org/platform/structure/parser/object_parser.go:283.9,285.3 1 2
github.com/tidepool-org/platform/structure/parser/object_parser.go:287.2,287.18 1 3
github.com/tidepool-org/platform/structure/parser/object_parser.go:290.36,291.21 1 4
github.com/tidepool-org/platform/structure/parser/object_parser.go:291.21,293.3 1 1
github.com/tidepool-org/platform/structure/parser/object_parser.go:295.2,296.35 2 3
github.com/tidepool-org/platform/structure/parser/object_parser.go:296.35,297.27 1 9
github.com/tidepool-org/platform/structure/parser/object_parser.go:297.27,299.4 1 5
github.com/tidepool-org/platform/structure/parser/object_parser.go:302.2,302.25 1 3
github.com/tidepool-org/platform/structure/parser/object_parser.go:302.25,304.40 2 2
github.com/tidepool-org/platform/structure/parser/object_parser.go:304.40,306.4 1 5
github.com/tidepool-org/platform/structure/parser/object_parser.go:309.2,309.18 1 3
github.com/tidepool-org/platform/structure/parser/object_parser.go:312.77,318.2 1 2
github.com/tidepool-org/platform/structure/parser/object_parser.go:320.77,326.2 1 6
github.com/tidepool-org/platform/structure/parser/object_parser.go:328.68,334.2 1 5
github.com/tidepool-org/platform/structure/parser/object_parser.go:336.85,338.2 1 4
github.com/tidepool-org/platform/structure/parser/object_parser.go:340.83,342.2 1 4
github.com/tidepool-org/platform/structure/parser/object_parser.go:344.87,346.2 1 1
github.com/tidepool-org/platform/structure/parser/object_parser.go:348.60,349.21 1 62
github.com/tidepool-org/platform/structure/parser/object_parser.go:349.21,351.3 1 11
github.com/tidepool-org/platform/structure/parser/object_parser.go:353.2,356.28 3 51
github.com/tidepool-org/platform/structure/parser/object_parser.go:356.28,358.3 1 12
github.com/tidepool-org/platform/structure/parser/object_parser.go:360.2,360.23 1 39
