mode: atomic
github.com/tidepool-org/platform/data/data.go:21.73,22.22 1 0
github.com/tidepool-org/platform/data/data.go:22.22,24.3 1 0
github.com/tidepool-org/platform/data/data.go:25.2,27.14 3 0
github.com/tidepool-org/platform/data/data.go:30.42,32.2 1 0
github.com/tidepool-org/platform/data/data.go:34.63,36.2 1 0
github.com/tidepool-org/platform/data/data.go:38.66,40.2 1 0
github.com/tidepool-org/platform/data/data.go:47.61,48.22 1 0
github.com/tidepool-org/platform/data/data.go:48.22,50.3 1 0
github.com/tidepool-org/platform/data/data.go:51.2,53.14 3 0
github.com/tidepool-org/platform/data/data.go:56.30,58.2 1 0
github.com/tidepool-org/platform/data/data.go:60.57,63.2 2 0
github.com/tidepool-org/platform/data/data.go:65.60,66.40 1 0
github.com/tidepool-org/platform/data/data.go:66.40,68.3 1 0
github.com/tidepool-org/platform/data/data.go:68.8,68.24 1 0
github.com/tidepool-org/platform/data/data.go:68.24,70.3 1 0
github.com/tidepool-org/platform/data/data.go:70.8,72.3 1 0
github.com/tidepool-org/platform/data/data.go:77.62,78.22 1 0
github.com/tidepool-org/platform/data/data.go:78.22,80.3 1 0
github.com/tidepool-org/platform/data/data.go:81.2,83.14 3 0
github.com/tidepool-org/platform/data/data.go:86.32,88.2 1 0
github.com/tidepool-org/platform/data/data.go:90.57,91.48 1 0
github.com/tidepool-org/platform/data/data.go:91.48,93.3 1 0
github.com/tidepool-org/platform/data/data.go:96.61,97.18 1 0
github.com/tidepool-org/platform/data/data.go:97.18,99.3 1 0
github.com/tidepool-org/platform/data/data.go:100.2,100.34 1 0
github.com/tidepool-org/platform/data/data.go:100.34,101.89 1 0
github.com/tidepool-org/platform/data/data.go:101.89,103.4 1 0
github.com/tidepool-org/platform/data/data.go:103.9,105.4 1 0
github.com/tidepool-org/platform/data/data.go:109.21,111.2 1 3
github.com/tidepool-org/platform/data/data.go:113.35,115.2 1 8
github.com/tidepool-org/platform/data/data.go:117.71,119.2 1 8
github.com/tidepool-org/platform/data/data.go:121.37,122.17 1 24
github.com/tidepool-org/platform/data/data.go:122.17,124.3 1 3
github.com/tidepool-org/platform/data/data.go:124.8,124.45 1 21
github.com/tidepool-org/platform/data/data.go:124.45,126.3 1 15
github.com/tidepool-org/platform/data/data.go:127.2,127.12 1 6
github.com/tidepool-org/platform/data/data.go:130.55,132.2 1 22
github.com/tidepool-org/platform/data/data_set.go:52.30,57.2 1 0
github.com/tidepool-org/platform/data/data_set.go:59.31,64.2 1 0
github.com/tidepool-org/platform/data/data_set.go:66.28,72.2 1 0
github.com/tidepool-org/platform/data/data_set.go:74.33,80.2 1 0
github.com/tidepool-org/platform/data/data_set.go:91.40,93.2 1 0
github.com/tidepool-org/platform/data/data_set.go:95.62,96.46 1 0
github.com/tidepool-org/platform/data/data_set.go:96.46,98.3 1 0
github.com/tidepool-org/platform/data/data_set.go:99.2,99.49 1 0
github.com/tidepool-org/platform/data/data_set.go:99.49,101.3 1 0
github.com/tidepool-org/platform/data/data_set.go:102.2,102.49 1 0
github.com/tidepool-org/platform/data/data_set.go:102.49,104.3 1 0
github.com/tidepool-org/platform/data/data_set.go:107.65,110.2 2 0
github.com/tidepool-org/platform/data/data_set.go:118.40,120.2 1 0
github.com/tidepool-org/platform/data/data_set.go:122.62,126.2 3 0
github.com/tidepool-org/platform/data/data_set.go:128.65,131.2 2 0
github.com/tidepool-org/platform/data/data_set.go:133.64,135.25 2 0
github.com/tidepool-org/platform/data/data_set.go:135.25,137.3 1 0
github.com/tidepool-org/platform/data/data_set.go:138.2,138.22 1 0
github.com/tidepool-org/platform/data/data_set.go:138.22,140.3 1 0
github.com/tidepool-org/platform/data/data_set.go:141.2,141.23 1 0
github.com/tidepool-org/platform/data/data_set.go:141.23,143.3 1 0
github.com/tidepool-org/platform/data/data_set.go:144.2,144.68 1 0
github.com/tidepool-org/platform/data/data_set.go:163.40,167.2 1 0
github.com/tidepool-org/platform/data/data_set.go:169.62,170.87 1 0
github.com/tidepool-org/platform/data/data_set.go:170.87,174.3 3 0
github.com/tidepool-org/platform/data/data_set.go:175.2,185.49 11 0
github.com/tidepool-org/platform/data/data_set.go:188.65,189.21 1 0
github.com/tidepool-org/platform/data/data_set.go:189.21,191.3 1 0
github.com/tidepool-org/platform/data/data_set.go:192.2,193.27 2 0
github.com/tidepool-org/platform/data/data_set.go:193.27,195.3 1 0
github.com/tidepool-org/platform/data/data_set.go:196.2,204.74 9 0
github.com/tidepool-org/platform/data/data_set.go:207.68,208.27 1 0
github.com/tidepool-org/platform/data/data_set.go:208.27,210.3 1 0
github.com/tidepool-org/platform/data/data_set.go:211.2,211.34 1 0
github.com/tidepool-org/platform/data/data_set.go:211.34,213.3 1 0
github.com/tidepool-org/platform/data/data_set.go:214.2,214.25 1 0
github.com/tidepool-org/platform/data/data_set.go:214.25,216.3 1 0
github.com/tidepool-org/platform/data/data_set.go:231.40,233.2 1 0
github.com/tidepool-org/platform/data/data_set.go:235.62,243.2 7 0
github.com/tidepool-org/platform/data/data_set.go:245.65,253.2 7 0
github.com/tidepool-org/platform/data/data_set.go:255.40,258.2 1 0
github.com/tidepool-org/platform/data/data_set.go:260.24,262.2 1 3
github.com/tidepool-org/platform/data/data_set.go:264.38,266.2 1 14
github.com/tidepool-org/platform/data/data_set.go:268.74,270.2 1 14
github.com/tidepool-org/platform/data/data_set.go:272.40,273.17 1 42
github.com/tidepool-org/platform/data/data_set.go:273.17,275.3 1 3
github.com/tidepool-org/platform/data/data_set.go:275.8,275.48 1 39
github.com/tidepool-org/platform/data/data_set.go:275.48,277.3 1 30
github.com/tidepool-org/platform/data/data_set.go:278.2,278.12 1 9
github.com/tidepool-org/platform/data/data_set.go:281.58,283.2 1 42
github.com/tidepool-org/platform/data/datum.go:41.41,43.2 1 0
github.com/tidepool-org/platform/data/datum.go:47.38,48.26 1 0
github.com/tidepool-org/platform/data/datum.go:48.26,50.3 1 0
github.com/tidepool-org/platform/data/datum.go:53.56,54.26 1 0
github.com/tidepool-org/platform/data/datum.go:54.26,56.3 1 0
github.com/tidepool-org/platform/data/deduplicator.go:14.89,15.22 1 0
github.com/tidepool-org/platform/data/deduplicator.go:15.22,17.3 1 0
github.com/tidepool-org/platform/data/deduplicator.go:18.2,20.14 3 0
github.com/tidepool-org/platform/data/deduplicator.go:23.58,25.2 1 39
github.com/tidepool-org/platform/data/deduplicator.go:27.71,29.2 1 0
github.com/tidepool-org/platform/data/deduplicator.go:31.74,35.2 3 13
github.com/tidepool-org/platform/data/deduplicator.go:37.78,37.79 0 4
github.com/tidepool-org/platform/data/deduplicator.go:39.78,39.79 0 4
github.com/tidepool-org/platform/data/deduplicator.go:41.49,43.2 1 3
github.com/tidepool-org/platform/data/deduplicator.go:45.65,47.2 1 4
