mode: atomic
github.com/tidepool-org/platform/structure/validator/adapter.go:14.109,19.2 1 2
github.com/tidepool-org/platform/structure/validator/adapter.go:21.77,23.2 1 1
github.com/tidepool-org/platform/structure/validator/adapter.go:34.126,39.2 1 2
github.com/tidepool-org/platform/structure/validator/adapter.go:41.80,43.2 1 1
github.com/tidepool-org/platform/structure/validator/adapter.go:54.153,59.2 1 2
github.com/tidepool-org/platform/structure/validator/adapter.go:61.85,63.2 1 1
github.com/tidepool-org/platform/structure/validator/array.go:13.70,18.2 1 37
github.com/tidepool-org/platform/structure/validator/array.go:20.42,21.20 1 6
github.com/tidepool-org/platform/structure/validator/array.go:21.20,23.3 1 2
github.com/tidepool-org/platform/structure/validator/array.go:24.2,24.10 1 6
github.com/tidepool-org/platform/structure/validator/array.go:27.45,28.20 1 6
github.com/tidepool-org/platform/structure/validator/array.go:28.20,30.3 1 4
github.com/tidepool-org/platform/structure/validator/array.go:31.2,31.10 1 6
github.com/tidepool-org/platform/structure/validator/array.go:34.41,35.20 1 6
github.com/tidepool-org/platform/structure/validator/array.go:35.20,36.24 1 4
github.com/tidepool-org/platform/structure/validator/array.go:36.24,38.4 1 2
github.com/tidepool-org/platform/structure/validator/array.go:40.2,40.10 1 6
github.com/tidepool-org/platform/structure/validator/array.go:43.44,44.20 1 6
github.com/tidepool-org/platform/structure/validator/array.go:44.20,45.25 1 4
github.com/tidepool-org/platform/structure/validator/array.go:45.25,47.4 1 2
github.com/tidepool-org/platform/structure/validator/array.go:49.2,49.10 1 6
github.com/tidepool-org/platform/structure/validator/array.go:52.75,53.20 1 10
github.com/tidepool-org/platform/structure/validator/array.go:53.20,54.23 1 8
github.com/tidepool-org/platform/structure/validator/array.go:54.23,56.4 1 4
github.com/tidepool-org/platform/structure/validator/array.go:58.2,58.10 1 10
github.com/tidepool-org/platform/structure/validator/bool.go:13.59,18.2 1 37
github.com/tidepool-org/platform/structure/validator/bool.go:20.40,21.20 1 6
github.com/tidepool-org/platform/structure/validator/bool.go:21.20,23.3 1 2
github.com/tidepool-org/platform/structure/validator/bool.go:24.2,24.10 1 6
github.com/tidepool-org/platform/structure/validator/bool.go:27.43,28.20 1 6
github.com/tidepool-org/platform/structure/validator/bool.go:28.20,30.3 1 4
github.com/tidepool-org/platform/structure/validator/bool.go:31.2,31.10 1 6
github.com/tidepool-org/platform/structure/validator/bool.go:34.38,35.20 1 6
github.com/tidepool-org/platform/structure/validator/bool.go:35.20,36.16 1 4
github.com/tidepool-org/platform/structure/validator/bool.go:36.16,38.4 1 2
github.com/tidepool-org/platform/structure/validator/bool.go:40.2,40.10 1 6
github.com/tidepool-org/platform/structure/validator/bool.go:43.39,44.20 1 6
github.com/tidepool-org/platform/structure/validator/bool.go:44.20,45.15 1 4
github.com/tidepool-org/platform/structure/validator/bool.go:45.15,47.4 1 2
github.com/tidepool-org/platform/structure/validator/bool.go:49.2,49.10 1 6
github.com/tidepool-org/platform/structure/validator/bool.go:52.72,53.20 1 10
github.com/tidepool-org/platform/structure/validator/bool.go:53.20,54.23 1 8
github.com/tidepool-org/platform/structure/validator/bool.go:54.23,56.4 1 4
github.com/tidepool-org/platform/structure/validator/bool.go:58.2,58.10 1 10
github.com/tidepool-org/platform/structure/validator/duration.go:15.76,20.2 1 0
github.com/tidepool-org/platform/structure/validator/duration.go:22.48,23.20 1 0
github.com/tidepool-org/platform/structure/validator/duration.go:23.20,25.3 1 0
github.com/tidepool-org/platform/structure/validator/duration.go:26.2,26.10 1 0
github.com/tidepool-org/platform/structure/validator/duration.go:29.51,30.20 1 0
github.com/tidepool-org/platform/structure/validator/duration.go:30.20,32.3 1 0
github.com/tidepool-org/platform/structure/validator/duration.go:33.2,33.10 1 0
github.com/tidepool-org/platform/structure/validator/duration.go:36.68,37.20 1 0
github.com/tidepool-org/platform/structure/validator/duration.go:37.20,38.24 1 0
github.com/tidepool-org/platform/structure/validator/duration.go:38.24,40.4 1 0
github.com/tidepool-org/platform/structure/validator/duration.go:42.2,42.10 1 0
github.com/tidepool-org/platform/structure/validator/duration.go:45.71,46.20 1 0
github.com/tidepool-org/platform/structure/validator/duration.go:46.20,47.24 1 0
github.com/tidepool-org/platform/structure/validator/duration.go:47.24,49.4 1 0
github.com/tidepool-org/platform/structure/validator/duration.go:51.2,51.10 1 0
github.com/tidepool-org/platform/structure/validator/duration.go:54.69,55.20 1 0
github.com/tidepool-org/platform/structure/validator/duration.go:55.20,56.24 1 0
github.com/tidepool-org/platform/structure/validator/duration.go:56.24,58.4 1 0
github.com/tidepool-org/platform/structure/validator/duration.go:60.2,60.10 1 0
github.com/tidepool-org/platform/structure/validator/duration.go:63.78,64.20 1 0
github.com/tidepool-org/platform/structure/validator/duration.go:64.20,65.23 1 0
github.com/tidepool-org/platform/structure/validator/duration.go:65.23,67.4 1 0
github.com/tidepool-org/platform/structure/validator/duration.go:69.2,69.10 1 0
github.com/tidepool-org/platform/structure/validator/duration.go:72.72,73.20 1 0
github.com/tidepool-org/platform/structure/validator/duration.go:73.20,74.24 1 0
github.com/tidepool-org/platform/structure/validator/duration.go:74.24,76.4 1 0
github.com/tidepool-org/platform/structure/validator/duration.go:78.2,78.10 1 0
github.com/tidepool-org/platform/structure/validator/duration.go:81.81,82.20 1 0
github.com/tidepool-org/platform/structure/validator/duration.go:82.20,83.23 1 0
github.com/tidepool-org/platform/structure/validator/duration.go:83.23,85.4 1 0
github.com/tidepool-org/platform/structure/validator/duration.go:87.2,87.10 1 0
github.com/tidepool-org/platform/structure/validator/duration.go:90.99,91.20 1 0
github.com/tidepool-org/platform/structure/validator/duration.go:91.20,92.53 1 0
github.com/tidepool-org/platform/structure/validator/duration.go:92.53,94.4 1 0
github.com/tidepool-org/platform/structure/validator/duration.go:96.2,96.10 1 0
github.com/tidepool-org/platform/structure/validator/duration.go:99.77,100.20 1 0
github.com/tidepool-org/platform/structure/validator/duration.go:100.20,101.46 1 0
github.com/tidepool-org/platform/structure/validator/duration.go:101.46,102.32 1 0
github.com/tidepool-org/platform/structure/validator/duration.go:102.32,104.5 1 0
github.com/tidepool-org/platform/structure/validator/duration.go:106.3,106.74 1 0
github.com/tidepool-org/platform/structure/validator/duration.go:108.2,108.10 1 0
github.com/tidepool-org/platform/structure/validator/duration.go:111.83,112.20 1 0
github.com/tidepool-org/platform/structure/validator/duration.go:112.20,113.52 1 0
github.com/tidepool-org/platform/structure/validator/duration.go:113.52,114.35 1 0
github.com/tidepool-org/platform/structure/validator/duration.go:114.35,117.5 2 0
github.com/tidepool-org/platform/structure/validator/duration.go:120.2,120.10 1 0
github.com/tidepool-org/platform/structure/validator/duration.go:123.84,124.20 1 0
github.com/tidepool-org/platform/structure/validator/duration.go:124.20,125.23 1 0
github.com/tidepool-org/platform/structure/validator/duration.go:125.23,127.4 1 0
github.com/tidepool-org/platform/structure/validator/duration.go:129.2,129.10 1 0
github.com/tidepool-org/platform/structure/validator/errors.go:36.34,38.2 1 25
github.com/tidepool-org/platform/structure/validator/errors.go:40.31,42.2 1 115
github.com/tidepool-org/platform/structure/validator/errors.go:44.33,46.2 1 25
github.com/tidepool-org/platform/structure/validator/errors.go:48.30,50.2 1 23
github.com/tidepool-org/platform/structure/validator/errors.go:52.34,54.2 1 10
github.com/tidepool-org/platform/structure/validator/errors.go:56.36,58.2 1 4
github.com/tidepool-org/platform/structure/validator/errors.go:60.37,62.2 1 4
github.com/tidepool-org/platform/structure/validator/errors.go:64.71,66.2 1 13
github.com/tidepool-org/platform/structure/validator/errors.go:68.68,70.2 1 13
github.com/tidepool-org/platform/structure/validator/errors.go:72.72,74.2 1 10
github.com/tidepool-org/platform/structure/validator/errors.go:76.81,78.2 1 10
github.com/tidepool-org/platform/structure/validator/errors.go:80.75,82.2 1 10
github.com/tidepool-org/platform/structure/validator/errors.go:84.84,86.2 1 10
github.com/tidepool-org/platform/structure/validator/errors.go:88.100,90.2 1 10
github.com/tidepool-org/platform/structure/validator/errors.go:92.33,94.2 1 0
github.com/tidepool-org/platform/structure/validator/errors.go:96.40,98.2 1 1
github.com/tidepool-org/platform/structure/validator/errors.go:100.78,102.2 1 6
github.com/tidepool-org/platform/structure/validator/errors.go:104.78,106.2 1 9
github.com/tidepool-org/platform/structure/validator/errors.go:108.91,110.2 1 0
github.com/tidepool-org/platform/structure/validator/errors.go:112.91,114.2 1 0
github.com/tidepool-org/platform/structure/validator/errors.go:116.66,118.2 1 6
github.com/tidepool-org/platform/structure/validator/errors.go:120.66,122.2 1 9
github.com/tidepool-org/platform/structure/validator/errors.go:124.75,126.2 1 9
github.com/tidepool-org/platform/structure/validator/errors.go:128.75,130.2 1 30
github.com/tidepool-org/platform/structure/validator/errors.go:132.77,134.2 1 24
github.com/tidepool-org/platform/structure/validator/errors.go:136.80,138.2 1 30
github.com/tidepool-org/platform/structure/validator/errors.go:140.55,142.2 1 0
github.com/tidepool-org/platform/structure/validator/errors.go:144.72,146.2 1 7
github.com/tidepool-org/platform/structure/validator/errors.go:148.69,150.2 1 4
github.com/tidepool-org/platform/structure/validator/errors.go:152.55,154.2 1 7
github.com/tidepool-org/platform/structure/validator/errors.go:156.70,158.2 1 4
github.com/tidepool-org/platform/structure/validator/errors.go:160.56,162.2 1 7
github.com/tidepool-org/platform/structure/validator/errors.go:164.60,166.2 1 2
github.com/tidepool-org/platform/structure/validator/errors.go:168.60,170.2 1 2
github.com/tidepool-org/platform/structure/validator/errors.go:172.57,174.2 1 7
github.com/tidepool-org/platform/structure/validator/errors.go:176.54,178.2 1 7
github.com/tidepool-org/platform/structure/validator/errors.go:180.58,182.2 1 7
github.com/tidepool-org/platform/structure/validator/errors.go:184.67,186.2 1 7
github.com/tidepool-org/platform/structure/validator/errors.go:188.61,190.2 1 7
github.com/tidepool-org/platform/structure/validator/errors.go:192.70,194.2 1 7
github.com/tidepool-org/platform/structure/validator/errors.go:196.78,198.2 1 7
github.com/tidepool-org/platform/structure/validator/errors.go:200.53,202.2 1 1
github.com/tidepool-org/platform/structure/validator/errors.go:204.50,206.2 1 1
github.com/tidepool-org/platform/structure/validator/errors.go:208.54,210.2 1 1
github.com/tidepool-org/platform/structure/validator/errors.go:212.63,214.2 1 1
github.com/tidepool-org/platform/structure/validator/errors.go:216.57,218.2 1 1
github.com/tidepool-org/platform/structure/validator/errors.go:220.66,222.2 1 1
github.com/tidepool-org/platform/structure/validator/errors.go:224.74,226.2 1 1
github.com/tidepool-org/platform/structure/validator/errors.go:228.51,229.44 1 538
github.com/tidepool-org/platform/structure/validator/errors.go:230.15,231.53 1 89
github.com/tidepool-org/platform/structure/validator/errors.go:232.17,234.35 2 15
github.com/tidepool-org/platform/structure/validator/errors.go:234.35,236.4 1 18
github.com/tidepool-org/platform/structure/validator/errors.go:237.3,237.57 1 15
github.com/tidepool-org/platform/structure/validator/errors.go:238.13,240.35 2 15
github.com/tidepool-org/platform/structure/validator/errors.go:240.35,242.4 1 18
github.com/tidepool-org/platform/structure/validator/errors.go:243.3,243.57 1 15
github.com/tidepool-org/platform/structure/validator/errors.go:244.14,245.34 1 195
github.com/tidepool-org/platform/structure/validator/errors.go:246.16,248.35 2 43
github.com/tidepool-org/platform/structure/validator/errors.go:248.35,250.4 1 46
github.com/tidepool-org/platform/structure/validator/errors.go:251.3,251.57 1 43
github.com/tidepool-org/platform/structure/validator/errors.go:252.17,253.59 1 30
github.com/tidepool-org/platform/structure/validator/errors.go:254.22,255.23 1 54
github.com/tidepool-org/platform/structure/validator/errors.go:255.23,257.4 1 32
github.com/tidepool-org/platform/structure/validator/errors.go:258.3,258.43 1 22
github.com/tidepool-org/platform/structure/validator/errors.go:259.10,260.43 1 97
github.com/tidepool-org/platform/structure/validator/float64.go:13.68,18.2 1 83
github.com/tidepool-org/platform/structure/validator/float64.go:20.46,21.20 1 6
github.com/tidepool-org/platform/structure/validator/float64.go:21.20,23.3 1 2
github.com/tidepool-org/platform/structure/validator/float64.go:24.2,24.10 1 6
github.com/tidepool-org/platform/structure/validator/float64.go:27.49,28.20 1 6
github.com/tidepool-org/platform/structure/validator/float64.go:28.20,30.3 1 4
github.com/tidepool-org/platform/structure/validator/float64.go:31.2,31.10 1 6
github.com/tidepool-org/platform/structure/validator/float64.go:34.60,35.20 1 6
github.com/tidepool-org/platform/structure/validator/float64.go:35.20,36.24 1 4
github.com/tidepool-org/platform/structure/validator/float64.go:36.24,38.4 1 2
github.com/tidepool-org/platform/structure/validator/float64.go:40.2,40.10 1 6
github.com/tidepool-org/platform/structure/validator/float64.go:43.63,44.20 1 6
github.com/tidepool-org/platform/structure/validator/float64.go:44.20,45.24 1 4
github.com/tidepool-org/platform/structure/validator/float64.go:45.24,47.4 1 2
github.com/tidepool-org/platform/structure/validator/float64.go:49.2,49.10 1 6
github.com/tidepool-org/platform/structure/validator/float64.go:52.61,53.20 1 8
github.com/tidepool-org/platform/structure/validator/float64.go:53.20,54.24 1 4
github.com/tidepool-org/platform/structure/validator/float64.go:54.24,56.4 1 2
github.com/tidepool-org/platform/structure/validator/float64.go:58.2,58.10 1 8
github.com/tidepool-org/platform/structure/validator/float64.go:61.70,62.20 1 4
github.com/tidepool-org/platform/structure/validator/float64.go:62.20,63.23 1 4
github.com/tidepool-org/platform/structure/validator/float64.go:63.23,65.4 1 2
github.com/tidepool-org/platform/structure/validator/float64.go:67.2,67.10 1 4
github.com/tidepool-org/platform/structure/validator/float64.go:70.64,71.20 1 6
github.com/tidepool-org/platform/structure/validator/float64.go:71.20,72.24 1 4
github.com/tidepool-org/platform/structure/validator/float64.go:72.24,74.4 1 2
github.com/tidepool-org/platform/structure/validator/float64.go:76.2,76.10 1 6
github.com/tidepool-org/platform/structure/validator/float64.go:79.73,80.20 1 6
github.com/tidepool-org/platform/structure/validator/float64.go:80.20,81.23 1 4
github.com/tidepool-org/platform/structure/validator/float64.go:81.23,83.4 1 2
github.com/tidepool-org/platform/structure/validator/float64.go:85.2,85.10 1 6
github.com/tidepool-org/platform/structure/validator/float64.go:88.85,89.20 1 6
github.com/tidepool-org/platform/structure/validator/float64.go:89.20,90.53 1 4
github.com/tidepool-org/platform/structure/validator/float64.go:90.53,92.4 1 2
github.com/tidepool-org/platform/structure/validator/float64.go:94.2,94.10 1 6
github.com/tidepool-org/platform/structure/validator/float64.go:97.69,98.20 1 8
github.com/tidepool-org/platform/structure/validator/float64.go:98.20,99.46 1 6
github.com/tidepool-org/platform/structure/validator/float64.go:99.46,100.32 1 6
github.com/tidepool-org/platform/structure/validator/float64.go:100.32,102.5 1 2
github.com/tidepool-org/platform/structure/validator/float64.go:104.3,104.73 1 4
github.com/tidepool-org/platform/structure/validator/float64.go:106.2,106.10 1 6
github.com/tidepool-org/platform/structure/validator/float64.go:109.75,110.20 1 8
github.com/tidepool-org/platform/structure/validator/float64.go:110.20,111.52 1 6
github.com/tidepool-org/platform/structure/validator/float64.go:111.52,112.35 1 8
github.com/tidepool-org/platform/structure/validator/float64.go:112.35,115.5 2 2
github.com/tidepool-org/platform/structure/validator/float64.go:118.2,118.10 1 6
github.com/tidepool-org/platform/structure/validator/float64.go:121.81,122.20 1 10
github.com/tidepool-org/platform/structure/validator/float64.go:122.20,123.23 1 8
github.com/tidepool-org/platform/structure/validator/float64.go:123.23,125.4 1 4
github.com/tidepool-org/platform/structure/validator/float64.go:127.2,127.10 1 10
github.com/tidepool-org/platform/structure/validator/int.go:13.56,18.2 1 83
github.com/tidepool-org/platform/structure/validator/int.go:20.38,21.20 1 6
github.com/tidepool-org/platform/structure/validator/int.go:21.20,23.3 1 2
github.com/tidepool-org/platform/structure/validator/int.go:24.2,24.10 1 6
github.com/tidepool-org/platform/structure/validator/int.go:27.41,28.20 1 6
github.com/tidepool-org/platform/structure/validator/int.go:28.20,30.3 1 4
github.com/tidepool-org/platform/structure/validator/int.go:31.2,31.10 1 6
github.com/tidepool-org/platform/structure/validator/int.go:34.48,35.20 1 6
github.com/tidepool-org/platform/structure/validator/int.go:35.20,36.24 1 4
github.com/tidepool-org/platform/structure/validator/int.go:36.24,38.4 1 2
github.com/tidepool-org/platform/structure/validator/int.go:40.2,40.10 1 6
github.com/tidepool-org/platform/structure/validator/int.go:43.51,44.20 1 6
github.com/tidepool-org/platform/structure/validator/int.go:44.20,45.24 1 4
github.com/tidepool-org/platform/structure/validator/int.go:45.24,47.4 1 2
github.com/tidepool-org/platform/structure/validator/int.go:49.2,49.10 1 6
github.com/tidepool-org/platform/structure/validator/int.go:52.49,53.20 1 8
github.com/tidepool-org/platform/structure/validator/int.go:53.20,54.24 1 4
github.com/tidepool-org/platform/structure/validator/int.go:54.24,56.4 1 2
github.com/tidepool-org/platform/structure/validator/int.go:58.2,58.10 1 8
github.com/tidepool-org/platform/structure/validator/int.go:61.58,62.20 1 4
github.com/tidepool-org/platform/structure/validator/int.go:62.20,63.23 1 4
github.com/tidepool-org/platform/structure/validator/int.go:63.23,65.4 1 2
github.com/tidepool-org/platform/structure/validator/int.go:67.2,67.10 1 4
github.com/tidepool-org/platform/structure/validator/int.go:70.52,71.20 1 6
github.com/tidepool-org/platform/structure/validator/int.go:71.20,72.24 1 4
github.com/tidepool-org/platform/structure/validator/int.go:72.24,74.4 1 2
github.com/tidepool-org/platform/structure/validator/int.go:76.2,76.10 1 6
github.com/tidepool-org/platform/structure/validator/int.go:79.61,80.20 1 6
github.com/tidepool-org/platform/structure/validator/int.go:80.20,81.23 1 4
github.com/tidepool-org/platform/structure/validator/int.go:81.23,83.4 1 2
github.com/tidepool-org/platform/structure/validator/int.go:85.2,85.10 1 6
github.com/tidepool-org/platform/structure/validator/int.go:88.69,89.20 1 6
github.com/tidepool-org/platform/structure/validator/int.go:89.20,90.53 1 4
github.com/tidepool-org/platform/structure/validator/int.go:90.53,92.4 1 2
github.com/tidepool-org/platform/structure/validator/int.go:94.2,94.10 1 6
github.com/tidepool-org/platform/structure/validator/int.go:97.57,98.20 1 8
github.com/tidepool-org/platform/structure/validator/int.go:98.20,99.46 1 6
github.com/tidepool-org/platform/structure/validator/int.go:99.46,100.32 1 6
github.com/tidepool-org/platform/structure/validator/int.go:100.32,102.5 1 2
github.com/tidepool-org/platform/structure/validator/int.go:104.3,104.69 1 4
github.com/tidepool-org/platform/structure/validator/int.go:106.2,106.10 1 6
github.com/tidepool-org/platform/structure/validator/int.go:109.63,110.20 1 8
github.com/tidepool-org/platform/structure/validator/int.go:110.20,111.52 1 6
github.com/tidepool-org/platform/structure/validator/int.go:111.52,112.35 1 8
github.com/tidepool-org/platform/structure/validator/int.go:112.35,115.5 2 2
github.com/tidepool-org/platform/structure/validator/int.go:118.2,118.10 1 6
github.com/tidepool-org/platform/structure/validator/int.go:121.69,122.20 1 10
github.com/tidepool-org/platform/structure/validator/int.go:122.20,123.23 1 8
github.com/tidepool-org/platform/structure/validator/int.go:123.23,125.4 1 4
github.com/tidepool-org/platform/structure/validator/int.go:127.2,127.10 1 10
github.com/tidepool-org/platform/structure/validator/object.go:13.81,18.2 1 37
github.com/tidepool-org/platform/structure/validator/object.go:20.44,21.20 1 6
github.com/tidepool-org/platform/structure/validator/object.go:21.20,23.3 1 2
github.com/tidepool-org/platform/structure/validator/object.go:24.2,24.10 1 6
github.com/tidepool-org/platform/structure/validator/object.go:27.47,28.20 1 6
github.com/tidepool-org/platform/structure/validator/object.go:28.20,30.3 1 4
github.com/tidepool-org/platform/structure/validator/object.go:31.2,31.10 1 6
github.com/tidepool-org/platform/structure/validator/object.go:34.43,35.20 1 6
github.com/tidepool-org/platform/structure/validator/object.go:35.20,36.24 1 4
github.com/tidepool-org/platform/structure/validator/object.go:36.24,38.4 1 2
github.com/tidepool-org/platform/structure/validator/object.go:40.2,40.10 1 6
github.com/tidepool-org/platform/structure/validator/object.go:43.46,44.20 1 6
github.com/tidepool-org/platform/structure/validator/object.go:44.20,45.25 1 4
github.com/tidepool-org/platform/structure/validator/object.go:45.25,47.4 1 2
github.com/tidepool-org/platform/structure/validator/object.go:49.2,49.10 1 6
github.com/tidepool-org/platform/structure/validator/object.go:52.78,53.20 1 10
github.com/tidepool-org/platform/structure/validator/object.go:53.20,54.23 1 8
github.com/tidepool-org/platform/structure/validator/object.go:54.23,56.4 1 4
github.com/tidepool-org/platform/structure/validator/object.go:58.2,58.10 1 10
github.com/tidepool-org/platform/structure/validator/string.go:31.65,36.2 1 240
github.com/tidepool-org/platform/structure/validator/string.go:38.44,39.20 1 8
github.com/tidepool-org/platform/structure/validator/string.go:39.20,41.3 1 2
github.com/tidepool-org/platform/structure/validator/string.go:42.2,42.10 1 8
github.com/tidepool-org/platform/structure/validator/string.go:45.47,46.20 1 8
github.com/tidepool-org/platform/structure/validator/string.go:46.20,48.3 1 6
github.com/tidepool-org/platform/structure/validator/string.go:49.2,49.10 1 8
github.com/tidepool-org/platform/structure/validator/string.go:52.43,53.20 1 8
github.com/tidepool-org/platform/structure/validator/string.go:53.20,54.32 1 6
github.com/tidepool-org/platform/structure/validator/string.go:54.32,56.4 1 4
github.com/tidepool-org/platform/structure/validator/string.go:58.2,58.10 1 8
github.com/tidepool-org/platform/structure/validator/string.go:61.46,62.20 1 33
github.com/tidepool-org/platform/structure/validator/string.go:62.20,63.33 1 31
github.com/tidepool-org/platform/structure/validator/string.go:63.33,65.4 1 7
github.com/tidepool-org/platform/structure/validator/string.go:67.2,67.10 1 33
github.com/tidepool-org/platform/structure/validator/string.go:70.57,71.20 1 6
github.com/tidepool-org/platform/structure/validator/string.go:71.20,72.24 1 4
github.com/tidepool-org/platform/structure/validator/string.go:72.24,74.4 1 2
github.com/tidepool-org/platform/structure/validator/string.go:76.2,76.10 1 6
github.com/tidepool-org/platform/structure/validator/string.go:79.60,80.20 1 6
github.com/tidepool-org/platform/structure/validator/string.go:80.20,81.24 1 4
github.com/tidepool-org/platform/structure/validator/string.go:81.24,83.4 1 2
github.com/tidepool-org/platform/structure/validator/string.go:85.2,85.10 1 6
github.com/tidepool-org/platform/structure/validator/string.go:88.60,89.20 1 6
github.com/tidepool-org/platform/structure/validator/string.go:89.20,90.55 1 4
github.com/tidepool-org/platform/structure/validator/string.go:90.55,92.4 1 2
github.com/tidepool-org/platform/structure/validator/string.go:94.2,94.10 1 6
github.com/tidepool-org/platform/structure/validator/string.go:97.63,98.20 1 6
github.com/tidepool-org/platform/structure/validator/string.go:98.20,99.55 1 4
github.com/tidepool-org/platform/structure/validator/string.go:99.55,101.4 1 2
github.com/tidepool-org/platform/structure/validator/string.go:103.2,103.10 1 6
github.com/tidepool-org/platform/structure/validator/string.go:106.61,107.20 1 8
github.com/tidepool-org/platform/structure/validator/string.go:107.20,108.55 1 4
github.com/tidepool-org/platform/structure/validator/string.go:108.55,110.4 1 2
github.com/tidepool-org/platform/structure/validator/string.go:112.2,112.10 1 8
github.com/tidepool-org/platform/structure/validator/string.go:115.70,116.20 1 4
github.com/tidepool-org/platform/structure/validator/string.go:116.20,117.54 1 4
github.com/tidepool-org/platform/structure/validator/string.go:117.54,119.4 1 2
github.com/tidepool-org/platform/structure/validator/string.go:121.2,121.10 1 4
github.com/tidepool-org/platform/structure/validator/string.go:124.64,125.20 1 6
github.com/tidepool-org/platform/structure/validator/string.go:125.20,126.55 1 4
github.com/tidepool-org/platform/structure/validator/string.go:126.55,128.4 1 2
github.com/tidepool-org/platform/structure/validator/string.go:130.2,130.10 1 6
github.com/tidepool-org/platform/structure/validator/string.go:133.73,134.20 1 6
github.com/tidepool-org/platform/structure/validator/string.go:134.20,135.54 1 4
github.com/tidepool-org/platform/structure/validator/string.go:135.54,137.4 1 2
github.com/tidepool-org/platform/structure/validator/string.go:139.2,139.10 1 6
github.com/tidepool-org/platform/structure/validator/string.go:142.81,143.20 1 6
github.com/tidepool-org/platform/structure/validator/string.go:143.20,144.82 1 4
github.com/tidepool-org/platform/structure/validator/string.go:144.82,146.4 1 2
github.com/tidepool-org/platform/structure/validator/string.go:148.2,148.10 1 6
github.com/tidepool-org/platform/structure/validator/string.go:151.66,152.20 1 26
github.com/tidepool-org/platform/structure/validator/string.go:152.20,153.46 1 24
github.com/tidepool-org/platform/structure/validator/string.go:153.46,154.32 1 22
github.com/tidepool-org/platform/structure/validator/string.go:154.32,156.5 1 6
github.com/tidepool-org/platform/structure/validator/string.go:158.3,158.72 1 18
github.com/tidepool-org/platform/structure/validator/string.go:160.2,160.10 1 20
github.com/tidepool-org/platform/structure/validator/string.go:163.72,164.20 1 26
github.com/tidepool-org/platform/structure/validator/string.go:164.20,165.52 1 24
github.com/tidepool-org/platform/structure/validator/string.go:165.52,166.35 1 28
github.com/tidepool-org/platform/structure/validator/string.go:166.35,169.5 2 4
github.com/tidepool-org/platform/structure/validator/string.go:172.2,172.10 1 22
github.com/tidepool-org/platform/structure/validator/string.go:175.70,176.20 1 26
github.com/tidepool-org/platform/structure/validator/string.go:176.20,177.61 1 24
github.com/tidepool-org/platform/structure/validator/string.go:177.61,179.4 1 18
github.com/tidepool-org/platform/structure/validator/string.go:181.2,181.10 1 26
github.com/tidepool-org/platform/structure/validator/string.go:184.73,185.20 1 26
github.com/tidepool-org/platform/structure/validator/string.go:185.20,186.60 1 24
github.com/tidepool-org/platform/structure/validator/string.go:186.60,188.4 1 14
github.com/tidepool-org/platform/structure/validator/string.go:190.2,190.10 1 26
github.com/tidepool-org/platform/structure/validator/string.go:193.78,194.20 1 14
github.com/tidepool-org/platform/structure/validator/string.go:194.20,195.23 1 12
github.com/tidepool-org/platform/structure/validator/string.go:195.23,197.4 1 6
github.com/tidepool-org/platform/structure/validator/string.go:199.2,199.10 1 14
github.com/tidepool-org/platform/structure/validator/string.go:202.55,205.20 2 8
github.com/tidepool-org/platform/structure/validator/string.go:205.20,206.62 1 6
github.com/tidepool-org/platform/structure/validator/string.go:206.62,208.4 1 4
github.com/tidepool-org/platform/structure/validator/string.go:208.9,210.4 1 2
github.com/tidepool-org/platform/structure/validator/string.go:213.2,213.37 1 8
github.com/tidepool-org/platform/structure/validator/string.go:216.43,218.2 1 0
github.com/tidepool-org/platform/structure/validator/string.go:220.50,222.2 1 0
github.com/tidepool-org/platform/structure/validator/string.go:224.49,226.2 1 0
github.com/tidepool-org/platform/structure/validator/string.go:228.42,229.20 1 0
github.com/tidepool-org/platform/structure/validator/string.go:229.20,231.42 2 0
github.com/tidepool-org/platform/structure/validator/string.go:231.42,233.4 1 0
github.com/tidepool-org/platform/structure/validator/string.go:236.2,236.10 1 0
github.com/tidepool-org/platform/structure/validator/string_array.go:16.77,21.2 1 155
github.com/tidepool-org/platform/structure/validator/string_array.go:23.54,24.20 1 8
github.com/tidepool-org/platform/structure/validator/string_array.go:24.20,26.3 1 2
github.com/tidepool-org/platform/structure/validator/string_array.go:27.2,27.10 1 8
github.com/tidepool-org/platform/structure/validator/string_array.go:30.57,31.20 1 8
github.com/tidepool-org/platform/structure/validator/string_array.go:31.20,33.3 1 6
github.com/tidepool-org/platform/structure/validator/string_array.go:34.2,34.10 1 8
github.com/tidepool-org/platform/structure/validator/string_array.go:37.53,38.20 1 8
github.com/tidepool-org/platform/structure/validator/string_array.go:38.20,39.24 1 6
github.com/tidepool-org/platform/structure/validator/string_array.go:39.24,41.4 1 4
github.com/tidepool-org/platform/structure/validator/string_array.go:43.2,43.10 1 8
github.com/tidepool-org/platform/structure/validator/string_array.go:46.56,47.20 1 8
github.com/tidepool-org/platform/structure/validator/string_array.go:47.20,48.25 1 6
github.com/tidepool-org/platform/structure/validator/string_array.go:48.25,50.4 1 2
github.com/tidepool-org/platform/structure/validator/string_array.go:52.2,52.10 1 8
github.com/tidepool-org/platform/structure/validator/string_array.go:55.70,56.20 1 6
github.com/tidepool-org/platform/structure/validator/string_array.go:56.20,57.47 1 4
github.com/tidepool-org/platform/structure/validator/string_array.go:57.47,59.4 1 2
github.com/tidepool-org/platform/structure/validator/string_array.go:61.2,61.10 1 6
github.com/tidepool-org/platform/structure/validator/string_array.go:64.73,65.20 1 6
github.com/tidepool-org/platform/structure/validator/string_array.go:65.20,66.47 1 4
github.com/tidepool-org/platform/structure/validator/string_array.go:66.47,68.4 1 2
github.com/tidepool-org/platform/structure/validator/string_array.go:70.2,70.10 1 6
github.com/tidepool-org/platform/structure/validator/string_array.go:73.71,74.20 1 8
github.com/tidepool-org/platform/structure/validator/string_array.go:74.20,75.47 1 4
github.com/tidepool-org/platform/structure/validator/string_array.go:75.47,77.4 1 2
github.com/tidepool-org/platform/structure/validator/string_array.go:79.2,79.10 1 8
github.com/tidepool-org/platform/structure/validator/string_array.go:82.80,83.20 1 4
github.com/tidepool-org/platform/structure/validator/string_array.go:83.20,84.46 1 4
github.com/tidepool-org/platform/structure/validator/string_array.go:84.46,86.4 1 2
github.com/tidepool-org/platform/structure/validator/string_array.go:88.2,88.10 1 4
github.com/tidepool-org/platform/structure/validator/string_array.go:91.74,92.20 1 6
github.com/tidepool-org/platform/structure/validator/string_array.go:92.20,93.47 1 4
github.com/tidepool-org/platform/structure/validator/string_array.go:93.47,95.4 1 2
github.com/tidepool-org/platform/structure/validator/string_array.go:97.2,97.10 1 6
github.com/tidepool-org/platform/structure/validator/string_array.go:100.83,101.20 1 6
github.com/tidepool-org/platform/structure/validator/string_array.go:101.20,102.46 1 4
github.com/tidepool-org/platform/structure/validator/string_array.go:102.46,104.4 1 2
github.com/tidepool-org/platform/structure/validator/string_array.go:106.2,106.10 1 6
github.com/tidepool-org/platform/structure/validator/string_array.go:109.91,110.20 1 6
github.com/tidepool-org/platform/structure/validator/string_array.go:110.20,111.74 1 4
github.com/tidepool-org/platform/structure/validator/string_array.go:111.74,113.4 1 2
github.com/tidepool-org/platform/structure/validator/string_array.go:115.2,115.10 1 6
github.com/tidepool-org/platform/structure/validator/string_array.go:118.90,119.20 1 47
github.com/tidepool-org/platform/structure/validator/string_array.go:119.20,120.22 1 34
github.com/tidepool-org/platform/structure/validator/string_array.go:120.22,122.39 2 34
github.com/tidepool-org/platform/structure/validator/string_array.go:122.39,124.5 1 97
github.com/tidepool-org/platform/structure/validator/string_array.go:127.2,127.10 1 47
github.com/tidepool-org/platform/structure/validator/string_array.go:130.60,131.55 1 6
github.com/tidepool-org/platform/structure/validator/string_array.go:131.55,131.85 1 10
github.com/tidepool-org/platform/structure/validator/string_array.go:134.80,135.55 1 8
github.com/tidepool-org/platform/structure/validator/string_array.go:135.55,135.98 1 18
github.com/tidepool-org/platform/structure/validator/string_array.go:138.86,139.55 1 8
github.com/tidepool-org/platform/structure/validator/string_array.go:139.55,139.104 1 18
github.com/tidepool-org/platform/structure/validator/string_array.go:142.84,143.55 1 8
github.com/tidepool-org/platform/structure/validator/string_array.go:143.55,143.94 1 18
github.com/tidepool-org/platform/structure/validator/string_array.go:146.87,147.55 1 8
github.com/tidepool-org/platform/structure/validator/string_array.go:147.55,147.97 1 18
github.com/tidepool-org/platform/structure/validator/string_array.go:150.105,151.20 1 9
github.com/tidepool-org/platform/structure/validator/string_array.go:151.20,152.27 1 6
github.com/tidepool-org/platform/structure/validator/string_array.go:152.27,154.39 2 6
github.com/tidepool-org/platform/structure/validator/string_array.go:154.39,156.5 1 15
github.com/tidepool-org/platform/structure/validator/string_array.go:159.2,159.10 1 9
github.com/tidepool-org/platform/structure/validator/string_array.go:162.58,163.20 1 8
github.com/tidepool-org/platform/structure/validator/string_array.go:163.20,165.38 2 6
github.com/tidepool-org/platform/structure/validator/string_array.go:165.38,166.40 1 24
github.com/tidepool-org/platform/structure/validator/string_array.go:166.40,168.5 1 6
github.com/tidepool-org/platform/structure/validator/string_array.go:168.10,170.5 1 18
github.com/tidepool-org/platform/structure/validator/string_array.go:173.2,173.10 1 8
github.com/tidepool-org/platform/structure/validator/string_array.go:176.93,177.20 1 14
github.com/tidepool-org/platform/structure/validator/string_array.go:177.20,178.23 1 12
github.com/tidepool-org/platform/structure/validator/string_array.go:178.23,180.4 1 6
github.com/tidepool-org/platform/structure/validator/string_array.go:182.2,182.10 1 14
github.com/tidepool-org/platform/structure/validator/time.go:15.64,20.2 1 93
github.com/tidepool-org/platform/structure/validator/time.go:22.40,23.20 1 6
github.com/tidepool-org/platform/structure/validator/time.go:23.20,25.3 1 2
github.com/tidepool-org/platform/structure/validator/time.go:26.2,26.10 1 6
github.com/tidepool-org/platform/structure/validator/time.go:29.43,30.20 1 6
github.com/tidepool-org/platform/structure/validator/time.go:30.20,32.3 1 4
github.com/tidepool-org/platform/structure/validator/time.go:33.2,33.10 1 6
github.com/tidepool-org/platform/structure/validator/time.go:36.38,37.20 1 8
github.com/tidepool-org/platform/structure/validator/time.go:37.20,38.27 1 6
github.com/tidepool-org/platform/structure/validator/time.go:38.27,40.4 1 4
github.com/tidepool-org/platform/structure/validator/time.go:42.2,42.10 1 8
github.com/tidepool-org/platform/structure/validator/time.go:45.41,46.20 1 8
github.com/tidepool-org/platform/structure/validator/time.go:46.20,47.26 1 6
github.com/tidepool-org/platform/structure/validator/time.go:47.26,49.4 1 2
github.com/tidepool-org/platform/structure/validator/time.go:51.2,51.10 1 8
github.com/tidepool-org/platform/structure/validator/time.go:54.54,55.20 1 6
github.com/tidepool-org/platform/structure/validator/time.go:55.20,56.31 1 4
github.com/tidepool-org/platform/structure/validator/time.go:56.31,58.4 1 2
github.com/tidepool-org/platform/structure/validator/time.go:60.2,60.10 1 6
github.com/tidepool-org/platform/structure/validator/time.go:63.65,64.20 1 10
github.com/tidepool-org/platform/structure/validator/time.go:64.20,65.52 1 8
github.com/tidepool-org/platform/structure/validator/time.go:65.52,67.4 1 4
github.com/tidepool-org/platform/structure/validator/time.go:69.2,69.10 1 10
github.com/tidepool-org/platform/structure/validator/time.go:72.55,73.20 1 6
github.com/tidepool-org/platform/structure/validator/time.go:73.20,74.30 1 4
github.com/tidepool-org/platform/structure/validator/time.go:74.30,76.4 1 2
github.com/tidepool-org/platform/structure/validator/time.go:78.2,78.10 1 6
github.com/tidepool-org/platform/structure/validator/time.go:81.66,82.20 1 10
github.com/tidepool-org/platform/structure/validator/time.go:82.20,83.50 1 8
github.com/tidepool-org/platform/structure/validator/time.go:83.50,85.4 1 4
github.com/tidepool-org/platform/structure/validator/time.go:87.2,87.10 1 10
github.com/tidepool-org/platform/structure/validator/time.go:90.72,91.20 1 18
github.com/tidepool-org/platform/structure/validator/time.go:91.20,92.23 1 16
github.com/tidepool-org/platform/structure/validator/time.go:92.23,94.4 1 8
github.com/tidepool-org/platform/structure/validator/time.go:96.2,96.10 1 18
github.com/tidepool-org/platform/structure/validator/validator.go:14.23,16.2 1 1
github.com/tidepool-org/platform/structure/validator/validator.go:18.56,22.2 1 78
github.com/tidepool-org/platform/structure/validator/validator.go:24.47,26.2 1 4
github.com/tidepool-org/platform/structure/validator/validator.go:28.38,30.2 1 2
github.com/tidepool-org/platform/structure/validator/validator.go:32.47,34.2 1 2
github.com/tidepool-org/platform/structure/validator/validator.go:36.36,38.2 1 2
github.com/tidepool-org/platform/structure/validator/validator.go:40.40,42.2 1 2
github.com/tidepool-org/platform/structure/validator/validator.go:44.37,46.2 1 2
github.com/tidepool-org/platform/structure/validator/validator.go:48.35,50.2 1 3
github.com/tidepool-org/platform/structure/validator/validator.go:52.44,54.2 1 16
github.com/tidepool-org/platform/structure/validator/validator.go:56.71,59.2 2 1
github.com/tidepool-org/platform/structure/validator/validator.go:61.72,63.2 1 2
github.com/tidepool-org/platform/structure/validator/validator.go:65.81,67.2 1 2
github.com/tidepool-org/platform/structure/validator/validator.go:69.69,71.2 1 2
github.com/tidepool-org/platform/structure/validator/validator.go:73.78,75.2 1 99
github.com/tidepool-org/platform/structure/validator/validator.go:77.90,79.2 1 2
github.com/tidepool-org/platform/structure/validator/validator.go:81.77,83.2 1 2
github.com/tidepool-org/platform/structure/validator/validator.go:85.89,87.2 1 0
github.com/tidepool-org/platform/structure/validator/validator.go:89.94,91.2 1 2
github.com/tidepool-org/platform/structure/validator/validator.go:93.83,95.2 1 2
github.com/tidepool-org/platform/structure/validator/validator.go:97.77,101.2 1 2
github.com/tidepool-org/platform/structure/validator/validator.go:103.77,107.2 1 5
github.com/tidepool-org/platform/structure/validator/validator.go:109.68,113.2 1 4
github.com/tidepool-org/platform/structure/validator/validator.go:115.73,119.2 1 17
