mode: atomic
github.com/tidepool-org/platform/request/condition.go:14.32,16.2 1 1
github.com/tidepool-org/platform/request/condition.go:18.58,20.2 1 4
github.com/tidepool-org/platform/request/condition.go:22.61,24.2 1 5
github.com/tidepool-org/platform/request/condition.go:26.60,27.23 1 3
github.com/tidepool-org/platform/request/condition.go:27.23,29.3 1 2
github.com/tidepool-org/platform/request/condition.go:30.2,30.12 1 1
github.com/tidepool-org/platform/request/errors.go:29.48,31.2 1 43
github.com/tidepool-org/platform/request/errors.go:33.75,35.2 1 1
github.com/tidepool-org/platform/request/errors.go:37.35,39.2 1 2
github.com/tidepool-org/platform/request/errors.go:41.30,43.2 1 2
github.com/tidepool-org/platform/request/errors.go:45.35,47.2 1 9
github.com/tidepool-org/platform/request/errors.go:49.32,51.2 1 3
github.com/tidepool-org/platform/request/errors.go:53.36,55.2 1 3
github.com/tidepool-org/platform/request/errors.go:57.51,59.2 1 4
github.com/tidepool-org/platform/request/errors.go:61.76,63.2 1 4
github.com/tidepool-org/platform/request/errors.go:65.85,66.21 1 4
github.com/tidepool-org/platform/request/errors.go:66.21,68.3 1 2
github.com/tidepool-org/platform/request/errors.go:69.2,69.40 1 2
github.com/tidepool-org/platform/request/errors.go:72.36,74.2 1 2
github.com/tidepool-org/platform/request/errors.go:76.43,78.2 1 1
github.com/tidepool-org/platform/request/errors.go:80.43,82.2 1 10
github.com/tidepool-org/platform/request/errors.go:84.46,86.2 1 5
github.com/tidepool-org/platform/request/errors.go:88.46,90.2 1 5
github.com/tidepool-org/platform/request/errors.go:92.32,94.2 1 1
github.com/tidepool-org/platform/request/errors.go:96.33,98.2 1 4
github.com/tidepool-org/platform/request/errors.go:100.66,102.2 1 1
github.com/tidepool-org/platform/request/errors.go:104.53,106.2 1 1
github.com/tidepool-org/platform/request/errors.go:108.53,110.2 1 1
github.com/tidepool-org/platform/request/errors.go:112.40,113.16 1 17
github.com/tidepool-org/platform/request/errors.go:113.16,114.27 1 16
github.com/tidepool-org/platform/request/errors.go:115.33,116.37 1 1
github.com/tidepool-org/platform/request/errors.go:117.28,118.32 1 1
github.com/tidepool-org/platform/request/errors.go:119.33,120.34 1 3
github.com/tidepool-org/platform/request/errors.go:121.30,122.31 1 1
github.com/tidepool-org/platform/request/errors.go:123.34,124.30 1 5
github.com/tidepool-org/platform/request/errors.go:125.34,126.43 1 1
github.com/tidepool-org/platform/request/errors.go:129.2,129.39 1 5
github.com/tidepool-org/platform/request/errors.go:132.49,134.2 1 21
github.com/tidepool-org/platform/request/errors.go:136.45,138.2 1 3
github.com/tidepool-org/platform/request/errors.go:140.42,142.2 1 3
github.com/tidepool-org/platform/request/errors.go:144.46,146.2 1 3
github.com/tidepool-org/platform/request/inspector.go:17.46,19.2 1 6
github.com/tidepool-org/platform/request/inspector.go:21.70,22.16 1 4
github.com/tidepool-org/platform/request/inspector.go:22.16,24.3 1 1
github.com/tidepool-org/platform/request/inspector.go:26.2,27.12 2 3
github.com/tidepool-org/platform/request/mutator.go:22.64,27.2 1 52
github.com/tidepool-org/platform/request/mutator.go:29.64,30.16 1 5
github.com/tidepool-org/platform/request/mutator.go:30.16,32.3 1 1
github.com/tidepool-org/platform/request/mutator.go:33.2,33.17 1 4
github.com/tidepool-org/platform/request/mutator.go:33.17,35.3 1 1
github.com/tidepool-org/platform/request/mutator.go:37.2,38.12 2 3
github.com/tidepool-org/platform/request/mutator.go:41.71,42.16 1 42
github.com/tidepool-org/platform/request/mutator.go:42.16,44.3 1 0
github.com/tidepool-org/platform/request/mutator.go:45.2,45.17 1 42
github.com/tidepool-org/platform/request/mutator.go:45.17,47.3 1 7
github.com/tidepool-org/platform/request/mutator.go:49.2,50.12 2 35
github.com/tidepool-org/platform/request/mutator.go:58.70,63.2 1 10
github.com/tidepool-org/platform/request/mutator.go:65.67,66.16 1 7
github.com/tidepool-org/platform/request/mutator.go:66.16,68.3 1 2
github.com/tidepool-org/platform/request/mutator.go:69.2,69.17 1 5
github.com/tidepool-org/platform/request/mutator.go:69.17,71.3 1 1
github.com/tidepool-org/platform/request/mutator.go:73.2,76.12 4 4
github.com/tidepool-org/platform/request/mutator.go:83.76,87.2 1 7
github.com/tidepool-org/platform/request/mutator.go:89.68,90.16 1 5
github.com/tidepool-org/platform/request/mutator.go:90.16,92.3 1 1
github.com/tidepool-org/platform/request/mutator.go:94.2,95.39 2 4
github.com/tidepool-org/platform/request/mutator.go:95.39,96.16 1 10
github.com/tidepool-org/platform/request/mutator.go:96.16,98.4 1 1
github.com/tidepool-org/platform/request/mutator.go:99.3,99.24 1 9
github.com/tidepool-org/platform/request/mutator.go:101.2,103.12 2 3
github.com/tidepool-org/platform/request/mutator.go:110.88,114.2 1 7
github.com/tidepool-org/platform/request/mutator.go:116.73,117.16 1 5
github.com/tidepool-org/platform/request/mutator.go:117.16,119.3 1 1
github.com/tidepool-org/platform/request/mutator.go:121.2,122.40 2 4
github.com/tidepool-org/platform/request/mutator.go:122.40,123.16 1 15
github.com/tidepool-org/platform/request/mutator.go:123.16,125.4 1 1
github.com/tidepool-org/platform/request/mutator.go:126.3,126.32 1 14
github.com/tidepool-org/platform/request/mutator.go:126.32,128.4 1 24
github.com/tidepool-org/platform/request/mutator.go:130.2,132.12 2 3
github.com/tidepool-org/platform/request/parser.go:20.69,21.16 1 0
github.com/tidepool-org/platform/request/parser.go:21.16,23.3 1 0
github.com/tidepool-org/platform/request/parser.go:24.2,24.21 1 0
github.com/tidepool-org/platform/request/parser.go:24.21,26.3 1 0
github.com/tidepool-org/platform/request/parser.go:28.2,29.69 2 0
github.com/tidepool-org/platform/request/parser.go:32.71,33.16 1 0
github.com/tidepool-org/platform/request/parser.go:33.16,35.3 1 0
github.com/tidepool-org/platform/request/parser.go:36.2,36.21 1 0
github.com/tidepool-org/platform/request/parser.go:36.21,38.3 1 0
github.com/tidepool-org/platform/request/parser.go:40.2,41.69 2 0
github.com/tidepool-org/platform/request/parser.go:44.88,45.66 1 0
github.com/tidepool-org/platform/request/parser.go:45.66,47.3 1 0
github.com/tidepool-org/platform/request/parser.go:48.2,48.56 1 0
github.com/tidepool-org/platform/request/parser.go:48.56,50.3 1 0
github.com/tidepool-org/platform/request/parser.go:51.2,51.41 1 0
github.com/tidepool-org/platform/request/parser.go:54.93,55.65 1 0
github.com/tidepool-org/platform/request/parser.go:55.65,57.3 1 0
github.com/tidepool-org/platform/request/parser.go:58.2,58.63 1 0
github.com/tidepool-org/platform/request/parser.go:58.63,60.3 1 0
github.com/tidepool-org/platform/request/parser.go:61.2,61.48 1 0
github.com/tidepool-org/platform/request/parser.go:64.129,66.64 2 0
github.com/tidepool-org/platform/request/parser.go:66.64,68.3 1 0
github.com/tidepool-org/platform/request/parser.go:70.2,74.23 4 0
github.com/tidepool-org/platform/request/parser.go:77.126,79.63 2 0
github.com/tidepool-org/platform/request/parser.go:79.63,81.3 1 0
github.com/tidepool-org/platform/request/parser.go:83.2,87.23 4 0
github.com/tidepool-org/platform/request/parser.go:90.74,91.19 1 0
github.com/tidepool-org/platform/request/parser.go:91.19,93.3 1 0
github.com/tidepool-org/platform/request/parser.go:94.2,94.19 1 0
github.com/tidepool-org/platform/request/parser.go:94.19,96.3 1 0
github.com/tidepool-org/platform/request/parser.go:98.2,98.63 1 0
github.com/tidepool-org/platform/request/parser.go:98.63,99.20 1 0
github.com/tidepool-org/platform/request/parser.go:99.20,101.4 1 0
github.com/tidepool-org/platform/request/parser.go:102.3,102.30 1 0
github.com/tidepool-org/platform/request/parser.go:105.2,105.12 1 0
github.com/tidepool-org/platform/request/parser.go:108.77,110.33 2 0
github.com/tidepool-org/platform/request/parser.go:110.33,111.60 1 0
github.com/tidepool-org/platform/request/parser.go:111.60,113.4 1 0
github.com/tidepool-org/platform/request/parser.go:116.2,117.43 2 0
github.com/tidepool-org/platform/request/parser.go:117.43,119.3 1 0
github.com/tidepool-org/platform/request/parser.go:120.2,120.26 1 0
github.com/tidepool-org/platform/request/parser.go:123.78,125.33 2 0
github.com/tidepool-org/platform/request/parser.go:125.33,126.62 1 0
github.com/tidepool-org/platform/request/parser.go:126.62,128.4 1 0
github.com/tidepool-org/platform/request/parser.go:131.2,132.45 2 0
github.com/tidepool-org/platform/request/parser.go:132.45,134.3 1 0
github.com/tidepool-org/platform/request/parser.go:135.2,135.27 1 0
github.com/tidepool-org/platform/request/parser.go:138.95,139.16 1 0
github.com/tidepool-org/platform/request/parser.go:139.16,141.3 1 0
github.com/tidepool-org/platform/request/parser.go:142.2,142.20 1 0
github.com/tidepool-org/platform/request/parser.go:142.20,144.3 1 0
github.com/tidepool-org/platform/request/parser.go:146.2,147.16 2 0
github.com/tidepool-org/platform/request/parser.go:147.16,149.3 1 0
github.com/tidepool-org/platform/request/parser.go:151.2,151.72 1 0
github.com/tidepool-org/platform/request/parser.go:154.98,156.41 2 0
github.com/tidepool-org/platform/request/parser.go:156.41,158.3 1 0
github.com/tidepool-org/platform/request/parser.go:160.2,160.71 1 0
github.com/tidepool-org/platform/request/parser.go:160.71,162.3 1 0
github.com/tidepool-org/platform/request/parser.go:163.2,163.84 1 0
github.com/tidepool-org/platform/request/parser.go:163.84,165.3 1 0
github.com/tidepool-org/platform/request/parser.go:166.2,166.69 1 0
github.com/tidepool-org/platform/request/parser.go:169.104,171.49 2 0
github.com/tidepool-org/platform/request/parser.go:171.49,173.3 1 0
github.com/tidepool-org/platform/request/parser.go:174.2,175.23 2 0
github.com/tidepool-org/platform/request/parser.go:178.76,179.36 1 25
github.com/tidepool-org/platform/request/parser.go:179.36,181.3 1 8
github.com/tidepool-org/platform/request/parser.go:181.8,181.47 1 17
github.com/tidepool-org/platform/request/parser.go:181.47,183.3 1 4
github.com/tidepool-org/platform/request/parser.go:183.8,183.24 1 13
github.com/tidepool-org/platform/request/parser.go:183.24,185.3 1 9
github.com/tidepool-org/platform/request/parser.go:186.2,186.37 1 4
github.com/tidepool-org/platform/request/parser.go:189.76,190.93 1 8
github.com/tidepool-org/platform/request/parser.go:190.93,192.3 1 4
github.com/tidepool-org/platform/request/parser.go:192.8,192.75 1 4
github.com/tidepool-org/platform/request/parser.go:192.75,193.65 1 4
github.com/tidepool-org/platform/request/parser.go:193.65,194.68 1 2
github.com/tidepool-org/platform/request/parser.go:194.68,196.5 1 1
github.com/tidepool-org/platform/request/parser.go:199.2,199.37 1 3
github.com/tidepool-org/platform/request/parser.go:202.76,203.93 1 6
github.com/tidepool-org/platform/request/parser.go:203.93,205.3 1 4
github.com/tidepool-org/platform/request/parser.go:205.8,205.72 1 2
github.com/tidepool-org/platform/request/parser.go:205.72,207.3 1 1
github.com/tidepool-org/platform/request/parser.go:208.2,208.37 1 1
github.com/tidepool-org/platform/request/parser.go:211.67,212.93 1 6
github.com/tidepool-org/platform/request/parser.go:212.93,214.3 1 4
github.com/tidepool-org/platform/request/parser.go:214.8,214.75 1 2
github.com/tidepool-org/platform/request/parser.go:214.75,216.3 1 1
github.com/tidepool-org/platform/request/parser.go:217.2,217.37 1 1
github.com/tidepool-org/platform/request/request.go:17.62,18.16 1 0
github.com/tidepool-org/platform/request/request.go:18.16,20.3 1 0
github.com/tidepool-org/platform/request/request.go:21.2,21.16 1 0
github.com/tidepool-org/platform/request/request.go:21.16,23.3 1 0
github.com/tidepool-org/platform/request/request.go:25.2,25.70 1 0
github.com/tidepool-org/platform/request/request.go:25.70,27.3 1 0
github.com/tidepool-org/platform/request/request.go:28.2,28.70 1 0
github.com/tidepool-org/platform/request/request.go:28.70,30.3 1 0
github.com/tidepool-org/platform/request/request.go:32.2,32.12 1 0
github.com/tidepool-org/platform/request/request.go:35.47,37.2 1 0
github.com/tidepool-org/platform/request/request.go:39.51,41.2 1 0
github.com/tidepool-org/platform/request/request.go:43.51,45.2 1 0
github.com/tidepool-org/platform/request/request.go:67.69,73.2 1 0
github.com/tidepool-org/platform/request/request.go:81.35,83.2 1 0
github.com/tidepool-org/platform/request/request.go:85.36,87.2 1 0
github.com/tidepool-org/platform/request/request.go:89.33,91.2 1 0
github.com/tidepool-org/platform/request/request.go:93.35,95.2 1 0
github.com/tidepool-org/platform/request/request.go:97.35,99.2 1 0
github.com/tidepool-org/platform/request/request.go:101.34,103.2 1 0
github.com/tidepool-org/platform/request/request.go:105.115,106.16 1 6
github.com/tidepool-org/platform/request/request.go:106.16,108.3 1 1
github.com/tidepool-org/platform/request/request.go:110.2,111.24 2 5
github.com/tidepool-org/platform/request/request.go:111.24,113.3 1 2
github.com/tidepool-org/platform/request/request.go:113.8,113.50 1 3
github.com/tidepool-org/platform/request/request.go:113.50,115.3 1 1
github.com/tidepool-org/platform/request/request.go:116.2,116.19 1 2
github.com/tidepool-org/platform/request/request.go:119.124,120.16 1 6
github.com/tidepool-org/platform/request/request.go:120.16,122.3 1 1
github.com/tidepool-org/platform/request/request.go:124.2,125.24 2 5
github.com/tidepool-org/platform/request/request.go:125.24,127.3 1 2
github.com/tidepool-org/platform/request/request.go:127.8,127.50 1 3
github.com/tidepool-org/platform/request/request.go:127.50,129.3 1 1
github.com/tidepool-org/platform/request/request.go:130.2,130.20 1 2
github.com/tidepool-org/platform/request/request.go:137.82,139.2 1 0
github.com/tidepool-org/platform/request/request.go:141.54,142.16 1 5
github.com/tidepool-org/platform/request/request.go:142.16,143.64 1 5
github.com/tidepool-org/platform/request/request.go:143.64,145.4 1 0
github.com/tidepool-org/platform/request/request.go:147.2,147.12 1 5
github.com/tidepool-org/platform/request/request.go:152.91,154.2 1 0
github.com/tidepool-org/platform/request/request.go:156.58,157.16 1 0
github.com/tidepool-org/platform/request/request.go:157.16,158.73 1 0
github.com/tidepool-org/platform/request/request.go:158.73,160.4 1 0
github.com/tidepool-org/platform/request/request.go:162.2,162.11 1 0
github.com/tidepool-org/platform/request/request.go:167.91,169.2 1 0
github.com/tidepool-org/platform/request/request.go:171.58,172.16 1 0
github.com/tidepool-org/platform/request/request.go:172.16,173.73 1 0
github.com/tidepool-org/platform/request/request.go:173.73,175.4 1 0
github.com/tidepool-org/platform/request/request.go:177.2,177.11 1 0
github.com/tidepool-org/platform/request/request.go:186.38,188.2 1 9
github.com/tidepool-org/platform/request/request.go:190.36,192.2 1 6
github.com/tidepool-org/platform/request/request.go:194.39,196.2 1 4
github.com/tidepool-org/platform/request/request.go:198.70,200.2 1 5
github.com/tidepool-org/platform/request/request.go:202.65,203.16 1 35
github.com/tidepool-org/platform/request/request.go:203.16,204.80 1 35
github.com/tidepool-org/platform/request/request.go:204.80,206.4 1 7
github.com/tidepool-org/platform/request/request.go:208.2,208.12 1 28
github.com/tidepool-org/platform/request/request.go:211.53,212.71 1 5
github.com/tidepool-org/platform/request/request.go:212.71,214.3 1 3
github.com/tidepool-org/platform/request/request.go:215.2,215.12 1 2
github.com/tidepool-org/platform/request/request.go:218.56,219.71 1 27
github.com/tidepool-org/platform/request/request.go:219.71,221.3 1 2
github.com/tidepool-org/platform/request/responder.go:23.78,25.16 2 3
github.com/tidepool-org/platform/request/responder.go:25.16,26.13 1 2
github.com/tidepool-org/platform/request/responder.go:28.2,28.18 1 1
github.com/tidepool-org/platform/request/responder.go:31.83,32.16 1 45
github.com/tidepool-org/platform/request/responder.go:32.16,34.3 1 2
github.com/tidepool-org/platform/request/responder.go:35.2,35.16 1 43
github.com/tidepool-org/platform/request/responder.go:35.16,37.3 1 2
github.com/tidepool-org/platform/request/responder.go:38.2,41.8 1 41
github.com/tidepool-org/platform/request/responder.go:44.52,45.19 1 4
github.com/tidepool-org/platform/request/responder.go:45.19,47.3 1 3
github.com/tidepool-org/platform/request/responder.go:50.87,51.51 1 3
github.com/tidepool-org/platform/request/responder.go:51.51,53.3 1 1
github.com/tidepool-org/platform/request/responder.go:53.8,55.3 1 2
github.com/tidepool-org/platform/request/responder.go:58.72,60.51 1 3
github.com/tidepool-org/platform/request/responder.go:60.51,62.3 1 1
github.com/tidepool-org/platform/request/responder.go:62.8,64.3 1 2
github.com/tidepool-org/platform/request/responder.go:67.86,68.51 1 33
github.com/tidepool-org/platform/request/responder.go:68.51,70.3 1 4
github.com/tidepool-org/platform/request/responder.go:70.8,72.90 2 29
github.com/tidepool-org/platform/request/responder.go:72.90,74.4 1 0
github.com/tidepool-org/platform/request/responder.go:74.9,74.68 1 29
github.com/tidepool-org/platform/request/responder.go:74.68,76.4 1 29
github.com/tidepool-org/platform/request/responder.go:80.85,82.2 1 3
github.com/tidepool-org/platform/request/responder.go:84.91,85.19 1 4
github.com/tidepool-org/platform/request/responder.go:85.19,87.3 1 1
github.com/tidepool-org/platform/request/responder.go:87.8,87.58 1 3
github.com/tidepool-org/platform/request/responder.go:87.58,89.3 1 1
github.com/tidepool-org/platform/request/responder.go:89.8,91.62 2 2
github.com/tidepool-org/platform/request/responder.go:91.62,93.4 1 2
github.com/tidepool-org/platform/request/responder.go:97.89,98.17 1 8
github.com/tidepool-org/platform/request/responder.go:98.17,100.3 1 1
github.com/tidepool-org/platform/request/responder.go:100.8,100.64 1 7
github.com/tidepool-org/platform/request/responder.go:100.64,102.3 1 1
github.com/tidepool-org/platform/request/responder.go:102.8,102.71 1 6
github.com/tidepool-org/platform/request/responder.go:102.71,104.3 1 1
github.com/tidepool-org/platform/request/responder.go:104.8,106.3 1 5
github.com/tidepool-org/platform/request/responder.go:109.83,110.16 1 24
github.com/tidepool-org/platform/request/responder.go:110.16,112.3 1 1
github.com/tidepool-org/platform/request/responder.go:112.8,114.81 2 23
github.com/tidepool-org/platform/request/responder.go:114.81,116.4 1 1
github.com/tidepool-org/platform/request/responder.go:116.9,118.4 1 22
github.com/tidepool-org/platform/request/responder.go:122.81,123.16 1 19
github.com/tidepool-org/platform/request/responder.go:123.16,125.3 1 1
github.com/tidepool-org/platform/request/responder.go:125.8,125.45 1 18
github.com/tidepool-org/platform/request/responder.go:125.45,127.3 1 16
github.com/tidepool-org/platform/request/responder.go:128.2,128.59 1 19
github.com/tidepool-org/platform/request/responder.go:131.81,132.16 1 5
github.com/tidepool-org/platform/request/responder.go:132.16,134.3 1 1
github.com/tidepool-org/platform/request/responder.go:135.2,135.89 1 4
github.com/tidepool-org/platform/request/responder.go:135.89,137.3 1 2
github.com/tidepool-org/platform/request/responder.go:137.8,139.3 1 2
github.com/tidepool-org/platform/request/responder.go:140.2,140.13 1 4
github.com/tidepool-org/platform/request/responder.go:143.70,144.35 1 42
github.com/tidepool-org/platform/request/responder.go:144.35,145.77 1 42
github.com/tidepool-org/platform/request/responder.go:145.77,147.4 1 7
github.com/tidepool-org/platform/request/responder.go:149.2,149.12 1 35
github.com/tidepool-org/platform/request/responder.go:152.54,153.47 1 7
github.com/tidepool-org/platform/request/responder.go:153.47,155.3 1 5
github.com/tidepool-org/platform/request/responder.go:156.2,156.12 1 2
github.com/tidepool-org/platform/request/values_parser.go:19.53,21.2 1 0
github.com/tidepool-org/platform/request/values_parser.go:23.85,25.19 2 0
github.com/tidepool-org/platform/request/values_parser.go:25.19,27.3 1 0
github.com/tidepool-org/platform/request/values_parser.go:29.2,33.3 1 0
github.com/tidepool-org/platform/request/values_parser.go:36.44,38.2 1 0
github.com/tidepool-org/platform/request/values_parser.go:40.35,42.2 1 0
github.com/tidepool-org/platform/request/values_parser.go:44.44,46.2 1 0
github.com/tidepool-org/platform/request/values_parser.go:48.33,50.2 1 0
github.com/tidepool-org/platform/request/values_parser.go:52.37,54.2 1 0
github.com/tidepool-org/platform/request/values_parser.go:56.34,58.2 1 0
github.com/tidepool-org/platform/request/values_parser.go:60.32,62.2 1 0
github.com/tidepool-org/platform/request/values_parser.go:64.41,66.2 1 0
github.com/tidepool-org/platform/request/values_parser.go:68.32,70.2 1 0
github.com/tidepool-org/platform/request/values_parser.go:72.71,75.2 2 0
github.com/tidepool-org/platform/request/values_parser.go:77.40,78.21 1 0
github.com/tidepool-org/platform/request/values_parser.go:78.21,80.3 1 0
github.com/tidepool-org/platform/request/values_parser.go:82.2,83.35 2 0
github.com/tidepool-org/platform/request/values_parser.go:83.35,85.3 1 0
github.com/tidepool-org/platform/request/values_parser.go:87.2,87.19 1 0
github.com/tidepool-org/platform/request/values_parser.go:90.57,91.21 1 0
github.com/tidepool-org/platform/request/values_parser.go:91.21,93.3 1 0
github.com/tidepool-org/platform/request/values_parser.go:95.2,96.11 2 0
github.com/tidepool-org/platform/request/values_parser.go:99.47,101.9 2 0
github.com/tidepool-org/platform/request/values_parser.go:101.9,103.3 1 0
github.com/tidepool-org/platform/request/values_parser.go:105.2,106.16 2 0
github.com/tidepool-org/platform/request/values_parser.go:106.16,109.3 2 0
github.com/tidepool-org/platform/request/values_parser.go:111.2,111.19 1 0
github.com/tidepool-org/platform/request/values_parser.go:114.53,116.9 2 0
github.com/tidepool-org/platform/request/values_parser.go:116.9,118.3 1 0
github.com/tidepool-org/platform/request/values_parser.go:120.2,121.16 2 0
github.com/tidepool-org/platform/request/values_parser.go:121.16,124.3 2 0
github.com/tidepool-org/platform/request/values_parser.go:126.2,126.22 1 0
github.com/tidepool-org/platform/request/values_parser.go:129.45,131.9 2 0
github.com/tidepool-org/platform/request/values_parser.go:131.9,133.3 1 0
github.com/tidepool-org/platform/request/values_parser.go:135.2,136.16 2 0
github.com/tidepool-org/platform/request/values_parser.go:136.16,139.3 2 0
github.com/tidepool-org/platform/request/values_parser.go:141.2,143.18 2 0
github.com/tidepool-org/platform/request/values_parser.go:146.51,148.9 2 0
github.com/tidepool-org/platform/request/values_parser.go:148.9,150.3 1 0
github.com/tidepool-org/platform/request/values_parser.go:152.2,152.18 1 0
github.com/tidepool-org/platform/request/values_parser.go:155.58,156.21 1 0
github.com/tidepool-org/platform/request/values_parser.go:156.21,158.3 1 0
github.com/tidepool-org/platform/request/values_parser.go:160.2,161.9 2 0
github.com/tidepool-org/platform/request/values_parser.go:161.9,163.3 1 0
github.com/tidepool-org/platform/request/values_parser.go:165.2,166.26 2 0
github.com/tidepool-org/platform/request/values_parser.go:166.26,168.3 1 0
github.com/tidepool-org/platform/request/values_parser.go:170.2,173.39 3 0
github.com/tidepool-org/platform/request/values_parser.go:173.39,175.3 1 0
github.com/tidepool-org/platform/request/values_parser.go:177.2,177.26 1 0
github.com/tidepool-org/platform/request/values_parser.go:180.67,182.9 2 0
github.com/tidepool-org/platform/request/values_parser.go:182.9,184.3 1 0
github.com/tidepool-org/platform/request/values_parser.go:186.2,187.16 2 0
github.com/tidepool-org/platform/request/values_parser.go:187.16,190.3 2 0
github.com/tidepool-org/platform/request/values_parser.go:192.2,192.19 1 0
github.com/tidepool-org/platform/request/values_parser.go:197.76,199.9 2 0
github.com/tidepool-org/platform/request/values_parser.go:199.9,201.3 1 0
github.com/tidepool-org/platform/request/values_parser.go:203.2,205.16 3 0
github.com/tidepool-org/platform/request/values_parser.go:205.16,208.3 2 0
github.com/tidepool-org/platform/request/values_parser.go:210.2,210.19 1 0
github.com/tidepool-org/platform/request/values_parser.go:213.67,215.9 2 0
github.com/tidepool-org/platform/request/values_parser.go:215.9,217.3 1 0
github.com/tidepool-org/platform/request/values_parser.go:219.2,220.12 2 0
github.com/tidepool-org/platform/request/values_parser.go:223.57,225.9 2 0
github.com/tidepool-org/platform/request/values_parser.go:225.9,227.3 1 0
github.com/tidepool-org/platform/request/values_parser.go:229.2,230.12 2 0
github.com/tidepool-org/platform/request/values_parser.go:233.59,235.9 2 0
github.com/tidepool-org/platform/request/values_parser.go:235.9,237.3 1 0
github.com/tidepool-org/platform/request/values_parser.go:239.2,240.22 2 0
github.com/tidepool-org/platform/request/values_parser.go:243.36,244.21 1 0
github.com/tidepool-org/platform/request/values_parser.go:244.21,246.3 1 0
github.com/tidepool-org/platform/request/values_parser.go:248.2,248.35 1 0
github.com/tidepool-org/platform/request/values_parser.go:248.35,249.56 1 0
github.com/tidepool-org/platform/request/values_parser.go:249.56,251.4 1 0
github.com/tidepool-org/platform/request/values_parser.go:254.2,254.18 1 0
github.com/tidepool-org/platform/request/values_parser.go:257.77,263.2 1 0
github.com/tidepool-org/platform/request/values_parser.go:265.77,271.2 1 0
github.com/tidepool-org/platform/request/values_parser.go:273.68,279.2 1 0
github.com/tidepool-org/platform/request/values_parser.go:281.85,283.2 1 0
github.com/tidepool-org/platform/request/values_parser.go:285.83,287.2 1 0
github.com/tidepool-org/platform/request/values_parser.go:289.87,291.2 1 0
github.com/tidepool-org/platform/request/values_parser.go:293.55,294.21 1 0
github.com/tidepool-org/platform/request/values_parser.go:294.21,296.3 1 0
github.com/tidepool-org/platform/request/values_parser.go:298.2,299.9 2 0
github.com/tidepool-org/platform/request/values_parser.go:299.9,301.3 1 0
github.com/tidepool-org/platform/request/values_parser.go:303.2,304.26 2 0
github.com/tidepool-org/platform/request/values_parser.go:304.26,306.3 1 0
github.com/tidepool-org/platform/request/values_parser.go:308.2,310.28 2 0
