mode: atomic
github.com/tidepool-org/platform/platform/client.go:30.71,31.16 1 35
github.com/tidepool-org/platform/platform/client.go:31.16,33.3 1 1
github.com/tidepool-org/platform/platform/client.go:33.8,33.46 1 34
github.com/tidepool-org/platform/platform/client.go:33.46,35.3 1 1
github.com/tidepool-org/platform/platform/client.go:36.2,36.73 1 33
github.com/tidepool-org/platform/platform/client.go:36.73,38.3 1 1
github.com/tidepool-org/platform/platform/client.go:40.2,41.16 2 32
github.com/tidepool-org/platform/platform/client.go:41.16,43.3 1 0
github.com/tidepool-org/platform/platform/client.go:51.2,52.24 2 32
github.com/tidepool-org/platform/platform/client.go:52.24,54.3 1 0
github.com/tidepool-org/platform/platform/client.go:54.8,56.3 1 32
github.com/tidepool-org/platform/platform/client.go:58.2,67.8 2 32
github.com/tidepool-org/platform/platform/client.go:70.46,72.2 1 23
github.com/tidepool-org/platform/platform/client.go:74.82,75.16 1 27
github.com/tidepool-org/platform/platform/client.go:75.16,77.3 1 6
github.com/tidepool-org/platform/platform/client.go:79.2,80.30 2 21
github.com/tidepool-org/platform/platform/client.go:80.30,81.28 1 11
github.com/tidepool-org/platform/platform/client.go:81.28,83.4 1 9
github.com/tidepool-org/platform/platform/client.go:83.9,83.101 1 2
github.com/tidepool-org/platform/platform/client.go:83.101,85.4 1 1
github.com/tidepool-org/platform/platform/client.go:85.9,87.4 1 1
github.com/tidepool-org/platform/platform/client.go:88.8,90.21 2 10
github.com/tidepool-org/platform/platform/client.go:90.21,92.4 1 1
github.com/tidepool-org/platform/platform/client.go:93.3,93.71 1 9
github.com/tidepool-org/platform/platform/client.go:95.2,95.82 1 19
github.com/tidepool-org/platform/platform/client.go:98.44,100.2 1 18
github.com/tidepool-org/platform/platform/client.go:102.204,104.16 2 10
github.com/tidepool-org/platform/platform/client.go:104.16,106.3 1 2
github.com/tidepool-org/platform/platform/client.go:108.2,108.134 1 8
github.com/tidepool-org/platform/platform/client.go:111.211,113.16 2 10
github.com/tidepool-org/platform/platform/client.go:113.16,115.3 1 2
github.com/tidepool-org/platform/platform/client.go:117.2,117.146 1 8
github.com/tidepool-org/platform/platform/config.go:13.26,17.2 1 46
github.com/tidepool-org/platform/platform/config.go:19.61,20.54 1 5
github.com/tidepool-org/platform/platform/config.go:20.54,22.3 1 1
github.com/tidepool-org/platform/platform/config.go:24.2,26.12 2 4
github.com/tidepool-org/platform/platform/mutator.go:16.83,20.2 1 17
github.com/tidepool-org/platform/platform/mutator.go:22.76,23.33 1 6
github.com/tidepool-org/platform/platform/mutator.go:23.33,25.3 1 1
github.com/tidepool-org/platform/platform/mutator.go:27.2,27.43 1 5
github.com/tidepool-org/platform/platform/mutator.go:34.98,38.2 1 5
github.com/tidepool-org/platform/platform/mutator.go:40.82,41.36 1 2
github.com/tidepool-org/platform/platform/mutator.go:41.36,43.3 1 1
github.com/tidepool-org/platform/platform/mutator.go:45.2,45.46 1 1
github.com/tidepool-org/platform/platform/mutator.go:52.86,56.2 1 15
github.com/tidepool-org/platform/platform/mutator.go:58.77,59.33 1 6
github.com/tidepool-org/platform/platform/mutator.go:59.33,61.3 1 1
github.com/tidepool-org/platform/platform/mutator.go:63.2,63.43 1 5
github.com/tidepool-org/platform/platform/mutator.go:70.57,74.2 1 26
github.com/tidepool-org/platform/platform/mutator.go:76.63,77.16 1 10
github.com/tidepool-org/platform/platform/mutator.go:77.16,79.3 1 1
github.com/tidepool-org/platform/platform/mutator.go:81.2,81.22 1 9
github.com/tidepool-org/platform/platform/mutator.go:81.22,82.59 1 9
github.com/tidepool-org/platform/platform/mutator.go:82.59,84.4 1 0
github.com/tidepool-org/platform/platform/mutator.go:87.2,87.12 1 9
