mode: atomic
github.com/tidepool-org/platform/errors/caller.go:18.35,19.57 1 12
github.com/tidepool-org/platform/errors/caller.go:19.57,33.3 7 12
github.com/tidepool-org/platform/errors/caller.go:34.2,34.12 1 0
github.com/tidepool-org/platform/errors/caller.go:37.39,40.2 2 0
github.com/tidepool-org/platform/errors/caller.go:42.36,45.2 2 0
github.com/tidepool-org/platform/errors/caller.go:47.55,48.49 1 0
github.com/tidepool-org/platform/errors/caller.go:48.49,50.3 1 0
github.com/tidepool-org/platform/errors/caller.go:51.2,51.50 1 0
github.com/tidepool-org/platform/errors/caller.go:51.50,53.3 1 0
github.com/tidepool-org/platform/errors/caller.go:54.2,54.46 1 0
github.com/tidepool-org/platform/errors/caller.go:54.46,56.3 1 0
github.com/tidepool-org/platform/errors/caller.go:57.2,57.43 1 0
github.com/tidepool-org/platform/errors/caller.go:57.43,59.3 1 0
github.com/tidepool-org/platform/errors/caller.go:62.58,67.2 4 0
github.com/tidepool-org/platform/errors/caller.go:69.62,69.63 0 0
github.com/tidepool-org/platform/errors/caller.go:71.13,72.45 1 1
github.com/tidepool-org/platform/errors/caller.go:72.45,74.3 1 1
github.com/tidepool-org/platform/errors/errors.go:28.55,29.51 1 0
github.com/tidepool-org/platform/errors/errors.go:29.51,31.3 1 0
github.com/tidepool-org/platform/errors/errors.go:32.2,32.49 1 0
github.com/tidepool-org/platform/errors/errors.go:32.49,34.3 1 0
github.com/tidepool-org/platform/errors/errors.go:37.58,38.23 1 0
github.com/tidepool-org/platform/errors/errors.go:38.23,40.3 1 0
github.com/tidepool-org/platform/errors/errors.go:43.62,43.63 0 0
github.com/tidepool-org/platform/errors/errors.go:45.31,50.2 1 7
github.com/tidepool-org/platform/errors/errors.go:52.50,57.2 1 1
github.com/tidepool-org/platform/errors/errors.go:59.43,61.16 2 2
github.com/tidepool-org/platform/errors/errors.go:61.16,65.3 1 1
github.com/tidepool-org/platform/errors/errors.go:66.2,70.3 1 2
github.com/tidepool-org/platform/errors/errors.go:73.62,75.16 2 2
github.com/tidepool-org/platform/errors/errors.go:75.16,79.3 1 1
github.com/tidepool-org/platform/errors/errors.go:80.2,84.3 1 2
github.com/tidepool-org/platform/errors/errors.go:87.63,94.2 1 0
github.com/tidepool-org/platform/errors/errors.go:96.82,103.2 1 0
github.com/tidepool-org/platform/errors/errors.go:105.78,107.16 2 0
github.com/tidepool-org/platform/errors/errors.go:107.16,111.3 1 0
github.com/tidepool-org/platform/errors/errors.go:112.2,118.3 1 0
github.com/tidepool-org/platform/errors/errors.go:121.97,123.16 2 0
github.com/tidepool-org/platform/errors/errors.go:123.16,127.3 1 0
github.com/tidepool-org/platform/errors/errors.go:128.2,134.3 1 0
github.com/tidepool-org/platform/errors/errors.go:137.46,140.16 2 0
github.com/tidepool-org/platform/errors/errors.go:140.16,143.39 3 0
github.com/tidepool-org/platform/errors/errors.go:143.39,148.4 1 0
github.com/tidepool-org/platform/errors/errors.go:151.2,151.41 1 0
github.com/tidepool-org/platform/errors/errors.go:151.41,153.3 1 0
github.com/tidepool-org/platform/errors/errors.go:153.8,153.59 1 0
github.com/tidepool-org/platform/errors/errors.go:153.59,163.3 1 0
github.com/tidepool-org/platform/errors/errors.go:163.8,163.23 1 0
github.com/tidepool-org/platform/errors/errors.go:163.23,168.3 1 0
github.com/tidepool-org/platform/errors/errors.go:169.2,169.12 1 0
github.com/tidepool-org/platform/errors/errors.go:172.50,173.41 1 0
github.com/tidepool-org/platform/errors/errors.go:173.41,175.3 1 0
github.com/tidepool-org/platform/errors/errors.go:175.8,175.59 1 0
github.com/tidepool-org/platform/errors/errors.go:175.59,185.3 1 0
github.com/tidepool-org/platform/errors/errors.go:185.8,185.23 1 0
github.com/tidepool-org/platform/errors/errors.go:185.23,190.3 1 0
github.com/tidepool-org/platform/errors/errors.go:191.2,191.12 1 0
github.com/tidepool-org/platform/errors/errors.go:194.29,195.52 1 0
github.com/tidepool-org/platform/errors/errors.go:195.52,197.3 1 0
github.com/tidepool-org/platform/errors/errors.go:198.2,198.11 1 0
github.com/tidepool-org/platform/errors/errors.go:201.29,202.110 1 0
github.com/tidepool-org/platform/errors/errors.go:202.110,204.3 1 0
github.com/tidepool-org/platform/errors/errors.go:205.2,205.12 1 0
github.com/tidepool-org/platform/errors/errors.go:208.34,210.27 2 3
github.com/tidepool-org/platform/errors/errors.go:210.27,211.17 1 6
github.com/tidepool-org/platform/errors/errors.go:211.17,213.4 1 6
github.com/tidepool-org/platform/errors/errors.go:215.2,215.21 1 3
github.com/tidepool-org/platform/errors/errors.go:216.9,217.13 1 0
github.com/tidepool-org/platform/errors/errors.go:218.9,219.19 1 0
github.com/tidepool-org/platform/errors/errors.go:220.10,223.4 1 3
github.com/tidepool-org/platform/errors/errors.go:227.54,228.48 1 6
github.com/tidepool-org/platform/errors/errors.go:228.48,230.3 1 0
github.com/tidepool-org/platform/errors/errors.go:230.8,230.59 1 6
github.com/tidepool-org/platform/errors/errors.go:230.59,232.3 1 5
github.com/tidepool-org/platform/errors/errors.go:232.8,232.23 1 1
github.com/tidepool-org/platform/errors/errors.go:232.23,234.3 1 1
github.com/tidepool-org/platform/errors/errors.go:235.2,235.15 1 0
github.com/tidepool-org/platform/errors/errors.go:238.33,239.41 1 1
github.com/tidepool-org/platform/errors/errors.go:239.41,241.3 1 0
github.com/tidepool-org/platform/errors/errors.go:241.8,241.51 1 1
github.com/tidepool-org/platform/errors/errors.go:241.51,243.3 1 0
github.com/tidepool-org/platform/errors/errors.go:243.8,243.23 1 1
github.com/tidepool-org/platform/errors/errors.go:243.23,247.3 1 1
github.com/tidepool-org/platform/errors/errors.go:248.2,248.12 1 0
github.com/tidepool-org/platform/errors/errors.go:255.32,256.46 1 0
github.com/tidepool-org/platform/errors/errors.go:256.46,258.3 1 0
github.com/tidepool-org/platform/errors/errors.go:259.2,259.12 1 0
github.com/tidepool-org/platform/errors/errors.go:266.47,267.16 1 5
github.com/tidepool-org/platform/errors/errors.go:267.16,269.3 1 0
github.com/tidepool-org/platform/errors/errors.go:270.2,272.3 1 5
github.com/tidepool-org/platform/errors/errors.go:275.79,276.56 1 0
github.com/tidepool-org/platform/errors/errors.go:276.56,277.54 1 0
github.com/tidepool-org/platform/errors/errors.go:277.54,283.4 5 0
github.com/tidepool-org/platform/errors/errors.go:283.9,283.72 1 0
github.com/tidepool-org/platform/errors/errors.go:283.72,289.4 5 0
github.com/tidepool-org/platform/errors/errors.go:289.9,289.57 1 0
github.com/tidepool-org/platform/errors/errors.go:289.57,291.4 1 0
github.com/tidepool-org/platform/errors/errors.go:295.64,296.52 1 0
github.com/tidepool-org/platform/errors/errors.go:296.52,298.3 1 0
github.com/tidepool-org/platform/errors/errors.go:298.8,298.63 1 0
github.com/tidepool-org/platform/errors/errors.go:298.63,300.3 1 0
github.com/tidepool-org/platform/errors/errors.go:303.67,304.52 1 0
github.com/tidepool-org/platform/errors/errors.go:304.52,306.3 1 0
github.com/tidepool-org/platform/errors/errors.go:306.8,306.63 1 0
github.com/tidepool-org/platform/errors/errors.go:306.63,308.3 1 0
github.com/tidepool-org/platform/errors/errors.go:311.53,312.52 1 0
github.com/tidepool-org/platform/errors/errors.go:312.52,314.3 1 0
github.com/tidepool-org/platform/errors/errors.go:314.8,314.63 1 0
github.com/tidepool-org/platform/errors/errors.go:314.63,316.3 1 0
github.com/tidepool-org/platform/errors/errors.go:316.8,316.27 1 0
github.com/tidepool-org/platform/errors/errors.go:316.27,318.3 1 0
github.com/tidepool-org/platform/errors/errors.go:319.2,319.17 1 0
github.com/tidepool-org/platform/errors/errors.go:322.58,324.58 2 0
github.com/tidepool-org/platform/errors/errors.go:324.58,326.59 2 0
github.com/tidepool-org/platform/errors/errors.go:326.59,328.59 2 0
github.com/tidepool-org/platform/errors/errors.go:328.59,330.5 1 0
github.com/tidepool-org/platform/errors/errors.go:331.4,331.35 1 0
github.com/tidepool-org/platform/errors/errors.go:332.9,334.41 2 0
github.com/tidepool-org/platform/errors/errors.go:334.41,336.5 1 0
github.com/tidepool-org/platform/errors/errors.go:337.4,337.23 1 0
github.com/tidepool-org/platform/errors/errors.go:337.23,339.5 1 0
github.com/tidepool-org/platform/errors/errors.go:341.8,343.3 1 0
github.com/tidepool-org/platform/errors/errors.go:344.2,344.12 1 0
github.com/tidepool-org/platform/errors/errors.go:347.73,348.52 1 5
github.com/tidepool-org/platform/errors/errors.go:348.52,350.3 1 3
github.com/tidepool-org/platform/errors/errors.go:350.8,350.63 1 2
github.com/tidepool-org/platform/errors/errors.go:350.63,352.3 1 1
github.com/tidepool-org/platform/errors/errors.go:352.8,352.27 1 1
github.com/tidepool-org/platform/errors/errors.go:352.27,354.3 1 1
github.com/tidepool-org/platform/errors/errors.go:355.2,355.32 1 0
github.com/tidepool-org/platform/errors/errors.go:358.79,359.11 1 5
github.com/tidepool-org/platform/errors/errors.go:360.23,362.15 2 1
github.com/tidepool-org/platform/errors/errors.go:362.15,364.4 1 0
github.com/tidepool-org/platform/errors/errors.go:365.3,365.26 1 1
github.com/tidepool-org/platform/errors/errors.go:366.22,369.17 3 3
github.com/tidepool-org/platform/errors/errors.go:369.17,371.4 1 0
github.com/tidepool-org/platform/errors/errors.go:372.3,372.33 1 3
github.com/tidepool-org/platform/errors/errors.go:372.33,374.23 2 6
github.com/tidepool-org/platform/errors/errors.go:375.35,377.64 2 6
github.com/tidepool-org/platform/errors/errors.go:377.64,379.6 1 0
github.com/tidepool-org/platform/errors/errors.go:380.5,380.27 1 6
github.com/tidepool-org/platform/errors/errors.go:381.25,383.17 2 0
github.com/tidepool-org/platform/errors/errors.go:383.17,385.6 1 0
github.com/tidepool-org/platform/errors/errors.go:386.5,386.39 1 0
github.com/tidepool-org/platform/errors/errors.go:387.12,388.69 1 0
github.com/tidepool-org/platform/errors/errors.go:391.3,391.20 1 3
github.com/tidepool-org/platform/errors/errors.go:391.20,393.4 1 3
github.com/tidepool-org/platform/errors/errors.go:394.33,396.57 2 1
github.com/tidepool-org/platform/errors/errors.go:396.57,398.4 1 0
github.com/tidepool-org/platform/errors/errors.go:399.3,399.22 1 1
github.com/tidepool-org/platform/errors/errors.go:400.10,401.60 1 0
github.com/tidepool-org/platform/errors/errors.go:404.2,404.12 1 5
github.com/tidepool-org/platform/errors/errors.go:411.32,413.31 2 0
github.com/tidepool-org/platform/errors/errors.go:413.31,415.3 1 0
github.com/tidepool-org/platform/errors/errors.go:416.2,416.33 1 0
github.com/tidepool-org/platform/errors/errors.go:419.52,420.35 1 0
github.com/tidepool-org/platform/errors/errors.go:420.35,421.16 1 0
github.com/tidepool-org/platform/errors/errors.go:421.16,423.4 1 0
github.com/tidepool-org/platform/errors/errors.go:424.3,424.47 1 0
github.com/tidepool-org/platform/errors/errors.go:424.47,426.4 1 0
github.com/tidepool-org/platform/errors/errors.go:426.9,427.16 1 0
github.com/tidepool-org/platform/errors/errors.go:428.13,429.34 1 0
github.com/tidepool-org/platform/errors/errors.go:430.13,431.34 1 0
github.com/tidepool-org/platform/errors/errors.go:432.13,433.24 1 0
github.com/tidepool-org/platform/errors/errors.go:433.24,435.6 1 0
github.com/tidepool-org/platform/errors/errors.go:435.11,435.31 1 0
github.com/tidepool-org/platform/errors/errors.go:435.31,437.6 1 0
github.com/tidepool-org/platform/errors/errors.go:437.11,439.6 1 0
github.com/tidepool-org/platform/errors/errors.go:445.53,446.48 1 0
github.com/tidepool-org/platform/errors/errors.go:446.48,452.3 5 0
github.com/tidepool-org/platform/errors/errors.go:455.57,456.35 1 0
github.com/tidepool-org/platform/errors/errors.go:456.35,457.53 1 0
github.com/tidepool-org/platform/errors/errors.go:457.53,459.4 1 0
github.com/tidepool-org/platform/errors/errors.go:463.60,464.35 1 0
github.com/tidepool-org/platform/errors/errors.go:464.35,465.53 1 0
github.com/tidepool-org/platform/errors/errors.go:465.53,467.4 1 0
github.com/tidepool-org/platform/errors/errors.go:471.34,473.31 2 0
github.com/tidepool-org/platform/errors/errors.go:473.31,474.49 1 0
github.com/tidepool-org/platform/errors/errors.go:474.49,476.4 1 0
github.com/tidepool-org/platform/errors/errors.go:477.3,477.17 1 0
github.com/tidepool-org/platform/errors/errors.go:477.17,479.4 1 0
github.com/tidepool-org/platform/errors/errors.go:481.2,483.3 1 0
github.com/tidepool-org/platform/errors/errors.go:496.33,498.44 2 6
github.com/tidepool-org/platform/errors/errors.go:498.44,500.3 1 2
github.com/tidepool-org/platform/errors/errors.go:501.2,501.12 1 6
github.com/tidepool-org/platform/errors/errors.go:504.53,505.14 1 0
github.com/tidepool-org/platform/errors/errors.go:506.11,507.38 1 0
github.com/tidepool-org/platform/errors/errors.go:508.11,509.38 1 0
github.com/tidepool-org/platform/errors/errors.go:510.11,511.22 1 0
github.com/tidepool-org/platform/errors/errors.go:511.22,513.20 2 0
github.com/tidepool-org/platform/errors/errors.go:513.20,515.5 1 0
github.com/tidepool-org/platform/errors/errors.go:516.4,516.21 1 0
github.com/tidepool-org/platform/errors/errors.go:516.21,518.5 1 0
github.com/tidepool-org/platform/errors/errors.go:519.4,520.23 2 0
github.com/tidepool-org/platform/errors/errors.go:520.23,522.5 1 0
github.com/tidepool-org/platform/errors/errors.go:523.4,523.21 1 0
github.com/tidepool-org/platform/errors/errors.go:523.21,525.5 1 0
github.com/tidepool-org/platform/errors/errors.go:526.4,526.23 1 0
github.com/tidepool-org/platform/errors/errors.go:526.23,528.5 1 0
github.com/tidepool-org/platform/errors/errors.go:529.4,529.22 1 0
github.com/tidepool-org/platform/errors/errors.go:529.22,531.5 1 0
github.com/tidepool-org/platform/errors/errors.go:532.4,532.71 1 0
github.com/tidepool-org/platform/errors/errors.go:533.9,535.4 1 0
github.com/tidepool-org/platform/errors/errors.go:539.55,540.46 1 0
github.com/tidepool-org/platform/errors/errors.go:540.46,542.3 1 0
github.com/tidepool-org/platform/errors/errors.go:543.2,543.47 1 0
github.com/tidepool-org/platform/errors/errors.go:543.47,545.3 1 0
github.com/tidepool-org/platform/errors/errors.go:546.2,546.48 1 0
github.com/tidepool-org/platform/errors/errors.go:546.48,548.3 1 0
github.com/tidepool-org/platform/errors/errors.go:549.2,549.87 1 0
github.com/tidepool-org/platform/errors/errors.go:549.87,553.3 3 0
github.com/tidepool-org/platform/errors/errors.go:554.2,554.49 1 0
github.com/tidepool-org/platform/errors/errors.go:554.49,556.3 1 0
github.com/tidepool-org/platform/errors/errors.go:557.2,557.87 1 0
github.com/tidepool-org/platform/errors/errors.go:557.87,561.3 3 0
github.com/tidepool-org/platform/errors/errors.go:562.2,562.37 1 0
github.com/tidepool-org/platform/errors/errors.go:562.37,565.3 2 0
github.com/tidepool-org/platform/errors/errors.go:568.58,569.21 1 0
github.com/tidepool-org/platform/errors/errors.go:569.21,571.3 1 0
github.com/tidepool-org/platform/errors/errors.go:572.2,572.21 1 0
github.com/tidepool-org/platform/errors/errors.go:572.21,574.3 1 0
github.com/tidepool-org/platform/errors/errors.go:575.2,575.20 1 0
github.com/tidepool-org/platform/errors/errors.go:575.20,577.3 1 0
github.com/tidepool-org/platform/errors/errors.go:580.61,581.21 1 0
github.com/tidepool-org/platform/errors/errors.go:581.21,583.3 1 0
github.com/tidepool-org/platform/errors/errors.go:584.2,584.21 1 0
github.com/tidepool-org/platform/errors/errors.go:584.21,586.3 1 0
github.com/tidepool-org/platform/errors/errors.go:587.2,587.20 1 0
github.com/tidepool-org/platform/errors/errors.go:587.20,589.3 1 0
github.com/tidepool-org/platform/errors/errors.go:592.35,600.2 1 0
github.com/tidepool-org/platform/errors/errors.go:606.74,608.2 1 0
github.com/tidepool-org/platform/errors/errors.go:610.50,611.16 1 0
github.com/tidepool-org/platform/errors/errors.go:611.16,612.56 1 0
github.com/tidepool-org/platform/errors/errors.go:612.56,614.4 1 0
github.com/tidepool-org/platform/errors/errors.go:616.2,616.12 1 0
