mode: atomic
github.com/tidepool-org/platform/net/net.go:15.42,17.2 1 13
github.com/tidepool-org/platform/net/net.go:19.78,21.2 1 13
github.com/tidepool-org/platform/net/net.go:23.44,24.17 1 39
github.com/tidepool-org/platform/net/net.go:24.17,26.3 1 3
github.com/tidepool-org/platform/net/net.go:26.8,26.64 1 36
github.com/tidepool-org/platform/net/net.go:26.64,28.3 1 12
github.com/tidepool-org/platform/net/net.go:28.8,28.66 1 24
github.com/tidepool-org/platform/net/net.go:28.66,30.3 1 3
github.com/tidepool-org/platform/net/net.go:31.2,31.12 1 21
github.com/tidepool-org/platform/net/net.go:34.54,36.16 2 13
github.com/tidepool-org/platform/net/net.go:36.16,38.3 1 5
github.com/tidepool-org/platform/net/net.go:39.2,40.18 2 8
github.com/tidepool-org/platform/net/net.go:40.18,42.3 1 0
github.com/tidepool-org/platform/net/net.go:43.2,43.21 1 8
github.com/tidepool-org/platform/net/net.go:46.46,48.2 1 32
github.com/tidepool-org/platform/net/net.go:50.82,52.2 1 32
github.com/tidepool-org/platform/net/net.go:54.48,55.17 1 96
github.com/tidepool-org/platform/net/net.go:55.17,57.3 1 3
github.com/tidepool-org/platform/net/net.go:57.8,57.56 1 93
github.com/tidepool-org/platform/net/net.go:57.56,59.3 1 54
github.com/tidepool-org/platform/net/net.go:59.8,59.70 1 39
github.com/tidepool-org/platform/net/net.go:59.70,61.3 1 3
github.com/tidepool-org/platform/net/net.go:62.2,62.12 1 36
github.com/tidepool-org/platform/net/net.go:65.48,67.2 1 7
github.com/tidepool-org/platform/net/net.go:69.84,71.2 1 7
github.com/tidepool-org/platform/net/net.go:73.50,74.17 1 21
github.com/tidepool-org/platform/net/net.go:74.17,76.3 1 3
github.com/tidepool-org/platform/net/net.go:76.8,76.54 1 18
github.com/tidepool-org/platform/net/net.go:76.54,78.3 1 9
github.com/tidepool-org/platform/net/net.go:78.8,78.72 1 9
github.com/tidepool-org/platform/net/net.go:78.72,80.3 1 3
github.com/tidepool-org/platform/net/net.go:81.2,81.12 1 6
github.com/tidepool-org/platform/net/net.go:84.36,86.2 1 7
github.com/tidepool-org/platform/net/net.go:88.72,90.2 1 7
github.com/tidepool-org/platform/net/net.go:92.38,93.17 1 21
github.com/tidepool-org/platform/net/net.go:93.17,95.3 1 3
github.com/tidepool-org/platform/net/net.go:95.8,95.105 1 18
github.com/tidepool-org/platform/net/net.go:95.105,97.3 1 9
github.com/tidepool-org/platform/net/net.go:97.8,97.60 1 9
github.com/tidepool-org/platform/net/net.go:97.60,99.3 1 3
github.com/tidepool-org/platform/net/net.go:100.2,100.12 1 6
github.com/tidepool-org/platform/net/net.go:103.62,105.2 1 18
github.com/tidepool-org/platform/net/net.go:107.66,109.2 1 74
github.com/tidepool-org/platform/net/net.go:111.68,113.2 1 14
github.com/tidepool-org/platform/net/net.go:115.56,117.2 1 14
