mode: atomic
github.com/tidepool-org/platform/service/error.go:17.62,18.21 1 4
github.com/tidepool-org/platform/service/error.go:18.21,20.3 1 1
github.com/tidepool-org/platform/service/error.go:21.2,22.10 2 4
github.com/tidepool-org/platform/service/error.go:25.58,26.21 1 4
github.com/tidepool-org/platform/service/error.go:26.21,28.3 1 1
github.com/tidepool-org/platform/service/error.go:29.2,30.10 2 4
github.com/tidepool-org/platform/service/error.go:33.51,36.2 2 3
github.com/tidepool-org/platform/service/errors.go:10.42,17.2 1 1
github.com/tidepool-org/platform/service/errors.go:19.36,26.2 1 1
github.com/tidepool-org/platform/service/errors.go:28.33,35.2 1 1
github.com/tidepool-org/platform/service/errors.go:37.34,44.2 1 1
github.com/tidepool-org/platform/service/errors.go:46.52,52.2 1 4
github.com/tidepool-org/platform/service/errors.go:54.52,60.2 1 4
github.com/tidepool-org/platform/service/errors.go:62.50,68.2 1 4
github.com/tidepool-org/platform/service/errors.go:70.51,76.2 1 4
github.com/tidepool-org/platform/service/errors.go:78.49,84.2 1 4
github.com/tidepool-org/platform/service/errors.go:86.51,92.2 1 4
github.com/tidepool-org/platform/service/errors.go:94.50,100.2 1 4
github.com/tidepool-org/platform/service/errors.go:102.68,108.2 1 1
github.com/tidepool-org/platform/service/errors.go:110.35,116.2 1 1
github.com/tidepool-org/platform/service/errors.go:118.85,124.2 1 4
github.com/tidepool-org/platform/service/errors.go:126.101,132.2 1 4
github.com/tidepool-org/platform/service/errors.go:134.76,136.45 2 3
github.com/tidepool-org/platform/service/errors.go:136.45,138.3 1 3
github.com/tidepool-org/platform/service/errors.go:139.2,144.3 2 3
github.com/tidepool-org/platform/service/errors.go:147.60,148.52 1 28
github.com/tidepool-org/platform/service/errors.go:148.52,150.3 1 12
github.com/tidepool-org/platform/service/errors.go:151.2,151.23 1 16
github.com/tidepool-org/platform/service/request.go:26.51,27.16 1 4
github.com/tidepool-org/platform/service/request.go:27.16,28.60 1 3
github.com/tidepool-org/platform/service/request.go:28.60,30.4 1 1
github.com/tidepool-org/platform/service/request.go:32.2,32.12 1 3
github.com/tidepool-org/platform/service/request.go:35.57,36.16 1 3
github.com/tidepool-org/platform/service/request.go:36.16,37.18 1 2
github.com/tidepool-org/platform/service/request.go:37.18,39.4 1 1
github.com/tidepool-org/platform/service/request.go:39.9,41.4 1 1
github.com/tidepool-org/platform/service/request.go:45.53,46.16 1 4
github.com/tidepool-org/platform/service/request.go:46.16,47.64 1 3
github.com/tidepool-org/platform/service/request.go:47.64,49.4 1 1
github.com/tidepool-org/platform/service/request.go:51.2,51.12 1 3
github.com/tidepool-org/platform/service/request.go:54.61,55.16 1 3
github.com/tidepool-org/platform/service/request.go:55.16,56.20 1 2
github.com/tidepool-org/platform/service/request.go:56.20,58.4 1 1
github.com/tidepool-org/platform/service/request.go:58.9,60.4 1 1
github.com/tidepool-org/platform/service/request.go:64.63,65.16 1 4
github.com/tidepool-org/platform/service/request.go:65.16,66.75 1 3
github.com/tidepool-org/platform/service/request.go:66.75,68.4 1 1
github.com/tidepool-org/platform/service/request.go:70.2,70.12 1 3
github.com/tidepool-org/platform/service/request.go:73.72,74.16 1 3
github.com/tidepool-org/platform/service/request.go:74.16,75.21 1 2
github.com/tidepool-org/platform/service/request.go:75.21,77.4 1 1
github.com/tidepool-org/platform/service/request.go:77.9,79.4 1 1
github.com/tidepool-org/platform/service/request.go:83.55,84.16 1 7
github.com/tidepool-org/platform/service/request.go:84.16,85.72 1 6
github.com/tidepool-org/platform/service/request.go:85.72,87.4 1 3
github.com/tidepool-org/platform/service/request.go:89.2,89.11 1 4
github.com/tidepool-org/platform/service/request.go:92.69,93.16 1 3
github.com/tidepool-org/platform/service/request.go:93.16,94.25 1 2
github.com/tidepool-org/platform/service/request.go:94.25,96.4 1 1
github.com/tidepool-org/platform/service/request.go:96.9,98.4 1 1
github.com/tidepool-org/platform/service/request.go:102.55,103.16 1 7
github.com/tidepool-org/platform/service/request.go:103.16,104.72 1 6
github.com/tidepool-org/platform/service/request.go:104.72,106.4 1 3
github.com/tidepool-org/platform/service/request.go:108.2,108.11 1 4
github.com/tidepool-org/platform/service/request.go:111.69,112.16 1 3
github.com/tidepool-org/platform/service/request.go:112.16,113.25 1 2
github.com/tidepool-org/platform/service/request.go:113.25,115.4 1 1
github.com/tidepool-org/platform/service/request.go:115.9,117.4 1 1
github.com/tidepool-org/platform/service/request.go:121.92,122.26 1 5
github.com/tidepool-org/platform/service/request.go:122.26,124.3 1 1
github.com/tidepool-org/platform/service/request.go:125.2,125.31 1 4
github.com/tidepool-org/platform/service/request.go:125.31,127.3 1 1
github.com/tidepool-org/platform/service/request.go:129.2,129.79 1 3
github.com/tidepool-org/platform/service/request.go:129.79,131.3 1 2
github.com/tidepool-org/platform/service/request.go:132.2,132.79 1 3
github.com/tidepool-org/platform/service/request.go:132.79,134.3 1 2
github.com/tidepool-org/platform/service/request.go:136.2,136.12 1 3
github.com/tidepool-org/platform/service/response.go:9.50,10.21 1 1
github.com/tidepool-org/platform/service/response.go:10.21,12.3 1 1
