mode: atomic
github.com/tidepool-org/platform/crypto/crypto.go:15.48,18.2 2 4
github.com/tidepool-org/platform/crypto/crypto.go:20.53,22.2 1 5
github.com/tidepool-org/platform/crypto/crypto.go:24.89,26.2 1 5
github.com/tidepool-org/platform/crypto/crypto.go:28.55,29.17 1 15
github.com/tidepool-org/platform/crypto/crypto.go:29.17,31.3 1 3
github.com/tidepool-org/platform/crypto/crypto.go:31.8,31.77 1 12
github.com/tidepool-org/platform/crypto/crypto.go:31.77,33.3 1 3
github.com/tidepool-org/platform/crypto/crypto.go:33.8,33.29 1 9
github.com/tidepool-org/platform/crypto/crypto.go:33.29,35.3 1 6
github.com/tidepool-org/platform/crypto/crypto.go:36.2,36.12 1 3
github.com/tidepool-org/platform/crypto/crypto.go:39.73,41.2 1 14
github.com/tidepool-org/platform/crypto/crypto.go:43.52,46.2 2 4
github.com/tidepool-org/platform/crypto/crypto.go:48.94,49.15 1 24
github.com/tidepool-org/platform/crypto/crypto.go:49.15,50.31 1 24
github.com/tidepool-org/platform/crypto/crypto.go:50.31,52.4 1 0
github.com/tidepool-org/platform/crypto/crypto.go:55.2,55.21 1 24
github.com/tidepool-org/platform/crypto/crypto.go:55.21,57.3 1 2
github.com/tidepool-org/platform/crypto/crypto.go:58.2,58.26 1 22
github.com/tidepool-org/platform/crypto/crypto.go:58.26,60.3 1 2
github.com/tidepool-org/platform/crypto/crypto.go:62.2,63.42 2 20
github.com/tidepool-org/platform/crypto/crypto.go:66.94,67.15 1 24
github.com/tidepool-org/platform/crypto/crypto.go:67.15,68.31 1 24
github.com/tidepool-org/platform/crypto/crypto.go:68.31,70.4 1 0
github.com/tidepool-org/platform/crypto/crypto.go:73.2,73.21 1 24
github.com/tidepool-org/platform/crypto/crypto.go:73.21,75.3 1 2
github.com/tidepool-org/platform/crypto/crypto.go:76.2,76.26 1 22
github.com/tidepool-org/platform/crypto/crypto.go:76.26,78.3 1 2
github.com/tidepool-org/platform/crypto/crypto.go:80.2,81.42 2 20
github.com/tidepool-org/platform/crypto/crypto.go:84.77,86.16 2 20
github.com/tidepool-org/platform/crypto/crypto.go:86.16,88.3 1 0
github.com/tidepool-org/platform/crypto/crypto.go:90.2,93.28 4 20
github.com/tidepool-org/platform/crypto/crypto.go:96.77,98.16 2 20
github.com/tidepool-org/platform/crypto/crypto.go:98.16,100.3 1 0
github.com/tidepool-org/platform/crypto/crypto.go:102.2,104.49 3 20
github.com/tidepool-org/platform/crypto/crypto.go:107.50,112.2 4 120
github.com/tidepool-org/platform/crypto/crypto.go:114.41,118.2 3 120
github.com/tidepool-org/platform/crypto/crypto.go:120.45,122.25 2 20
github.com/tidepool-org/platform/crypto/crypto.go:122.25,124.3 1 1
github.com/tidepool-org/platform/crypto/crypto.go:126.2,129.37 4 19
github.com/tidepool-org/platform/crypto/crypto.go:129.37,131.3 1 168
github.com/tidepool-org/platform/crypto/crypto.go:132.2,132.20 1 19
github.com/tidepool-org/platform/crypto/crypto.go:135.47,137.37 2 20
github.com/tidepool-org/platform/crypto/crypto.go:137.37,139.3 1 1
github.com/tidepool-org/platform/crypto/crypto.go:141.2,141.42 1 19
github.com/tidepool-org/platform/crypto/crypto.go:144.67,147.25 3 40
github.com/tidepool-org/platform/crypto/crypto.go:147.25,150.3 2 120
github.com/tidepool-org/platform/crypto/crypto.go:151.2,151.37 1 40
