mode: atomic
github.com/tidepool-org/platform/client/client.go:27.40,28.16 1 66
github.com/tidepool-org/platform/client/client.go:28.16,30.3 1 1
github.com/tidepool-org/platform/client/client.go:30.8,30.46 1 65
github.com/tidepool-org/platform/client/client.go:30.46,32.3 1 1
github.com/tidepool-org/platform/client/client.go:34.2,37.8 1 64
github.com/tidepool-org/platform/client/client.go:40.55,42.29 2 14
github.com/tidepool-org/platform/client/client.go:42.29,44.3 1 24
github.com/tidepool-org/platform/client/client.go:45.2,45.93 1 14
github.com/tidepool-org/platform/client/client.go:48.83,50.26 2 4
github.com/tidepool-org/platform/client/client.go:50.26,52.3 1 4
github.com/tidepool-org/platform/client/client.go:54.2,55.23 2 4
github.com/tidepool-org/platform/client/client.go:55.23,56.39 1 2
github.com/tidepool-org/platform/client/client.go:56.39,58.4 1 1
github.com/tidepool-org/platform/client/client.go:58.9,60.4 1 1
github.com/tidepool-org/platform/client/client.go:61.3,61.27 1 2
github.com/tidepool-org/platform/client/client.go:64.2,64.18 1 4
github.com/tidepool-org/platform/client/client.go:67.242,68.23 1 49
github.com/tidepool-org/platform/client/client.go:68.23,70.3 1 2
github.com/tidepool-org/platform/client/client.go:72.2,73.16 2 47
github.com/tidepool-org/platform/client/client.go:73.16,75.3 1 10
github.com/tidepool-org/platform/client/client.go:77.2,78.16 2 37
github.com/tidepool-org/platform/client/client.go:78.16,80.3 1 2
github.com/tidepool-org/platform/client/client.go:82.2,82.39 1 35
github.com/tidepool-org/platform/client/client.go:82.39,83.55 1 55
github.com/tidepool-org/platform/client/client.go:83.55,86.4 2 2
github.com/tidepool-org/platform/client/client.go:89.2,89.40 1 33
github.com/tidepool-org/platform/client/client.go:92.249,95.16 3 26
github.com/tidepool-org/platform/client/client.go:95.16,97.3 1 18
github.com/tidepool-org/platform/client/client.go:97.8,97.24 1 8
github.com/tidepool-org/platform/client/client.go:97.24,99.3 1 2
github.com/tidepool-org/platform/client/client.go:101.2,103.25 2 6
github.com/tidepool-org/platform/client/client.go:103.25,105.3 1 1
github.com/tidepool-org/platform/client/client.go:107.2,107.79 1 5
github.com/tidepool-org/platform/client/client.go:110.163,111.16 1 47
github.com/tidepool-org/platform/client/client.go:111.16,113.3 1 2
github.com/tidepool-org/platform/client/client.go:114.2,114.18 1 45
github.com/tidepool-org/platform/client/client.go:114.18,116.3 1 2
github.com/tidepool-org/platform/client/client.go:117.2,117.15 1 43
github.com/tidepool-org/platform/client/client.go:117.15,119.3 1 2
github.com/tidepool-org/platform/client/client.go:121.2,124.24 3 41
github.com/tidepool-org/platform/client/client.go:124.24,125.97 1 36
github.com/tidepool-org/platform/client/client.go:125.97,126.49 1 36
github.com/tidepool-org/platform/client/client.go:126.49,128.5 1 2
github.com/tidepool-org/platform/client/client.go:128.10,130.71 2 34
github.com/tidepool-org/platform/client/client.go:130.71,132.6 1 2
github.com/tidepool-org/platform/client/client.go:133.5,134.109 2 32
github.com/tidepool-org/platform/client/client.go:139.2,140.16 2 39
github.com/tidepool-org/platform/client/client.go:140.16,142.3 1 0
github.com/tidepool-org/platform/client/client.go:144.2,146.35 2 39
github.com/tidepool-org/platform/client/client.go:146.35,147.51 1 145
github.com/tidepool-org/platform/client/client.go:147.51,149.4 1 2
github.com/tidepool-org/platform/client/client.go:154.2,156.17 2 37
github.com/tidepool-org/platform/client/client.go:159.116,162.49 2 33
github.com/tidepool-org/platform/client/client.go:162.49,163.25 1 13
github.com/tidepool-org/platform/client/client.go:164.54,166.19 2 4
github.com/tidepool-org/platform/client/client.go:167.11,168.24 1 9
github.com/tidepool-org/platform/client/client.go:172.2,176.79 3 20
github.com/tidepool-org/platform/client/client.go:176.79,178.3 1 0
github.com/tidepool-org/platform/client/client.go:178.8,178.28 1 20
github.com/tidepool-org/platform/client/client.go:178.28,180.3 1 1
github.com/tidepool-org/platform/client/client.go:180.8,180.85 1 19
github.com/tidepool-org/platform/client/client.go:180.85,182.3 1 12
github.com/tidepool-org/platform/client/client.go:182.8,182.38 1 7
github.com/tidepool-org/platform/client/client.go:182.38,184.3 1 1
github.com/tidepool-org/platform/client/client.go:186.2,186.31 1 20
github.com/tidepool-org/platform/client/client.go:186.31,188.3 1 14
github.com/tidepool-org/platform/client/client.go:190.2,192.41 2 20
github.com/tidepool-org/platform/client/client.go:193.35,194.30 1 2
github.com/tidepool-org/platform/client/client.go:195.40,196.36 1 2
github.com/tidepool-org/platform/client/client.go:197.43,198.38 1 2
github.com/tidepool-org/platform/client/client.go:201.2,201.32 1 20
github.com/tidepool-org/platform/client/client.go:204.71,205.24 1 14
github.com/tidepool-org/platform/client/client.go:206.29,207.35 1 2
github.com/tidepool-org/platform/client/client.go:208.31,209.40 1 2
github.com/tidepool-org/platform/client/client.go:210.28,211.37 1 2
github.com/tidepool-org/platform/client/client.go:212.27,213.41 1 2
github.com/tidepool-org/platform/client/client.go:214.40,215.41 1 2
github.com/tidepool-org/platform/client/client.go:216.34,217.40 1 2
github.com/tidepool-org/platform/client/client.go:218.10,219.51 1 2
github.com/tidepool-org/platform/client/client.go:223.54,224.23 1 13
github.com/tidepool-org/platform/client/client.go:224.23,226.3 1 12
github.com/tidepool-org/platform/client/client.go:227.2,227.14 1 1
github.com/tidepool-org/platform/client/client.go:230.42,233.2 2 32
github.com/tidepool-org/platform/client/config.go:17.26,19.2 1 76
github.com/tidepool-org/platform/client/config.go:21.61,22.27 1 4
github.com/tidepool-org/platform/client/config.go:22.27,24.3 1 1
github.com/tidepool-org/platform/client/config.go:26.2,29.12 3 3
github.com/tidepool-org/platform/client/config.go:32.35,33.21 1 69
github.com/tidepool-org/platform/client/config.go:33.21,35.3 1 2
github.com/tidepool-org/platform/client/config.go:35.8,35.55 1 67
github.com/tidepool-org/platform/client/config.go:35.55,37.3 1 1
github.com/tidepool-org/platform/client/config.go:38.2,38.23 1 66
github.com/tidepool-org/platform/client/config.go:38.23,40.3 1 1
github.com/tidepool-org/platform/client/config.go:42.2,42.12 1 65
