mode: atomic
github.com/tidepool-org/platform/alerts/config.go:42.57,46.2 3 3
github.com/tidepool-org/platform/alerts/config.go:48.57,49.24 1 3
github.com/tidepool-org/platform/alerts/config.go:49.24,51.3 1 2
github.com/tidepool-org/platform/alerts/config.go:52.2,52.18 1 3
github.com/tidepool-org/platform/alerts/config.go:52.18,54.3 1 2
github.com/tidepool-org/platform/alerts/config.go:55.2,55.19 1 3
github.com/tidepool-org/platform/alerts/config.go:55.19,57.3 1 1
github.com/tidepool-org/platform/alerts/config.go:58.2,58.25 1 3
github.com/tidepool-org/platform/alerts/config.go:58.25,60.3 1 1
github.com/tidepool-org/platform/alerts/config.go:61.2,61.30 1 3
github.com/tidepool-org/platform/alerts/config.go:61.30,63.3 1 1
github.com/tidepool-org/platform/alerts/config.go:76.55,80.2 3 41
github.com/tidepool-org/platform/alerts/config.go:91.81,92.29 1 41
github.com/tidepool-org/platform/alerts/config.go:92.29,94.3 1 31
github.com/tidepool-org/platform/alerts/config.go:95.2,95.23 1 10
github.com/tidepool-org/platform/alerts/config.go:95.23,97.3 1 2
github.com/tidepool-org/platform/alerts/config.go:98.2,98.23 1 10
github.com/tidepool-org/platform/alerts/config.go:98.23,100.3 1 1
github.com/tidepool-org/platform/alerts/config.go:111.65,114.2 2 6
github.com/tidepool-org/platform/alerts/config.go:122.66,126.2 3 5
github.com/tidepool-org/platform/alerts/config.go:134.71,138.2 3 5
github.com/tidepool-org/platform/alerts/config.go:149.59,154.2 4 7
github.com/tidepool-org/platform/alerts/config.go:165.60,170.2 4 13
github.com/tidepool-org/platform/alerts/config.go:177.57,178.51 1 16
github.com/tidepool-org/platform/alerts/config.go:178.51,181.3 2 2
github.com/tidepool-org/platform/alerts/config.go:182.2,183.16 2 14
github.com/tidepool-org/platform/alerts/config.go:183.16,185.3 1 1
github.com/tidepool-org/platform/alerts/config.go:186.2,187.12 2 13
github.com/tidepool-org/platform/alerts/config.go:190.57,193.2 2 1
github.com/tidepool-org/platform/alerts/config.go:195.51,197.2 1 75
github.com/tidepool-org/platform/alerts/config.go:211.52,218.17 3 31
github.com/tidepool-org/platform/alerts/config.go:219.34,222.49 3 25
github.com/tidepool-org/platform/alerts/config.go:223.36,226.49 3 3
github.com/tidepool-org/platform/alerts/config.go:227.10,228.71 1 3
