mode: atomic
github.com/tidepool-org/platform/data/blood/glucose/glucose.go:33.23,35.2 1 1
github.com/tidepool-org/platform/data/blood/glucose/glucose.go:37.59,38.18 1 98
github.com/tidepool-org/platform/data/blood/glucose/glucose.go:38.18,39.17 1 95
github.com/tidepool-org/platform/data/blood/glucose/glucose.go:40.21,41.37 1 46
github.com/tidepool-org/platform/data/blood/glucose/glucose.go:42.19,43.35 1 46
github.com/tidepool-org/platform/data/blood/glucose/glucose.go:46.2,46.42 1 6
github.com/tidepool-org/platform/data/blood/glucose/glucose.go:49.44,50.18 1 6
github.com/tidepool-org/platform/data/blood/glucose/glucose.go:50.18,51.17 1 5
github.com/tidepool-org/platform/data/blood/glucose/glucose.go:52.33,53.36 1 4
github.com/tidepool-org/platform/data/blood/glucose/glucose.go:56.2,56.14 1 2
github.com/tidepool-org/platform/data/blood/glucose/glucose.go:59.69,60.34 1 1606
github.com/tidepool-org/platform/data/blood/glucose/glucose.go:60.34,61.17 1 1576
github.com/tidepool-org/platform/data/blood/glucose/glucose.go:62.19,65.22 3 1011
github.com/tidepool-org/platform/data/blood/glucose/glucose.go:68.2,68.14 1 595
github.com/tidepool-org/platform/data/blood/glucose/target.go:17.57,18.22 1 0
github.com/tidepool-org/platform/data/blood/glucose/target.go:18.22,20.3 1 0
github.com/tidepool-org/platform/data/blood/glucose/target.go:21.2,23.14 3 0
github.com/tidepool-org/platform/data/blood/glucose/target.go:26.26,28.2 1 113
github.com/tidepool-org/platform/data/blood/glucose/target.go:30.55,35.2 4 0
github.com/tidepool-org/platform/data/blood/glucose/target.go:37.73,38.39 1 88
github.com/tidepool-org/platform/data/blood/glucose/target.go:38.39,43.3 4 24
github.com/tidepool-org/platform/data/blood/glucose/target.go:43.8,43.45 1 64
github.com/tidepool-org/platform/data/blood/glucose/target.go:43.45,48.3 4 22
github.com/tidepool-org/platform/data/blood/glucose/target.go:48.8,48.28 1 42
github.com/tidepool-org/platform/data/blood/glucose/target.go:48.28,53.3 4 18
github.com/tidepool-org/platform/data/blood/glucose/target.go:53.8,53.42 1 24
github.com/tidepool-org/platform/data/blood/glucose/target.go:53.42,58.3 4 16
github.com/tidepool-org/platform/data/blood/glucose/target.go:58.8,58.25 1 8
github.com/tidepool-org/platform/data/blood/glucose/target.go:58.25,60.3 1 4
github.com/tidepool-org/platform/data/blood/glucose/target.go:60.8,62.3 1 4
github.com/tidepool-org/platform/data/blood/glucose/target.go:65.71,66.53 1 12
github.com/tidepool-org/platform/data/blood/glucose/target.go:66.53,71.3 4 12
github.com/tidepool-org/platform/data/blood/glucose/target.go:81.38,82.39 1 0
github.com/tidepool-org/platform/data/blood/glucose/target.go:82.39,87.3 1 0
github.com/tidepool-org/platform/data/blood/glucose/target.go:87.8,87.45 1 0
github.com/tidepool-org/platform/data/blood/glucose/target.go:87.45,92.3 1 0
github.com/tidepool-org/platform/data/blood/glucose/target.go:92.8,92.28 1 0
github.com/tidepool-org/platform/data/blood/glucose/target.go:92.28,97.3 1 0
github.com/tidepool-org/platform/data/blood/glucose/target.go:97.8,97.42 1 0
github.com/tidepool-org/platform/data/blood/glucose/target.go:97.42,102.3 1 0
github.com/tidepool-org/platform/data/blood/glucose/target.go:104.2,104.12 1 0
github.com/tidepool-org/platform/data/blood/glucose/target.go:107.71,108.18 1 68
github.com/tidepool-org/platform/data/blood/glucose/target.go:108.18,109.17 1 67
github.com/tidepool-org/platform/data/blood/glucose/target.go:110.21,111.50 1 34
github.com/tidepool-org/platform/data/blood/glucose/target.go:111.50,113.5 1 26
github.com/tidepool-org/platform/data/blood/glucose/target.go:114.19,115.48 1 32
github.com/tidepool-org/platform/data/blood/glucose/target.go:115.48,117.5 1 24
github.com/tidepool-org/platform/data/blood/glucose/target.go:120.2,120.42 1 18
github.com/tidepool-org/platform/data/blood/glucose/target.go:123.57,125.2 1 22
github.com/tidepool-org/platform/data/blood/glucose/target.go:127.75,128.18 1 54
github.com/tidepool-org/platform/data/blood/glucose/target.go:128.18,129.17 1 53
github.com/tidepool-org/platform/data/blood/glucose/target.go:130.21,131.56 1 26
github.com/tidepool-org/platform/data/blood/glucose/target.go:131.56,133.5 1 20
github.com/tidepool-org/platform/data/blood/glucose/target.go:134.19,135.54 1 26
github.com/tidepool-org/platform/data/blood/glucose/target.go:135.54,137.5 1 20
github.com/tidepool-org/platform/data/blood/glucose/target.go:140.2,140.42 1 14
github.com/tidepool-org/platform/data/blood/glucose/target.go:143.60,145.2 1 70
