mode: atomic
github.com/tidepool-org/platform/pointer/clone.go:5.36,6.19 1 2
github.com/tidepool-org/platform/pointer/clone.go:6.19,8.3 1 1
github.com/tidepool-org/platform/pointer/clone.go:9.2,10.15 2 1
github.com/tidepool-org/platform/pointer/clone.go:13.58,14.19 1 2
github.com/tidepool-org/platform/pointer/clone.go:14.19,16.3 1 1
github.com/tidepool-org/platform/pointer/clone.go:17.2,18.15 2 1
github.com/tidepool-org/platform/pointer/clone.go:21.45,22.19 1 2
github.com/tidepool-org/platform/pointer/clone.go:22.19,24.3 1 1
github.com/tidepool-org/platform/pointer/clone.go:25.2,26.15 2 1
github.com/tidepool-org/platform/pointer/clone.go:29.33,30.19 1 2
github.com/tidepool-org/platform/pointer/clone.go:30.19,32.3 1 1
github.com/tidepool-org/platform/pointer/clone.go:33.2,34.15 2 1
github.com/tidepool-org/platform/pointer/clone.go:37.42,38.19 1 2
github.com/tidepool-org/platform/pointer/clone.go:38.19,40.3 1 1
github.com/tidepool-org/platform/pointer/clone.go:41.2,42.15 2 1
github.com/tidepool-org/platform/pointer/clone.go:45.51,46.19 1 4
github.com/tidepool-org/platform/pointer/clone.go:46.19,48.3 1 1
github.com/tidepool-org/platform/pointer/clone.go:49.2,50.20 2 3
github.com/tidepool-org/platform/pointer/clone.go:50.20,53.3 2 2
github.com/tidepool-org/platform/pointer/clone.go:54.2,54.15 1 3
github.com/tidepool-org/platform/pointer/clone.go:57.46,58.19 1 2
github.com/tidepool-org/platform/pointer/clone.go:58.19,60.3 1 1
github.com/tidepool-org/platform/pointer/clone.go:61.2,62.15 2 1
github.com/tidepool-org/platform/pointer/default.go:5.56,6.18 1 2
github.com/tidepool-org/platform/pointer/default.go:6.18,8.3 1 1
github.com/tidepool-org/platform/pointer/default.go:9.2,9.14 1 1
github.com/tidepool-org/platform/pointer/default.go:12.87,13.18 1 2
github.com/tidepool-org/platform/pointer/default.go:13.18,15.3 1 1
github.com/tidepool-org/platform/pointer/default.go:16.2,16.14 1 1
github.com/tidepool-org/platform/pointer/default.go:19.68,20.18 1 2
github.com/tidepool-org/platform/pointer/default.go:20.18,22.3 1 1
github.com/tidepool-org/platform/pointer/default.go:23.2,23.14 1 1
github.com/tidepool-org/platform/pointer/default.go:26.52,27.18 1 2
github.com/tidepool-org/platform/pointer/default.go:27.18,29.3 1 1
github.com/tidepool-org/platform/pointer/default.go:30.2,30.14 1 1
github.com/tidepool-org/platform/pointer/default.go:33.64,34.18 1 2
github.com/tidepool-org/platform/pointer/default.go:34.18,36.3 1 1
github.com/tidepool-org/platform/pointer/default.go:37.2,37.14 1 1
github.com/tidepool-org/platform/pointer/default.go:40.75,41.18 1 4
github.com/tidepool-org/platform/pointer/default.go:41.18,43.3 1 1
github.com/tidepool-org/platform/pointer/default.go:44.2,44.14 1 3
github.com/tidepool-org/platform/pointer/default.go:47.71,48.18 1 2
github.com/tidepool-org/platform/pointer/default.go:48.18,50.3 1 1
github.com/tidepool-org/platform/pointer/default.go:51.2,51.14 1 1
github.com/tidepool-org/platform/pointer/equal.go:5.39,6.30 1 9
github.com/tidepool-org/platform/pointer/equal.go:6.30,8.3 1 4
github.com/tidepool-org/platform/pointer/equal.go:8.8,8.33 1 5
github.com/tidepool-org/platform/pointer/equal.go:8.33,10.3 1 1
github.com/tidepool-org/platform/pointer/equal.go:11.2,11.17 1 4
github.com/tidepool-org/platform/pointer/equal.go:14.61,15.30 1 5
github.com/tidepool-org/platform/pointer/equal.go:15.30,17.3 1 2
github.com/tidepool-org/platform/pointer/equal.go:17.8,17.33 1 3
github.com/tidepool-org/platform/pointer/equal.go:17.33,19.3 1 1
github.com/tidepool-org/platform/pointer/equal.go:20.2,20.17 1 2
github.com/tidepool-org/platform/pointer/equal.go:23.48,24.30 1 5
github.com/tidepool-org/platform/pointer/equal.go:24.30,26.3 1 2
github.com/tidepool-org/platform/pointer/equal.go:26.8,26.33 1 3
github.com/tidepool-org/platform/pointer/equal.go:26.33,28.3 1 1
github.com/tidepool-org/platform/pointer/equal.go:29.2,29.17 1 2
github.com/tidepool-org/platform/pointer/equal.go:32.36,33.30 1 5
github.com/tidepool-org/platform/pointer/equal.go:33.30,35.3 1 2
github.com/tidepool-org/platform/pointer/equal.go:35.8,35.33 1 3
github.com/tidepool-org/platform/pointer/equal.go:35.33,37.3 1 1
github.com/tidepool-org/platform/pointer/equal.go:38.2,38.17 1 2
github.com/tidepool-org/platform/pointer/equal.go:41.45,42.30 1 5
github.com/tidepool-org/platform/pointer/equal.go:42.30,44.3 1 2
github.com/tidepool-org/platform/pointer/equal.go:44.8,44.33 1 3
github.com/tidepool-org/platform/pointer/equal.go:44.33,46.3 1 1
github.com/tidepool-org/platform/pointer/equal.go:47.2,47.17 1 2
github.com/tidepool-org/platform/pointer/equal.go:50.54,51.30 1 12
github.com/tidepool-org/platform/pointer/equal.go:51.30,53.3 1 4
github.com/tidepool-org/platform/pointer/equal.go:53.8,53.33 1 8
github.com/tidepool-org/platform/pointer/equal.go:53.33,55.3 1 1
github.com/tidepool-org/platform/pointer/equal.go:56.2,56.24 1 7
github.com/tidepool-org/platform/pointer/equal.go:56.24,58.3 1 4
github.com/tidepool-org/platform/pointer/equal.go:59.2,59.24 1 3
github.com/tidepool-org/platform/pointer/equal.go:59.24,60.33 1 4
github.com/tidepool-org/platform/pointer/equal.go:60.33,62.4 1 1
github.com/tidepool-org/platform/pointer/equal.go:64.2,64.13 1 2
github.com/tidepool-org/platform/pointer/equal.go:67.49,68.30 1 7
github.com/tidepool-org/platform/pointer/equal.go:68.30,70.3 1 2
github.com/tidepool-org/platform/pointer/equal.go:70.8,70.33 1 5
github.com/tidepool-org/platform/pointer/equal.go:70.33,72.3 1 1
github.com/tidepool-org/platform/pointer/equal.go:73.2,73.20 1 4
github.com/tidepool-org/platform/pointer/from.go:5.33,7.2 1 13
github.com/tidepool-org/platform/pointer/from.go:9.55,11.2 1 7
github.com/tidepool-org/platform/pointer/from.go:13.42,15.2 1 7
github.com/tidepool-org/platform/pointer/from.go:17.30,19.2 1 7
github.com/tidepool-org/platform/pointer/from.go:21.36,23.2 1 0
github.com/tidepool-org/platform/pointer/from.go:25.39,27.2 1 7
github.com/tidepool-org/platform/pointer/from.go:29.48,31.2 1 21
github.com/tidepool-org/platform/pointer/from.go:33.43,35.2 1 11
github.com/tidepool-org/platform/pointer/from.go:37.33,39.2 1 0
github.com/tidepool-org/platform/pointer/to.go:5.29,6.16 1 2
github.com/tidepool-org/platform/pointer/to.go:6.16,8.3 1 1
github.com/tidepool-org/platform/pointer/to.go:9.2,9.13 1 1
github.com/tidepool-org/platform/pointer/to.go:12.51,13.16 1 2
github.com/tidepool-org/platform/pointer/to.go:13.16,15.3 1 1
github.com/tidepool-org/platform/pointer/to.go:16.2,16.13 1 1
github.com/tidepool-org/platform/pointer/to.go:19.38,20.16 1 2
github.com/tidepool-org/platform/pointer/to.go:20.16,22.3 1 1
github.com/tidepool-org/platform/pointer/to.go:23.2,23.13 1 1
github.com/tidepool-org/platform/pointer/to.go:26.26,27.16 1 2
github.com/tidepool-org/platform/pointer/to.go:27.16,29.3 1 1
github.com/tidepool-org/platform/pointer/to.go:30.2,30.13 1 1
github.com/tidepool-org/platform/pointer/to.go:33.35,34.16 1 2
github.com/tidepool-org/platform/pointer/to.go:34.16,36.3 1 1
github.com/tidepool-org/platform/pointer/to.go:37.2,37.13 1 1
github.com/tidepool-org/platform/pointer/to.go:40.44,41.16 1 4
github.com/tidepool-org/platform/pointer/to.go:41.16,43.3 1 1
github.com/tidepool-org/platform/pointer/to.go:44.2,44.13 1 3
github.com/tidepool-org/platform/pointer/to.go:47.39,48.16 1 2
github.com/tidepool-org/platform/pointer/to.go:48.16,50.3 1 1
github.com/tidepool-org/platform/pointer/to.go:51.2,51.13 1 1
