mode: atomic
github.com/tidepool-org/platform/time/zone/zone.go:17.23,19.2 1 2
github.com/tidepool-org/platform/time/zone/zone.go:21.37,23.2 1 3
github.com/tidepool-org/platform/time/zone/zone.go:25.73,27.2 1 3
github.com/tidepool-org/platform/time/zone/zone.go:29.39,30.17 1 9
github.com/tidepool-org/platform/time/zone/zone.go:30.17,32.3 1 3
github.com/tidepool-org/platform/time/zone/zone.go:32.8,32.103 1 6
github.com/tidepool-org/platform/time/zone/zone.go:32.103,34.3 1 3
github.com/tidepool-org/platform/time/zone/zone.go:35.2,35.12 1 3
github.com/tidepool-org/platform/time/zone/zone.go:38.57,40.2 1 6
github.com/tidepool-org/platform/time/zone/zone.go:52.13,54.16 2 1
github.com/tidepool-org/platform/time/zone/zone.go:54.16,55.13 1 0
github.com/tidepool-org/platform/time/zone/zone.go:57.2,57.25 1 1
github.com/tidepool-org/platform/time/zone/zone.go:60.70,62.40 2 1
github.com/tidepool-org/platform/time/zone/zone.go:62.40,64.17 2 3
github.com/tidepool-org/platform/time/zone/zone.go:64.17,66.4 1 0
github.com/tidepool-org/platform/time/zone/zone.go:67.3,67.43 1 3
github.com/tidepool-org/platform/time/zone/zone.go:69.2,70.19 2 1
github.com/tidepool-org/platform/time/zone/zone.go:73.79,74.21 1 23
github.com/tidepool-org/platform/time/zone/zone.go:74.21,76.3 1 0
github.com/tidepool-org/platform/time/zone/zone.go:78.2,79.16 2 23
github.com/tidepool-org/platform/time/zone/zone.go:79.16,80.25 1 2
github.com/tidepool-org/platform/time/zone/zone.go:80.25,82.4 1 2
github.com/tidepool-org/platform/time/zone/zone.go:83.3,83.18 1 0
github.com/tidepool-org/platform/time/zone/zone.go:86.2,87.37 2 21
github.com/tidepool-org/platform/time/zone/zone.go:87.37,89.37 2 625
github.com/tidepool-org/platform/time/zone/zone.go:89.37,90.12 1 8
github.com/tidepool-org/platform/time/zone/zone.go:93.3,93.23 1 617
github.com/tidepool-org/platform/time/zone/zone.go:93.23,96.18 3 20
github.com/tidepool-org/platform/time/zone/zone.go:96.18,98.5 1 0
github.com/tidepool-org/platform/time/zone/zone.go:99.4,99.44 1 20
github.com/tidepool-org/platform/time/zone/zone.go:100.9,102.52 2 597
github.com/tidepool-org/platform/time/zone/zone.go:102.52,104.5 1 597
github.com/tidepool-org/platform/time/zone/zone.go:108.2,109.19 2 21
