mode: atomic
github.com/tidepool-org/platform/auth/auth.go:35.103,37.2 1 0
github.com/tidepool-org/platform/auth/auth.go:39.64,40.16 1 0
github.com/tidepool-org/platform/auth/auth.go:40.16,41.85 1 0
github.com/tidepool-org/platform/auth/auth.go:41.85,43.4 1 0
github.com/tidepool-org/platform/auth/auth.go:45.2,45.11 1 0
github.com/tidepool-org/platform/auth/provider_session.go:22.31,26.2 1 0
github.com/tidepool-org/platform/auth/provider_session.go:43.56,45.2 1 0
github.com/tidepool-org/platform/auth/provider_session.go:47.70,50.2 2 0
github.com/tidepool-org/platform/auth/provider_session.go:52.73,55.2 2 0
github.com/tidepool-org/platform/auth/provider_session.go:57.72,59.19 2 0
github.com/tidepool-org/platform/auth/provider_session.go:59.19,61.3 1 0
github.com/tidepool-org/platform/auth/provider_session.go:62.2,62.19 1 0
github.com/tidepool-org/platform/auth/provider_session.go:62.19,64.3 1 0
github.com/tidepool-org/platform/auth/provider_session.go:65.2,65.68 1 0
github.com/tidepool-org/platform/auth/provider_session.go:74.56,76.2 1 0
github.com/tidepool-org/platform/auth/provider_session.go:78.70,79.46 1 0
github.com/tidepool-org/platform/auth/provider_session.go:79.46,81.3 1 0
github.com/tidepool-org/platform/auth/provider_session.go:82.2,82.46 1 0
github.com/tidepool-org/platform/auth/provider_session.go:82.46,84.3 1 0
github.com/tidepool-org/platform/auth/provider_session.go:85.2,85.99 1 0
github.com/tidepool-org/platform/auth/provider_session.go:85.99,89.3 3 0
github.com/tidepool-org/platform/auth/provider_session.go:92.73,95.16 3 0
github.com/tidepool-org/platform/auth/provider_session.go:96.25,97.88 1 0
github.com/tidepool-org/platform/auth/provider_session.go:97.88,99.4 1 0
github.com/tidepool-org/platform/auth/provider_session.go:99.9,101.4 1 0
github.com/tidepool-org/platform/auth/provider_session.go:109.56,111.2 1 0
github.com/tidepool-org/platform/auth/provider_session.go:113.70,114.99 1 0
github.com/tidepool-org/platform/auth/provider_session.go:114.99,118.3 3 0
github.com/tidepool-org/platform/auth/provider_session.go:121.73,122.25 1 0
github.com/tidepool-org/platform/auth/provider_session.go:122.25,124.3 1 0
github.com/tidepool-org/platform/auth/provider_session.go:127.48,129.2 1 0
github.com/tidepool-org/platform/auth/provider_session.go:131.36,133.2 1 3
github.com/tidepool-org/platform/auth/provider_session.go:135.50,137.2 1 7
github.com/tidepool-org/platform/auth/provider_session.go:139.86,141.2 1 7
github.com/tidepool-org/platform/auth/provider_session.go:143.52,144.17 1 21
github.com/tidepool-org/platform/auth/provider_session.go:144.17,146.3 1 3
github.com/tidepool-org/platform/auth/provider_session.go:146.8,146.60 1 18
github.com/tidepool-org/platform/auth/provider_session.go:146.60,148.3 1 15
github.com/tidepool-org/platform/auth/provider_session.go:149.2,149.12 1 3
github.com/tidepool-org/platform/auth/provider_session.go:152.70,154.2 1 22
github.com/tidepool-org/platform/auth/provider_session.go:160.45,162.2 1 0
github.com/tidepool-org/platform/auth/provider_session.go:164.81,166.2 1 0
github.com/tidepool-org/platform/auth/provider_session.go:168.47,169.17 1 0
github.com/tidepool-org/platform/auth/provider_session.go:169.17,171.3 1 0
github.com/tidepool-org/platform/auth/provider_session.go:171.8,171.69 1 0
github.com/tidepool-org/platform/auth/provider_session.go:171.69,173.3 1 0
github.com/tidepool-org/platform/auth/provider_session.go:174.2,174.12 1 0
github.com/tidepool-org/platform/auth/provider_session.go:187.97,188.18 1 0
github.com/tidepool-org/platform/auth/provider_session.go:188.18,190.3 1 0
github.com/tidepool-org/platform/auth/provider_session.go:191.2,191.19 1 0
github.com/tidepool-org/platform/auth/provider_session.go:191.19,193.3 1 0
github.com/tidepool-org/platform/auth/provider_session.go:193.8,193.73 1 0
github.com/tidepool-org/platform/auth/provider_session.go:193.73,195.3 1 0
github.com/tidepool-org/platform/auth/provider_session.go:197.2,204.8 1 0
github.com/tidepool-org/platform/auth/provider_session.go:207.64,208.44 1 0
github.com/tidepool-org/platform/auth/provider_session.go:208.44,210.3 1 0
github.com/tidepool-org/platform/auth/provider_session.go:211.2,211.48 1 0
github.com/tidepool-org/platform/auth/provider_session.go:211.48,213.3 1 0
github.com/tidepool-org/platform/auth/provider_session.go:214.2,214.46 1 0
github.com/tidepool-org/platform/auth/provider_session.go:214.46,216.3 1 0
github.com/tidepool-org/platform/auth/provider_session.go:217.2,217.46 1 0
github.com/tidepool-org/platform/auth/provider_session.go:217.46,219.3 1 0
github.com/tidepool-org/platform/auth/provider_session.go:220.2,220.99 1 0
github.com/tidepool-org/platform/auth/provider_session.go:220.99,224.3 3 0
github.com/tidepool-org/platform/auth/provider_session.go:225.2,225.69 1 0
github.com/tidepool-org/platform/auth/provider_session.go:225.69,227.3 1 0
github.com/tidepool-org/platform/auth/provider_session.go:228.2,228.64 1 0
github.com/tidepool-org/platform/auth/provider_session.go:231.67,236.16 5 0
github.com/tidepool-org/platform/auth/provider_session.go:237.25,238.88 1 0
github.com/tidepool-org/platform/auth/provider_session.go:238.88,240.4 1 0
github.com/tidepool-org/platform/auth/provider_session.go:240.9,242.4 1 0
github.com/tidepool-org/platform/auth/provider_session.go:244.2,245.92 2 0
github.com/tidepool-org/platform/auth/provider_session.go:248.67,249.43 1 0
github.com/tidepool-org/platform/auth/provider_session.go:249.43,251.3 1 0
github.com/tidepool-org/platform/auth/provider_session.go:252.2,252.41 1 0
github.com/tidepool-org/platform/auth/provider_session.go:257.67,258.36 1 0
github.com/tidepool-org/platform/auth/provider_session.go:258.36,259.59 1 0
github.com/tidepool-org/platform/auth/provider_session.go:259.59,261.4 1 0
github.com/tidepool-org/platform/auth/provider_session.go:263.2,263.12 1 0
github.com/tidepool-org/platform/auth/restricted_token.go:36.56,38.2 1 0
github.com/tidepool-org/platform/auth/restricted_token.go:40.71,41.2 0 0
github.com/tidepool-org/platform/auth/restricted_token.go:43.74,44.2 0 0
github.com/tidepool-org/platform/auth/restricted_token.go:46.72,48.2 1 0
github.com/tidepool-org/platform/auth/restricted_token.go:55.56,59.2 1 0
github.com/tidepool-org/platform/auth/restricted_token.go:61.70,64.2 2 0
github.com/tidepool-org/platform/auth/restricted_token.go:66.73,69.2 2 0
github.com/tidepool-org/platform/auth/restricted_token.go:76.56,78.2 1 0
github.com/tidepool-org/platform/auth/restricted_token.go:80.70,83.2 2 0
github.com/tidepool-org/platform/auth/restricted_token.go:85.73,88.2 2 0
github.com/tidepool-org/platform/auth/restricted_token.go:90.48,92.2 1 0
github.com/tidepool-org/platform/auth/restricted_token.go:94.36,96.2 1 3
github.com/tidepool-org/platform/auth/restricted_token.go:98.50,100.2 1 7
github.com/tidepool-org/platform/auth/restricted_token.go:102.86,104.2 1 7
github.com/tidepool-org/platform/auth/restricted_token.go:106.52,107.17 1 21
github.com/tidepool-org/platform/auth/restricted_token.go:107.17,109.3 1 3
github.com/tidepool-org/platform/auth/restricted_token.go:109.8,109.60 1 18
github.com/tidepool-org/platform/auth/restricted_token.go:109.60,111.3 1 15
github.com/tidepool-org/platform/auth/restricted_token.go:112.2,112.12 1 3
github.com/tidepool-org/platform/auth/restricted_token.go:115.70,117.2 1 22
github.com/tidepool-org/platform/auth/restricted_token.go:130.97,131.18 1 0
github.com/tidepool-org/platform/auth/restricted_token.go:131.18,133.3 1 0
github.com/tidepool-org/platform/auth/restricted_token.go:134.2,134.19 1 0
github.com/tidepool-org/platform/auth/restricted_token.go:134.19,136.3 1 0
github.com/tidepool-org/platform/auth/restricted_token.go:136.8,136.73 1 0
github.com/tidepool-org/platform/auth/restricted_token.go:136.73,138.3 1 0
github.com/tidepool-org/platform/auth/restricted_token.go:140.2,146.34 2 0
github.com/tidepool-org/platform/auth/restricted_token.go:146.34,148.3 1 0
github.com/tidepool-org/platform/auth/restricted_token.go:148.8,150.3 1 0
github.com/tidepool-org/platform/auth/restricted_token.go:152.2,152.29 1 0
github.com/tidepool-org/platform/auth/restricted_token.go:155.64,156.44 1 0
github.com/tidepool-org/platform/auth/restricted_token.go:156.44,158.3 1 0
github.com/tidepool-org/platform/auth/restricted_token.go:159.2,159.48 1 0
github.com/tidepool-org/platform/auth/restricted_token.go:159.48,161.3 1 0
github.com/tidepool-org/platform/auth/restricted_token.go:162.2,163.72 2 0
github.com/tidepool-org/platform/auth/restricted_token.go:163.72,165.3 1 0
github.com/tidepool-org/platform/auth/restricted_token.go:166.2,166.69 1 0
github.com/tidepool-org/platform/auth/restricted_token.go:166.69,168.3 1 0
github.com/tidepool-org/platform/auth/restricted_token.go:169.2,169.64 1 0
github.com/tidepool-org/platform/auth/restricted_token.go:172.67,179.2 6 0
github.com/tidepool-org/platform/auth/restricted_token.go:181.65,182.34 1 0
github.com/tidepool-org/platform/auth/restricted_token.go:182.34,184.3 1 0
github.com/tidepool-org/platform/auth/restricted_token.go:185.2,185.40 1 0
github.com/tidepool-org/platform/auth/restricted_token.go:185.40,187.3 1 0
github.com/tidepool-org/platform/auth/restricted_token.go:188.2,188.20 1 0
github.com/tidepool-org/platform/auth/restricted_token.go:188.20,190.33 2 0
github.com/tidepool-org/platform/auth/restricted_token.go:190.33,191.96 1 0
github.com/tidepool-org/platform/auth/restricted_token.go:191.96,193.5 1 0
github.com/tidepool-org/platform/auth/restricted_token.go:195.3,195.15 1 0
github.com/tidepool-org/platform/auth/restricted_token.go:197.2,197.13 1 0
github.com/tidepool-org/platform/auth/restricted_token.go:200.67,201.77 1 0
github.com/tidepool-org/platform/auth/restricted_token.go:201.77,203.3 1 0
github.com/tidepool-org/platform/auth/restricted_token.go:204.2,204.41 1 0
github.com/tidepool-org/platform/auth/restricted_token.go:209.67,210.36 1 0
github.com/tidepool-org/platform/auth/restricted_token.go:210.36,211.59 1 0
github.com/tidepool-org/platform/auth/restricted_token.go:211.59,213.4 1 0
github.com/tidepool-org/platform/auth/restricted_token.go:215.2,215.12 1 0
github.com/tidepool-org/platform/auth/user.go:12.25,14.2 1 3
github.com/tidepool-org/platform/auth/user.go:16.39,18.2 1 8
github.com/tidepool-org/platform/auth/user.go:20.75,22.2 1 8
github.com/tidepool-org/platform/auth/user.go:24.41,25.17 1 24
github.com/tidepool-org/platform/auth/user.go:25.17,27.3 1 3
github.com/tidepool-org/platform/auth/user.go:27.8,27.45 1 21
github.com/tidepool-org/platform/auth/user.go:27.45,29.3 1 15
github.com/tidepool-org/platform/auth/user.go:30.2,30.12 1 6
github.com/tidepool-org/platform/auth/user.go:33.59,35.2 1 22
