mode: atomic
github.com/tidepool-org/platform/metadata/metadata.go:16.61,17.22 1 5
github.com/tidepool-org/platform/metadata/metadata.go:17.22,19.3 1 1
github.com/tidepool-org/platform/metadata/metadata.go:20.2,22.14 3 4
github.com/tidepool-org/platform/metadata/metadata.go:25.30,27.2 1 253
github.com/tidepool-org/platform/metadata/metadata.go:29.57,30.48 1 5
github.com/tidepool-org/platform/metadata/metadata.go:30.48,31.57 1 9
github.com/tidepool-org/platform/metadata/metadata.go:31.57,33.4 1 9
github.com/tidepool-org/platform/metadata/metadata.go:37.60,38.36 1 212
github.com/tidepool-org/platform/metadata/metadata.go:38.36,40.3 1 2
github.com/tidepool-org/platform/metadata/metadata.go:42.2,42.47 1 212
github.com/tidepool-org/platform/metadata/metadata.go:42.47,44.3 1 1
github.com/tidepool-org/platform/metadata/metadata.go:44.8,44.59 1 211
github.com/tidepool-org/platform/metadata/metadata.go:44.59,46.3 1 1
github.com/tidepool-org/platform/metadata/metadata.go:49.48,51.9 2 2
github.com/tidepool-org/platform/metadata/metadata.go:51.9,53.3 1 1
github.com/tidepool-org/platform/metadata/metadata.go:54.2,54.14 1 1
github.com/tidepool-org/platform/metadata/metadata.go:57.55,59.2 1 3
github.com/tidepool-org/platform/metadata/metadata.go:61.39,63.2 1 1
github.com/tidepool-org/platform/metadata/metadata.go:67.70,68.22 1 2
github.com/tidepool-org/platform/metadata/metadata.go:68.22,70.3 1 1
github.com/tidepool-org/platform/metadata/metadata.go:71.2,73.14 3 1
github.com/tidepool-org/platform/metadata/metadata.go:76.40,78.2 1 24
github.com/tidepool-org/platform/metadata/metadata.go:80.61,81.48 1 4
github.com/tidepool-org/platform/metadata/metadata.go:81.48,83.3 1 3
github.com/tidepool-org/platform/metadata/metadata.go:86.65,87.36 1 8
github.com/tidepool-org/platform/metadata/metadata.go:87.36,89.3 1 2
github.com/tidepool-org/platform/metadata/metadata.go:89.8,89.48 1 6
github.com/tidepool-org/platform/metadata/metadata.go:89.48,91.3 1 1
github.com/tidepool-org/platform/metadata/metadata.go:93.2,93.34 1 8
github.com/tidepool-org/platform/metadata/metadata.go:93.34,94.89 1 205
github.com/tidepool-org/platform/metadata/metadata.go:94.89,96.4 1 204
github.com/tidepool-org/platform/metadata/metadata.go:96.9,98.4 1 1
