mode: atomic
github.com/tidepool-org/platform/version/reporter.go:9.88,10.16 1 9
github.com/tidepool-org/platform/version/reporter.go:10.16,12.3 1 1
github.com/tidepool-org/platform/version/reporter.go:13.2,13.23 1 8
github.com/tidepool-org/platform/version/reporter.go:13.23,15.3 1 1
github.com/tidepool-org/platform/version/reporter.go:16.2,16.22 1 7
github.com/tidepool-org/platform/version/reporter.go:16.22,18.3 1 1
github.com/tidepool-org/platform/version/reporter.go:20.2,24.8 1 6
github.com/tidepool-org/platform/version/reporter.go:33.34,35.2 1 3
github.com/tidepool-org/platform/version/reporter.go:37.41,39.2 1 2
github.com/tidepool-org/platform/version/reporter.go:41.40,43.2 1 2
github.com/tidepool-org/platform/version/reporter.go:45.35,47.2 1 1
github.com/tidepool-org/platform/version/reporter.go:49.34,51.2 1 1
